This is pdfTeX, Version 3.14159265-2.6-1.40.18 (TeX Live 2017/Debian) (preloaded format=pdflatex 2020.10.28)  11 FEB 2022 14:50
entering extended mode
 restricted \write18 enabled.
 %&-line parsing enabled.
**document.tex
(./document.tex
LaTeX2e <2017-04-15>
Babel <3.18> and hyphenation patterns for 84 language(s) loaded.
(/usr/share/texlive/texmf-dist/tex/latex/base/article.cls
Document Class: article 2014/09/29 v1.4h Standard LaTeX document class
(/usr/share/texlive/texmf-dist/tex/latex/base/size11.clo
File: size11.clo 2014/09/29 v1.4h Standard LaTeX file (size option)
)
\c@part=\count79
\c@section=\count80
\c@subsection=\count81
\c@subsubsection=\count82
\c@paragraph=\count83
\c@subparagraph=\count84
\c@figure=\count85
\c@table=\count86
\abovecaptionskip=\skip41
\belowcaptionskip=\skip42
\bibindent=\dimen102
)
(/usr/share/texlive/texmf-dist/tex/latex/a4wide/a4wide.sty
Package: a4wide 1994/08/30

(/usr/share/texlive/texmf-dist/tex/latex/ntgclass/a4.sty
Package: a4 2004/04/15 v1.2g A4 based page layout
))
(/usr/share/texlive/texmf-dist/tex/latex/base/inputenc.sty
Package: inputenc 2015/03/17 v1.2c Input encoding file
\inpenc@prehook=\toks14
\inpenc@posthook=\toks15

(/usr/share/texlive/texmf-dist/tex/latex/base/utf8.def
File: utf8.def 2017/01/28 v1.1t UTF-8 support for inputenc
Now handling font encoding OML ...
... no UTF-8 mapping file for font encoding OML
Now handling font encoding T1 ...
... processing UTF-8 mapping file for font encoding T1

(/usr/share/texlive/texmf-dist/tex/latex/base/t1enc.dfu
File: t1enc.dfu 2017/01/28 v1.1t UTF-8 support for inputenc
   defining Unicode char U+00A0 (decimal 160)
   defining Unicode char U+00A1 (decimal 161)
   defining Unicode char U+00A3 (decimal 163)
   defining Unicode char U+00AB (decimal 171)
   defining Unicode char U+00AD (decimal 173)
   defining Unicode char U+00BB (decimal 187)
   defining Unicode char U+00BF (decimal 191)
   defining Unicode char U+00C0 (decimal 192)
   defining Unicode char U+00C1 (decimal 193)
   defining Unicode char U+00C2 (decimal 194)
   defining Unicode char U+00C3 (decimal 195)
   defining Unicode char U+00C4 (decimal 196)
   defining Unicode char U+00C5 (decimal 197)
   defining Unicode char U+00C6 (decimal 198)
   defining Unicode char U+00C7 (decimal 199)
   defining Unicode char U+00C8 (decimal 200)
   defining Unicode char U+00C9 (decimal 201)
   defining Unicode char U+00CA (decimal 202)
   defining Unicode char U+00CB (decimal 203)
   defining Unicode char U+00CC (decimal 204)
   defining Unicode char U+00CD (decimal 205)
   defining Unicode char U+00CE (decimal 206)
   defining Unicode char U+00CF (decimal 207)
   defining Unicode char U+00D0 (decimal 208)
   defining Unicode char U+00D1 (decimal 209)
   defining Unicode char U+00D2 (decimal 210)
   defining Unicode char U+00D3 (decimal 211)
   defining Unicode char U+00D4 (decimal 212)
   defining Unicode char U+00D5 (decimal 213)
   defining Unicode char U+00D6 (decimal 214)
   defining Unicode char U+00D8 (decimal 216)
   defining Unicode char U+00D9 (decimal 217)
   defining Unicode char U+00DA (decimal 218)
   defining Unicode char U+00DB (decimal 219)
   defining Unicode char U+00DC (decimal 220)
   defining Unicode char U+00DD (decimal 221)
   defining Unicode char U+00DE (decimal 222)
   defining Unicode char U+00DF (decimal 223)
   defining Unicode char U+00E0 (decimal 224)
   defining Unicode char U+00E1 (decimal 225)
   defining Unicode char U+00E2 (decimal 226)
   defining Unicode char U+00E3 (decimal 227)
   defining Unicode char U+00E4 (decimal 228)
   defining Unicode char U+00E5 (decimal 229)
   defining Unicode char U+00E6 (decimal 230)
   defining Unicode char U+00E7 (decimal 231)
   defining Unicode char U+00E8 (decimal 232)
   defining Unicode char U+00E9 (decimal 233)
   defining Unicode char U+00EA (decimal 234)
   defining Unicode char U+00EB (decimal 235)
   defining Unicode char U+00EC (decimal 236)
   defining Unicode char U+00ED (decimal 237)
   defining Unicode char U+00EE (decimal 238)
   defining Unicode char U+00EF (decimal 239)
   defining Unicode char U+00F0 (decimal 240)
   defining Unicode char U+00F1 (decimal 241)
   defining Unicode char U+00F2 (decimal 242)
   defining Unicode char U+00F3 (decimal 243)
   defining Unicode char U+00F4 (decimal 244)
   defining Unicode char U+00F5 (decimal 245)
   defining Unicode char U+00F6 (decimal 246)
   defining Unicode char U+00F8 (decimal 248)
   defining Unicode char U+00F9 (decimal 249)
   defining Unicode char U+00FA (decimal 250)
   defining Unicode char U+00FB (decimal 251)
   defining Unicode char U+00FC (decimal 252)
   defining Unicode char U+00FD (decimal 253)
   defining Unicode char U+00FE (decimal 254)
   defining Unicode char U+00FF (decimal 255)
   defining Unicode char U+0100 (decimal 256)
   defining Unicode char U+0101 (decimal 257)
   defining Unicode char U+0102 (decimal 258)
   defining Unicode char U+0103 (decimal 259)
   defining Unicode char U+0104 (decimal 260)
   defining Unicode char U+0105 (decimal 261)
   defining Unicode char U+0106 (decimal 262)
   defining Unicode char U+0107 (decimal 263)
   defining Unicode char U+0108 (decimal 264)
   defining Unicode char U+0109 (decimal 265)
   defining Unicode char U+010A (decimal 266)
   defining Unicode char U+010B (decimal 267)
   defining Unicode char U+010C (decimal 268)
   defining Unicode char U+010D (decimal 269)
   defining Unicode char U+010E (decimal 270)
   defining Unicode char U+010F (decimal 271)
   defining Unicode char U+0110 (decimal 272)
   defining Unicode char U+0111 (decimal 273)
   defining Unicode char U+0112 (decimal 274)
   defining Unicode char U+0113 (decimal 275)
   defining Unicode char U+0114 (decimal 276)
   defining Unicode char U+0115 (decimal 277)
   defining Unicode char U+0116 (decimal 278)
   defining Unicode char U+0117 (decimal 279)
   defining Unicode char U+0118 (decimal 280)
   defining Unicode char U+0119 (decimal 281)
   defining Unicode char U+011A (decimal 282)
   defining Unicode char U+011B (decimal 283)
   defining Unicode char U+011C (decimal 284)
   defining Unicode char U+011D (decimal 285)
   defining Unicode char U+011E (decimal 286)
   defining Unicode char U+011F (decimal 287)
   defining Unicode char U+0120 (decimal 288)
   defining Unicode char U+0121 (decimal 289)
   defining Unicode char U+0122 (decimal 290)
   defining Unicode char U+0123 (decimal 291)
   defining Unicode char U+0124 (decimal 292)
   defining Unicode char U+0125 (decimal 293)
   defining Unicode char U+0128 (decimal 296)
   defining Unicode char U+0129 (decimal 297)
   defining Unicode char U+012A (decimal 298)
   defining Unicode char U+012B (decimal 299)
   defining Unicode char U+012C (decimal 300)
   defining Unicode char U+012D (decimal 301)
   defining Unicode char U+012E (decimal 302)
   defining Unicode char U+012F (decimal 303)
   defining Unicode char U+0130 (decimal 304)
   defining Unicode char U+0131 (decimal 305)
   defining Unicode char U+0132 (decimal 306)
   defining Unicode char U+0133 (decimal 307)
   defining Unicode char U+0134 (decimal 308)
   defining Unicode char U+0135 (decimal 309)
   defining Unicode char U+0136 (decimal 310)
   defining Unicode char U+0137 (decimal 311)
   defining Unicode char U+0139 (decimal 313)
   defining Unicode char U+013A (decimal 314)
   defining Unicode char U+013B (decimal 315)
   defining Unicode char U+013C (decimal 316)
   defining Unicode char U+013D (decimal 317)
   defining Unicode char U+013E (decimal 318)
   defining Unicode char U+0141 (decimal 321)
   defining Unicode char U+0142 (decimal 322)
   defining Unicode char U+0143 (decimal 323)
   defining Unicode char U+0144 (decimal 324)
   defining Unicode char U+0145 (decimal 325)
   defining Unicode char U+0146 (decimal 326)
   defining Unicode char U+0147 (decimal 327)
   defining Unicode char U+0148 (decimal 328)
   defining Unicode char U+014A (decimal 330)
   defining Unicode char U+014B (decimal 331)
   defining Unicode char U+014C (decimal 332)
   defining Unicode char U+014D (decimal 333)
   defining Unicode char U+014E (decimal 334)
   defining Unicode char U+014F (decimal 335)
   defining Unicode char U+0150 (decimal 336)
   defining Unicode char U+0151 (decimal 337)
   defining Unicode char U+0152 (decimal 338)
   defining Unicode char U+0153 (decimal 339)
   defining Unicode char U+0154 (decimal 340)
   defining Unicode char U+0155 (decimal 341)
   defining Unicode char U+0156 (decimal 342)
   defining Unicode char U+0157 (decimal 343)
   defining Unicode char U+0158 (decimal 344)
   defining Unicode char U+0159 (decimal 345)
   defining Unicode char U+015A (decimal 346)
   defining Unicode char U+015B (decimal 347)
   defining Unicode char U+015C (decimal 348)
   defining Unicode char U+015D (decimal 349)
   defining Unicode char U+015E (decimal 350)
   defining Unicode char U+015F (decimal 351)
   defining Unicode char U+0160 (decimal 352)
   defining Unicode char U+0161 (decimal 353)
   defining Unicode char U+0162 (decimal 354)
   defining Unicode char U+0163 (decimal 355)
   defining Unicode char U+0164 (decimal 356)
   defining Unicode char U+0165 (decimal 357)
   defining Unicode char U+0168 (decimal 360)
   defining Unicode char U+0169 (decimal 361)
   defining Unicode char U+016A (decimal 362)
   defining Unicode char U+016B (decimal 363)
   defining Unicode char U+016C (decimal 364)
   defining Unicode char U+016D (decimal 365)
   defining Unicode char U+016E (decimal 366)
   defining Unicode char U+016F (decimal 367)
   defining Unicode char U+0170 (decimal 368)
   defining Unicode char U+0171 (decimal 369)
   defining Unicode char U+0172 (decimal 370)
   defining Unicode char U+0173 (decimal 371)
   defining Unicode char U+0174 (decimal 372)
   defining Unicode char U+0175 (decimal 373)
   defining Unicode char U+0176 (decimal 374)
   defining Unicode char U+0177 (decimal 375)
   defining Unicode char U+0178 (decimal 376)
   defining Unicode char U+0179 (decimal 377)
   defining Unicode char U+017A (decimal 378)
   defining Unicode char U+017B (decimal 379)
   defining Unicode char U+017C (decimal 380)
   defining Unicode char U+017D (decimal 381)
   defining Unicode char U+017E (decimal 382)
   defining Unicode char U+01CD (decimal 461)
   defining Unicode char U+01CE (decimal 462)
   defining Unicode char U+01CF (decimal 463)
   defining Unicode char U+01D0 (decimal 464)
   defining Unicode char U+01D1 (decimal 465)
   defining Unicode char U+01D2 (decimal 466)
   defining Unicode char U+01D3 (decimal 467)
   defining Unicode char U+01D4 (decimal 468)
   defining Unicode char U+01E2 (decimal 482)
   defining Unicode char U+01E3 (decimal 483)
   defining Unicode char U+01E6 (decimal 486)
   defining Unicode char U+01E7 (decimal 487)
   defining Unicode char U+01E8 (decimal 488)
   defining Unicode char U+01E9 (decimal 489)
   defining Unicode char U+01EA (decimal 490)
   defining Unicode char U+01EB (decimal 491)
   defining Unicode char U+01F0 (decimal 496)
   defining Unicode char U+01F4 (decimal 500)
   defining Unicode char U+01F5 (decimal 501)
   defining Unicode char U+0218 (decimal 536)
   defining Unicode char U+0219 (decimal 537)
   defining Unicode char U+021A (decimal 538)
   defining Unicode char U+021B (decimal 539)
   defining Unicode char U+0232 (decimal 562)
   defining Unicode char U+0233 (decimal 563)
   defining Unicode char U+1E02 (decimal 7682)
   defining Unicode char U+1E03 (decimal 7683)
   defining Unicode char U+200C (decimal 8204)
   defining Unicode char U+2010 (decimal 8208)
   defining Unicode char U+2011 (decimal 8209)
   defining Unicode char U+2012 (decimal 8210)
   defining Unicode char U+2013 (decimal 8211)
   defining Unicode char U+2014 (decimal 8212)
   defining Unicode char U+2015 (decimal 8213)
   defining Unicode char U+2018 (decimal 8216)
   defining Unicode char U+2019 (decimal 8217)
   defining Unicode char U+201A (decimal 8218)
   defining Unicode char U+201C (decimal 8220)
   defining Unicode char U+201D (decimal 8221)
   defining Unicode char U+201E (decimal 8222)
   defining Unicode char U+2030 (decimal 8240)
   defining Unicode char U+2031 (decimal 8241)
   defining Unicode char U+2039 (decimal 8249)
   defining Unicode char U+203A (decimal 8250)
   defining Unicode char U+2423 (decimal 9251)
   defining Unicode char U+1E20 (decimal 7712)
   defining Unicode char U+1E21 (decimal 7713)
)
Now handling font encoding OT1 ...
... processing UTF-8 mapping file for font encoding OT1

(/usr/share/texlive/texmf-dist/tex/latex/base/ot1enc.dfu
File: ot1enc.dfu 2017/01/28 v1.1t UTF-8 support for inputenc
   defining Unicode char U+00A0 (decimal 160)
   defining Unicode char U+00A1 (decimal 161)
   defining Unicode char U+00A3 (decimal 163)
   defining Unicode char U+00AD (decimal 173)
   defining Unicode char U+00B8 (decimal 184)
   defining Unicode char U+00BF (decimal 191)
   defining Unicode char U+00C5 (decimal 197)
   defining Unicode char U+00C6 (decimal 198)
   defining Unicode char U+00D8 (decimal 216)
   defining Unicode char U+00DF (decimal 223)
   defining Unicode char U+00E6 (decimal 230)
   defining Unicode char U+00EC (decimal 236)
   defining Unicode char U+00ED (decimal 237)
   defining Unicode char U+00EE (decimal 238)
   defining Unicode char U+00EF (decimal 239)
   defining Unicode char U+00F8 (decimal 248)
   defining Unicode char U+0131 (decimal 305)
   defining Unicode char U+0141 (decimal 321)
   defining Unicode char U+0142 (decimal 322)
   defining Unicode char U+0152 (decimal 338)
   defining Unicode char U+0153 (decimal 339)
   defining Unicode char U+0174 (decimal 372)
   defining Unicode char U+0175 (decimal 373)
   defining Unicode char U+0176 (decimal 374)
   defining Unicode char U+0177 (decimal 375)
   defining Unicode char U+0218 (decimal 536)
   defining Unicode char U+0219 (decimal 537)
   defining Unicode char U+021A (decimal 538)
   defining Unicode char U+021B (decimal 539)
   defining Unicode char U+2013 (decimal 8211)
   defining Unicode char U+2014 (decimal 8212)
   defining Unicode char U+2018 (decimal 8216)
   defining Unicode char U+2019 (decimal 8217)
   defining Unicode char U+201C (decimal 8220)
   defining Unicode char U+201D (decimal 8221)
)
Now handling font encoding OMS ...
... processing UTF-8 mapping file for font encoding OMS

(/usr/share/texlive/texmf-dist/tex/latex/base/omsenc.dfu
File: omsenc.dfu 2017/01/28 v1.1t UTF-8 support for inputenc
   defining Unicode char U+00A7 (decimal 167)
   defining Unicode char U+00B6 (decimal 182)
   defining Unicode char U+00B7 (decimal 183)
   defining Unicode char U+2020 (decimal 8224)
   defining Unicode char U+2021 (decimal 8225)
   defining Unicode char U+2022 (decimal 8226)
)
Now handling font encoding OMX ...
... no UTF-8 mapping file for font encoding OMX
Now handling font encoding U ...
... no UTF-8 mapping file for font encoding U
   defining Unicode char U+00A9 (decimal 169)
   defining Unicode char U+00AA (decimal 170)
   defining Unicode char U+00AE (decimal 174)
   defining Unicode char U+00BA (decimal 186)
   defining Unicode char U+02C6 (decimal 710)
   defining Unicode char U+02DC (decimal 732)
   defining Unicode char U+200C (decimal 8204)
   defining Unicode char U+2026 (decimal 8230)
   defining Unicode char U+2122 (decimal 8482)
   defining Unicode char U+2423 (decimal 9251)
))
(/usr/share/texlive/texmf-dist/tex/generic/babel/babel.sty
Package: babel 2018/02/14 3.18 The Babel package

(/usr/share/texlive/texmf-dist/tex/generic/babel/switch.def
File: switch.def 2018/02/14 3.18 Babel switching mechanism
)
(/usr/share/texlive/texmf-dist/tex/generic/babel-russian/russianb.ldf
Language: russian 2017/08/12 1.3j Russian support for the Babel system

(/usr/share/texlive/texmf-dist/tex/generic/babel/babel.def
File: babel.def 2018/02/14 3.18 Babel common definitions
\babel@savecnt=\count87
\U@D=\dimen103

(/usr/share/texlive/texmf-dist/tex/generic/babel/txtbabel.def)
\bbl@dirlevel=\count88
)

Package babel Warning: No Cyrillic font encoding has been loaded so far.
(babel)                A font encoding should be declared before babel.
(babel)                Default `T2A' encoding will be loaded  on input line 74.


(/usr/share/texlive/texmf-dist/tex/latex/cyrillic/t2aenc.def
File: t2aenc.def 2005/09/27 v1.0i Cyrillic encoding definition file
Now handling font encoding T2A ...
... processing UTF-8 mapping file for font encoding T2A

(/usr/share/texlive/texmf-dist/tex/latex/base/t2aenc.dfu
File: t2aenc.dfu 2017/01/28 v1.1t UTF-8 support for inputenc
   defining Unicode char U+00A4 (decimal 164)
   defining Unicode char U+00A7 (decimal 167)
   defining Unicode char U+00AB (decimal 171)
   defining Unicode char U+00BB (decimal 187)
   defining Unicode char U+0131 (decimal 305)
   defining Unicode char U+0400 (decimal 1024)
   defining Unicode char U+0401 (decimal 1025)
   defining Unicode char U+0402 (decimal 1026)
   defining Unicode char U+0403 (decimal 1027)
   defining Unicode char U+0404 (decimal 1028)
   defining Unicode char U+0405 (decimal 1029)
   defining Unicode char U+0406 (decimal 1030)
   defining Unicode char U+0407 (decimal 1031)
   defining Unicode char U+0408 (decimal 1032)
   defining Unicode char U+0409 (decimal 1033)
   defining Unicode char U+040A (decimal 1034)
   defining Unicode char U+040B (decimal 1035)
   defining Unicode char U+040C (decimal 1036)
   defining Unicode char U+040D (decimal 1037)
   defining Unicode char U+040E (decimal 1038)
   defining Unicode char U+040F (decimal 1039)
   defining Unicode char U+0410 (decimal 1040)
   defining Unicode char U+0411 (decimal 1041)
   defining Unicode char U+0412 (decimal 1042)
   defining Unicode char U+0413 (decimal 1043)
   defining Unicode char U+0414 (decimal 1044)
   defining Unicode char U+0415 (decimal 1045)
   defining Unicode char U+0416 (decimal 1046)
   defining Unicode char U+0417 (decimal 1047)
   defining Unicode char U+0418 (decimal 1048)
   defining Unicode char U+0419 (decimal 1049)
   defining Unicode char U+041A (decimal 1050)
   defining Unicode char U+041B (decimal 1051)
   defining Unicode char U+041C (decimal 1052)
   defining Unicode char U+041D (decimal 1053)
   defining Unicode char U+041E (decimal 1054)
   defining Unicode char U+041F (decimal 1055)
   defining Unicode char U+0420 (decimal 1056)
   defining Unicode char U+0421 (decimal 1057)
   defining Unicode char U+0422 (decimal 1058)
   defining Unicode char U+0423 (decimal 1059)
   defining Unicode char U+0424 (decimal 1060)
   defining Unicode char U+0425 (decimal 1061)
   defining Unicode char U+0426 (decimal 1062)
   defining Unicode char U+0427 (decimal 1063)
   defining Unicode char U+0428 (decimal 1064)
   defining Unicode char U+0429 (decimal 1065)
   defining Unicode char U+042A (decimal 1066)
   defining Unicode char U+042B (decimal 1067)
   defining Unicode char U+042C (decimal 1068)
   defining Unicode char U+042D (decimal 1069)
   defining Unicode char U+042E (decimal 1070)
   defining Unicode char U+042F (decimal 1071)
   defining Unicode char U+0430 (decimal 1072)
   defining Unicode char U+0431 (decimal 1073)
   defining Unicode char U+0432 (decimal 1074)
   defining Unicode char U+0433 (decimal 1075)
   defining Unicode char U+0434 (decimal 1076)
   defining Unicode char U+0435 (decimal 1077)
   defining Unicode char U+0436 (decimal 1078)
   defining Unicode char U+0437 (decimal 1079)
   defining Unicode char U+0438 (decimal 1080)
   defining Unicode char U+0439 (decimal 1081)
   defining Unicode char U+043A (decimal 1082)
   defining Unicode char U+043B (decimal 1083)
   defining Unicode char U+043C (decimal 1084)
   defining Unicode char U+043D (decimal 1085)
   defining Unicode char U+043E (decimal 1086)
   defining Unicode char U+043F (decimal 1087)
   defining Unicode char U+0440 (decimal 1088)
   defining Unicode char U+0441 (decimal 1089)
   defining Unicode char U+0442 (decimal 1090)
   defining Unicode char U+0443 (decimal 1091)
   defining Unicode char U+0444 (decimal 1092)
   defining Unicode char U+0445 (decimal 1093)
   defining Unicode char U+0446 (decimal 1094)
   defining Unicode char U+0447 (decimal 1095)
   defining Unicode char U+0448 (decimal 1096)
   defining Unicode char U+0449 (decimal 1097)
   defining Unicode char U+044A (decimal 1098)
   defining Unicode char U+044B (decimal 1099)
   defining Unicode char U+044C (decimal 1100)
   defining Unicode char U+044D (decimal 1101)
   defining Unicode char U+044E (decimal 1102)
   defining Unicode char U+044F (decimal 1103)
   defining Unicode char U+0450 (decimal 1104)
   defining Unicode char U+0451 (decimal 1105)
   defining Unicode char U+0452 (decimal 1106)
   defining Unicode char U+0453 (decimal 1107)
   defining Unicode char U+0454 (decimal 1108)
   defining Unicode char U+0455 (decimal 1109)
   defining Unicode char U+0456 (decimal 1110)
   defining Unicode char U+0457 (decimal 1111)
   defining Unicode char U+0458 (decimal 1112)
   defining Unicode char U+0459 (decimal 1113)
   defining Unicode char U+045A (decimal 1114)
   defining Unicode char U+045B (decimal 1115)
   defining Unicode char U+045C (decimal 1116)
   defining Unicode char U+045D (decimal 1117)
   defining Unicode char U+045E (decimal 1118)
   defining Unicode char U+045F (decimal 1119)
   defining Unicode char U+0490 (decimal 1168)
   defining Unicode char U+0491 (decimal 1169)
   defining Unicode char U+0492 (decimal 1170)
   defining Unicode char U+0493 (decimal 1171)
   defining Unicode char U+0496 (decimal 1174)
   defining Unicode char U+0497 (decimal 1175)
   defining Unicode char U+0498 (decimal 1176)
   defining Unicode char U+0499 (decimal 1177)
   defining Unicode char U+049A (decimal 1178)
   defining Unicode char U+049B (decimal 1179)
   defining Unicode char U+049C (decimal 1180)
   defining Unicode char U+049D (decimal 1181)
   defining Unicode char U+04A0 (decimal 1184)
   defining Unicode char U+04A1 (decimal 1185)
   defining Unicode char U+04A2 (decimal 1186)
   defining Unicode char U+04A3 (decimal 1187)
   defining Unicode char U+04A4 (decimal 1188)
   defining Unicode char U+04A5 (decimal 1189)
   defining Unicode char U+04AA (decimal 1194)
   defining Unicode char U+04AB (decimal 1195)
   defining Unicode char U+04AE (decimal 1198)
   defining Unicode char U+04AF (decimal 1199)
   defining Unicode char U+04B0 (decimal 1200)
   defining Unicode char U+04B1 (decimal 1201)
   defining Unicode char U+04B2 (decimal 1202)
   defining Unicode char U+04B3 (decimal 1203)
   defining Unicode char U+04B6 (decimal 1206)
   defining Unicode char U+04B7 (decimal 1207)
   defining Unicode char U+04B8 (decimal 1208)
   defining Unicode char U+04B9 (decimal 1209)
   defining Unicode char U+04BA (decimal 1210)
   defining Unicode char U+04BB (decimal 1211)
   defining Unicode char U+04C0 (decimal 1216)
   defining Unicode char U+04C1 (decimal 1217)
   defining Unicode char U+04C2 (decimal 1218)
   defining Unicode char U+04D0 (decimal 1232)
   defining Unicode char U+04D1 (decimal 1233)
   defining Unicode char U+04D2 (decimal 1234)
   defining Unicode char U+04D3 (decimal 1235)
   defining Unicode char U+04D4 (decimal 1236)
   defining Unicode char U+04D5 (decimal 1237)
   defining Unicode char U+04D6 (decimal 1238)
   defining Unicode char U+04D7 (decimal 1239)
   defining Unicode char U+04D8 (decimal 1240)
   defining Unicode char U+04D9 (decimal 1241)
   defining Unicode char U+04DA (decimal 1242)
   defining Unicode char U+04DB (decimal 1243)
   defining Unicode char U+04DC (decimal 1244)
   defining Unicode char U+04DD (decimal 1245)
   defining Unicode char U+04DE (decimal 1246)
   defining Unicode char U+04DF (decimal 1247)
   defining Unicode char U+04E2 (decimal 1250)
   defining Unicode char U+04E3 (decimal 1251)
   defining Unicode char U+04E4 (decimal 1252)
   defining Unicode char U+04E5 (decimal 1253)
   defining Unicode char U+04E6 (decimal 1254)
   defining Unicode char U+04E7 (decimal 1255)
   defining Unicode char U+04E8 (decimal 1256)
   defining Unicode char U+04E9 (decimal 1257)
   defining Unicode char U+04EC (decimal 1260)
   defining Unicode char U+04ED (decimal 1261)
   defining Unicode char U+04EE (decimal 1262)
   defining Unicode char U+04EF (decimal 1263)
   defining Unicode char U+04F0 (decimal 1264)
   defining Unicode char U+04F1 (decimal 1265)
   defining Unicode char U+04F2 (decimal 1266)
   defining Unicode char U+04F3 (decimal 1267)
   defining Unicode char U+04F4 (decimal 1268)
   defining Unicode char U+04F5 (decimal 1269)
   defining Unicode char U+04F8 (decimal 1272)
   defining Unicode char U+04F9 (decimal 1273)
   defining Unicode char U+200C (decimal 8204)
   defining Unicode char U+2013 (decimal 8211)
   defining Unicode char U+2014 (decimal 8212)
   defining Unicode char U+2018 (decimal 8216)
   defining Unicode char U+2019 (decimal 8217)
   defining Unicode char U+201C (decimal 8220)
   defining Unicode char U+201D (decimal 8221)
   defining Unicode char U+201E (decimal 8222)
   defining Unicode char U+2030 (decimal 8240)
   defining Unicode char U+2031 (decimal 8241)
   defining Unicode char U+2116 (decimal 8470)
   defining Unicode char U+2329 (decimal 9001)
   defining Unicode char U+232A (decimal 9002)
   defining Unicode char U+2423 (decimal 9251)
))
Package babel Info: Making " an active character on input line 120.
Package babel Info: Default for \cyrdash is provided on input line 157.
))
(/usr/share/texlive/texmf-dist/tex/latex/graphics/graphicx.sty
Package: graphicx 2017/06/01 v1.1a Enhanced LaTeX Graphics (DPC,SPQR)

(/usr/share/texlive/texmf-dist/tex/latex/graphics/keyval.sty
Package: keyval 2014/10/28 v1.15 key=value parser (DPC)
\KV@toks@=\toks16
)
(/usr/share/texlive/texmf-dist/tex/latex/graphics/graphics.sty
Package: graphics 2017/06/25 v1.2c Standard LaTeX Graphics (DPC,SPQR)

(/usr/share/texlive/texmf-dist/tex/latex/graphics/trig.sty
Package: trig 2016/01/03 v1.10 sin cos tan (DPC)
)
(/usr/share/texlive/texmf-dist/tex/latex/graphics-cfg/graphics.cfg
File: graphics.cfg 2016/06/04 v1.11 sample graphics configuration
)
Package graphics Info: Driver file: pdftex.def on input line 99.

(/usr/share/texlive/texmf-dist/tex/latex/graphics-def/pdftex.def
File: pdftex.def 2018/01/08 v1.0l Graphics/color driver for pdftex
))
\Gin@req@height=\dimen104
\Gin@req@width=\dimen105
)
(/usr/share/texlive/texmf-dist/tex/latex/amsmath/amsmath.sty
Package: amsmath 2017/09/02 v2.17a AMS math features
\@mathmargin=\skip43

For additional information on amsmath, use the `?' option.
(/usr/share/texlive/texmf-dist/tex/latex/amsmath/amstext.sty
Package: amstext 2000/06/29 v2.01 AMS text

(/usr/share/texlive/texmf-dist/tex/latex/amsmath/amsgen.sty
File: amsgen.sty 1999/11/30 v2.0 generic functions
\@emptytoks=\toks17
\ex@=\dimen106
))
(/usr/share/texlive/texmf-dist/tex/latex/amsmath/amsbsy.sty
Package: amsbsy 1999/11/29 v1.2d Bold Symbols
\pmbraise@=\dimen107
)
(/usr/share/texlive/texmf-dist/tex/latex/amsmath/amsopn.sty
Package: amsopn 2016/03/08 v2.02 operator names
)
\inf@bad=\count89
LaTeX Info: Redefining \frac on input line 213.
\uproot@=\count90
\leftroot@=\count91
LaTeX Info: Redefining \overline on input line 375.
\classnum@=\count92
\DOTSCASE@=\count93
LaTeX Info: Redefining \ldots on input line 472.
LaTeX Info: Redefining \dots on input line 475.
LaTeX Info: Redefining \cdots on input line 596.
\Mathstrutbox@=\box26
\strutbox@=\box27
\big@size=\dimen108
LaTeX Font Info:    Redeclaring font encoding OML on input line 712.
LaTeX Font Info:    Redeclaring font encoding OMS on input line 713.
\macc@depth=\count94
\c@MaxMatrixCols=\count95
\dotsspace@=\muskip10
\c@parentequation=\count96
\dspbrk@lvl=\count97
\tag@help=\toks18
\row@=\count98
\column@=\count99
\maxfields@=\count100
\andhelp@=\toks19
\eqnshift@=\dimen109
\alignsep@=\dimen110
\tagshift@=\dimen111
\tagwidth@=\dimen112
\totwidth@=\dimen113
\lineht@=\dimen114
\@envbody=\toks20
\multlinegap=\skip44
\multlinetaggap=\skip45
\mathdisplay@stack=\toks21
LaTeX Info: Redefining \[ on input line 2817.
LaTeX Info: Redefining \] on input line 2818.
)
(/usr/share/texlive/texmf-dist/tex/latex/amscls/amsthm.sty
Package: amsthm 2017/10/31 v2.20.4
\thm@style=\toks22
\thm@bodyfont=\toks23
\thm@headfont=\toks24
\thm@notefont=\toks25
\thm@headpunct=\toks26
\thm@preskip=\skip46
\thm@postskip=\skip47
\thm@headsep=\skip48
\dth@everypar=\toks27
)
(/usr/share/texlive/texmf-dist/tex/latex/amsfonts/amsfonts.sty
Package: amsfonts 2013/01/14 v3.01 Basic AMSFonts support
\symAMSa=\mathgroup4
\symAMSb=\mathgroup5
LaTeX Font Info:    Overwriting math alphabet `\mathfrak' in version `bold'
(Font)                  U/euf/m/n --> U/euf/b/n on input line 106.
)
(/usr/share/texlive/texmf-dist/tex/latex/amsfonts/amssymb.sty
Package: amssymb 2013/01/14 v3.01 AMS font symbols
)
(/usr/share/texlive/texmf-dist/tex/latex/caption/subcaption.sty
Package: subcaption 2016/05/22 v1.1-161 Sub-captions (AR)

(/usr/share/texlive/texmf-dist/tex/latex/caption/caption.sty
Package: caption 2016/02/21 v3.3-144 Customizing captions (AR)

(/usr/share/texlive/texmf-dist/tex/latex/caption/caption3.sty
Package: caption3 2016/05/22 v1.7-166 caption3 kernel (AR)
Package caption3 Info: TeX engine: e-TeX on input line 67.
\captionmargin=\dimen115
\captionmargin@=\dimen116
\captionwidth=\dimen117
\caption@tempdima=\dimen118
\caption@indent=\dimen119
\caption@parindent=\dimen120
\caption@hangindent=\dimen121
)
\c@ContinuedFloat=\count101
)
\c@subfigure=\count102
\c@subtable=\count103
)
(/usr/share/texlive/texmf-dist/tex/latex/was/upgreek.sty
Package: upgreek 2003/02/12 v2.0 (WaS)
Package upgreek Info: Using Euler Roman for upright Greek on input line 31.
\symugrf@m=\mathgroup6
LaTeX Font Info:    Overwriting symbol font `ugrf@m' in version `bold'
(Font)                  U/eur/m/n --> U/eur/b/n on input line 38.
)
(/usr/share/texlive/texmf-dist/tex/latex/doublestroke/dsfont.sty
Package: dsfont 1995/08/01 v0.1 Double stroke roman fonts
)
(./document.aux
LaTeX Font Info:    Try loading font information for T2A+cmr on input line 3.
 (/usr/share/texlive/texmf-dist/tex/latex/cyrillic/t2acmr.fd
File: t2acmr.fd 2001/08/11 v1.0a Computer Modern Cyrillic font definitions
))
\openout1 = `document.aux'.

LaTeX Font Info:    Checking defaults for OML/cmm/m/it on input line 14.
LaTeX Font Info:    ... okay on input line 14.
LaTeX Font Info:    Checking defaults for T1/cmr/m/n on input line 14.
LaTeX Font Info:    ... okay on input line 14.
LaTeX Font Info:    Checking defaults for OT1/cmr/m/n on input line 14.
LaTeX Font Info:    ... okay on input line 14.
LaTeX Font Info:    Checking defaults for OMS/cmsy/m/n on input line 14.
LaTeX Font Info:    ... okay on input line 14.
LaTeX Font Info:    Checking defaults for OMX/cmex/m/n on input line 14.
LaTeX Font Info:    ... okay on input line 14.
LaTeX Font Info:    Checking defaults for U/cmr/m/n on input line 14.
LaTeX Font Info:    ... okay on input line 14.
LaTeX Font Info:    Checking defaults for T2A/cmr/m/n on input line 14.
LaTeX Font Info:    ... okay on input line 14.

(/usr/share/texlive/texmf-dist/tex/context/base/mkii/supp-pdf.mkii
[Loading MPS to PDF converter (version 2006.09.02).]
\scratchcounter=\count104
\scratchdimen=\dimen122
\scratchbox=\box28
\nofMPsegments=\count105
\nofMParguments=\count106
\everyMPshowfont=\toks28
\MPscratchCnt=\count107
\MPscratchDim=\dimen123
\MPnumerator=\count108
\makeMPintoPDFobject=\count109
\everyMPtoPDFconversion=\toks29
) (/usr/share/texlive/texmf-dist/tex/latex/oberdiek/epstopdf-base.sty
Package: epstopdf-base 2016/05/15 v2.6 Base part for package epstopdf

(/usr/share/texlive/texmf-dist/tex/generic/oberdiek/infwarerr.sty
Package: infwarerr 2016/05/16 v1.4 Providing info/warning/error messages (HO)
)
(/usr/share/texlive/texmf-dist/tex/latex/oberdiek/grfext.sty
Package: grfext 2016/05/16 v1.2 Manage graphics extensions (HO)

(/usr/share/texlive/texmf-dist/tex/generic/oberdiek/kvdefinekeys.sty
Package: kvdefinekeys 2016/05/16 v1.4 Define keys (HO)

(/usr/share/texlive/texmf-dist/tex/generic/oberdiek/ltxcmds.sty
Package: ltxcmds 2016/05/16 v1.23 LaTeX kernel commands for general use (HO)
)))
(/usr/share/texlive/texmf-dist/tex/latex/oberdiek/kvoptions.sty
Package: kvoptions 2016/05/16 v3.12 Key value format for package options (HO)

(/usr/share/texlive/texmf-dist/tex/generic/oberdiek/kvsetkeys.sty
Package: kvsetkeys 2016/05/16 v1.17 Key value parser (HO)

(/usr/share/texlive/texmf-dist/tex/generic/oberdiek/etexcmds.sty
Package: etexcmds 2016/05/16 v1.6 Avoid name clashes with e-TeX commands (HO)

(/usr/share/texlive/texmf-dist/tex/generic/oberdiek/ifluatex.sty
Package: ifluatex 2016/05/16 v1.4 Provides the ifluatex switch (HO)
Package ifluatex Info: LuaTeX not detected.
)
Package etexcmds Info: Could not find \expanded.
(etexcmds)             That can mean that you are not using pdfTeX 1.50 or
(etexcmds)             that some package has redefined \expanded.
(etexcmds)             In the latter case, load this package earlier.
)))
(/usr/share/texlive/texmf-dist/tex/generic/oberdiek/pdftexcmds.sty
Package: pdftexcmds 2018/01/21 v0.26 Utility functions of pdfTeX for LuaTeX (HO
)

(/usr/share/texlive/texmf-dist/tex/generic/oberdiek/ifpdf.sty
Package: ifpdf 2017/03/15 v3.2 Provides the ifpdf switch
)
Package pdftexcmds Info: LuaTeX not detected.
Package pdftexcmds Info: \pdf@primitive is available.
Package pdftexcmds Info: \pdf@ifprimitive is available.
Package pdftexcmds Info: \pdfdraftmode found.
)
Package epstopdf-base Info: Redefining graphics rule for `.eps' on input line 4
38.
Package grfext Info: Graphics extension search list:
(grfext)             [.pdf,.png,.jpg,.mps,.jpeg,.jbig2,.jb2,.PDF,.PNG,.JPG,.JPE
G,.JBIG2,.JB2,.eps]
(grfext)             \AppendGraphicsExtensions on input line 456.

(/usr/share/texlive/texmf-dist/tex/latex/latexconfig/epstopdf-sys.cfg
File: epstopdf-sys.cfg 2010/07/13 v1.3 Configuration of (r)epstopdf for TeX Liv
e
))
Package caption Info: Begin \AtBeginDocument code.
Package caption Info: End \AtBeginDocument code.
\c@theorem=\count110
\c@opr=\count111
\c@utv=\count112
Package epstopdf Info: Source file: <msu.eps>
(epstopdf)                    date: 2020-12-04 23:32:07
(epstopdf)                    size: 29500 bytes
(epstopdf)             Output file: <msu-eps-converted-to.pdf>
(epstopdf)                    date: 2021-10-06 14:22:23
(epstopdf)                    size: 5465 bytes
(epstopdf)             Command: <repstopdf --outfile=msu-eps-converted-to.pdf m
su.eps>
(epstopdf)             \includegraphics on input line 23.
Package epstopdf Info: Output file is already uptodate.


pdfTeX warning: /usr/bin/pdflatex (file ./msu-eps-converted-to.pdf): PDF inclus
ion: found PDF version <1.7>, but at most version <1.5> allowed
<msu-eps-converted-to.pdf, id=1, 187.70125pt x 101.37875pt>
File: msu-eps-converted-to.pdf Graphic file (type pdf)
<use msu-eps-converted-to.pdf>
Package pdftex.def Info: msu-eps-converted-to.pdf  used on input line 23.
(pdftex.def)             Requested size: 221.32687pt x 119.54852pt.
[1

{/var/lib/texmf/fonts/map/pdftex/updmap/pdftex.map} <./msu-eps-converted-to.pdf
>] (./document.toc
LaTeX Font Info:    Try loading font information for U+msa on input line 3.
 (/usr/share/texlive/texmf-dist/tex/latex/amsfonts/umsa.fd
File: umsa.fd 2013/01/14 v3.01 AMS symbols A
)
LaTeX Font Info:    Try loading font information for U+msb on input line 3.
(/usr/share/texlive/texmf-dist/tex/latex/amsfonts/umsb.fd
File: umsb.fd 2013/01/14 v3.01 AMS symbols B
)
Overfull \hbox (5.33565pt too wide) in paragraph at lines 35--35
 [][] []\T2A/cmr/m/n/10.95 Закон боль-ших чи-сел(ЗБЧ) и цен-траль-ная пре-дель-
ная тео-ре-ма(ЦПТ) 
 []

[2])
\tf@toc=\write3
\openout3 = `document.toc'.

 [3]
Overfull \hbox (0.74098pt too wide) in paragraph at lines 63--64
[]\T2A/cmr/m/n/10.95 Реализовать ге-не-ра-тор гео-мет-ри-че-ско-го рас-пре-де-л
е-ния. Про-ве-рить для дан-но-го рас-
 []

LaTeX Font Info:    Try loading font information for U+dsrom on input line 91.
(/usr/share/texlive/texmf-dist/tex/latex/doublestroke/Udsrom.fd
File: Udsrom.fd 1995/08/01 v0.1 Double stroke roman font definitions
)
LaTeX Font Info:    Try loading font information for OMS+cmr on input line 93.

(/usr/share/texlive/texmf-dist/tex/latex/base/omscmr.fd
File: omscmr.fd 2014/09/29 v2.5h Standard LaTeX font definitions
)
LaTeX Font Info:    Font shape `OMS/cmr/m/n' in size <10.95> not available
(Font)              Font shape `OMS/cmsy/m/n' tried instead on input line 93.
 [4]
Overfull \hbox (23.43051pt too wide) detected at line 109
\U/msb/m/n/10.95 P\OT1/cmr/m/n/10.95 (\OML/cmm/m/it/10.95 Y > m \OT1/cmr/m/n/10
.95 + \OML/cmm/m/it/10.95 n\OMS/cmsy/m/n/10.95 j\OML/cmm/m/it/10.95 Y \U/msa/m/
n/10.95 > \OML/cmm/m/it/10.95 m\OT1/cmr/m/n/10.95 ) = [] = [] = [] = (1 \OMS/cm
sy/m/n/10.95 ^^@ \OML/cmm/m/it/10.95 p\OT1/cmr/m/n/10.95 )[] =
 []

[5]
Underfull \hbox (badness 10000) in paragraph at lines 131--133

 []

Package epstopdf Info: Source file: <1_1.eps>
(epstopdf)                    date: 2022-02-09 13:51:20
(epstopdf)                    size: 21866 bytes
(epstopdf)             Output file: <1_1-eps-converted-to.pdf>
(epstopdf)                    date: 2022-02-09 13:55:51
(epstopdf)                    size: 10979 bytes
(epstopdf)             Command: <repstopdf --outfile=1_1-eps-converted-to.pdf 1
_1.eps>
(epstopdf)             \includegraphics on input line 137.
Package epstopdf Info: Output file is already uptodate.


pdfTeX warning: /usr/bin/pdflatex (file ./1_1-eps-converted-to.pdf): PDF inclus
ion: found PDF version <1.7>, but at most version <1.5> allowed
<1_1-eps-converted-to.pdf, id=46, 433.62pt x 289.08pt>
File: 1_1-eps-converted-to.pdf Graphic file (type pdf)
<use 1_1-eps-converted-to.pdf>
Package pdftex.def Info: 1_1-eps-converted-to.pdf  used on input line 137.
(pdftex.def)             Requested size: 309.85626pt x 206.58035pt.
Package epstopdf Info: Source file: <1_2.eps>
(epstopdf)                    date: 2022-02-09 13:51:46
(epstopdf)                    size: 26775 bytes
(epstopdf)             Output file: <1_2-eps-converted-to.pdf>
(epstopdf)                    date: 2022-02-09 13:55:51
(epstopdf)                    size: 11682 bytes
(epstopdf)             Command: <repstopdf --outfile=1_2-eps-converted-to.pdf 1
_2.eps>
(epstopdf)             \includegraphics on input line 141.
Package epstopdf Info: Output file is already uptodate.


pdfTeX warning: /usr/bin/pdflatex (file ./1_2-eps-converted-to.pdf): PDF inclus
ion: found PDF version <1.7>, but at most version <1.5> allowed
<1_2-eps-converted-to.pdf, id=47, 433.62pt x 289.08pt>
File: 1_2-eps-converted-to.pdf Graphic file (type pdf)
<use 1_2-eps-converted-to.pdf>
Package pdftex.def Info: 1_2-eps-converted-to.pdf  used on input line 141.
(pdftex.def)             Requested size: 309.85626pt x 206.58035pt.
[6 <./1_1-eps-converted-to.pdf>]
<1_3.pdf, id=76, 433.62pt x 289.08pt>
File: 1_3.pdf Graphic file (type pdf)
<use 1_3.pdf>
Package pdftex.def Info: 1_3.pdf  used on input line 145.
(pdftex.def)             Requested size: 309.85626pt x 206.58035pt.
Package epstopdf Info: Source file: <1_4.eps>
(epstopdf)                    date: 2022-02-02 14:12:17
(epstopdf)                    size: 34348 bytes
(epstopdf)             Output file: <1_4-eps-converted-to.pdf>
(epstopdf)                    date: 2022-02-02 14:12:43
(epstopdf)                    size: 18110 bytes
(epstopdf)             Command: <repstopdf --outfile=1_4-eps-converted-to.pdf 1
_4.eps>
(epstopdf)             \includegraphics on input line 149.
Package epstopdf Info: Output file is already uptodate.


pdfTeX warning: /usr/bin/pdflatex (file ./1_4-eps-converted-to.pdf): PDF inclus
ion: found PDF version <1.7>, but at most version <1.5> allowed
<1_4-eps-converted-to.pdf, id=77, 433.62pt x 289.08pt>
File: 1_4-eps-converted-to.pdf Graphic file (type pdf)
<use 1_4-eps-converted-to.pdf>
Package pdftex.def Info: 1_4-eps-converted-to.pdf  used on input line 149.
(pdftex.def)             Requested size: 309.85626pt x 206.58035pt.
[7 <./1_2-eps-converted-to.pdf> <./1_3.pdf>] [8 <./1_4-eps-converted-to.pdf>]
Underfull \hbox (badness 10000) in paragraph at lines 180--183

 []

[9] [10]

LaTeX Warning: `h' float specifier changed to `ht'.

[11]
<2_2.pdf, id=189, 433.62pt x 289.08pt>
File: 2_2.pdf Graphic file (type pdf)
<use 2_2.pdf>
Package pdftex.def Info: 2_2.pdf  used on input line 264.
(pdftex.def)             Requested size: 309.85626pt x 206.58035pt.
<2_1.pdf, id=190, 433.62pt x 289.08pt>
File: 2_1.pdf Graphic file (type pdf)
<use 2_1.pdf>
Package pdftex.def Info: 2_1.pdf  used on input line 268.
(pdftex.def)             Requested size: 309.85626pt x 206.58035pt.
 [12 <./2_2.pdf>]
<2_3.pdf, id=214, 433.62pt x 289.08pt>
File: 2_3.pdf Graphic file (type pdf)
<use 2_3.pdf>
Package pdftex.def Info: 2_3.pdf  used on input line 272.
(pdftex.def)             Requested size: 309.85626pt x 206.58035pt.
<2_4.pdf, id=215, 433.62pt x 289.08pt>
File: 2_4.pdf Graphic file (type pdf)
<use 2_4.pdf>
Package pdftex.def Info: 2_4.pdf  used on input line 276.
(pdftex.def)             Requested size: 309.85626pt x 206.58035pt.
 [13 <./2_1.pdf> <./2_3.pdf

pdfTeX warning: /usr/bin/pdflatex (file ./2_3.pdf): PDF inclusion: multiple pdf
s with page group included in a single page
>]
Package epstopdf Info: Source file: <2_5.eps>
(epstopdf)                    date: 2022-02-10 13:13:05
(epstopdf)                    size: 88534 bytes
(epstopdf)             Output file: <2_5-eps-converted-to.pdf>
(epstopdf)                    date: 2022-02-10 22:43:32
(epstopdf)                    size: 26633 bytes
(epstopdf)             Command: <repstopdf --outfile=2_5-eps-converted-to.pdf 2
_5.eps>
(epstopdf)             \includegraphics on input line 280.
Package epstopdf Info: Output file is already uptodate.


pdfTeX warning: /usr/bin/pdflatex (file ./2_5-eps-converted-to.pdf): PDF inclus
ion: found PDF version <1.7>, but at most version <1.5> allowed
<2_5-eps-converted-to.pdf, id=259, 433.62pt x 289.08pt>
File: 2_5-eps-converted-to.pdf Graphic file (type pdf)
<use 2_5-eps-converted-to.pdf>
Package pdftex.def Info: 2_5-eps-converted-to.pdf  used on input line 280.
(pdftex.def)             Requested size: 309.85626pt x 206.58035pt.
Package epstopdf Info: Source file: <2_6.eps>
(epstopdf)                    date: 2022-02-02 16:07:25
(epstopdf)                    size: 50438 bytes
(epstopdf)             Output file: <2_6-eps-converted-to.pdf>
(epstopdf)                    date: 2022-02-02 16:08:17
(epstopdf)                    size: 15543 bytes
(epstopdf)             Command: <repstopdf --outfile=2_6-eps-converted-to.pdf 2
_6.eps>
(epstopdf)             \includegraphics on input line 284.
Package epstopdf Info: Output file is already uptodate.


pdfTeX warning: /usr/bin/pdflatex (file ./2_6-eps-converted-to.pdf): PDF inclus
ion: found PDF version <1.7>, but at most version <1.5> allowed
<2_6-eps-converted-to.pdf, id=260, 433.62pt x 289.08pt>
File: 2_6-eps-converted-to.pdf Graphic file (type pdf)
<use 2_6-eps-converted-to.pdf>
Package pdftex.def Info: 2_6-eps-converted-to.pdf  used on input line 284.
(pdftex.def)             Requested size: 309.85626pt x 206.58035pt.
[14 <./2_4.pdf> <./2_5-eps-converted-to.pdf>] [15 <./2_6-eps-converted-to.pdf>]
LaTeX Font Info:    Font shape `OMS/cmr/m/it' in size <10.95> not available
(Font)              Font shape `OMS/cmsy/m/n' tried instead on input line 311.
[16]
Underfull \hbox (badness 10000) in paragraph at lines 336--338

 []


Overfull \hbox (1.21156pt too wide) in paragraph at lines 340--341
[]\T2A/cmr/m/n/10.95 Запишем функ-цию экс-по-нен-ци-аль-но-го рас-пре-де-ле-ния
 с по-мо-щью опре-
 []

[17]
Overfull \hbox (16.52144pt too wide) in paragraph at lines 362--367
\T2A/cmr/m/n/10.95 мый кри-те-рий для про-вер-ки ги-по-те-зы о при-над-леж-но-с
ти на-блю-да-е-мой вы-бор-ки $\OML/cmm/m/it/10.95 x[]; x[]; [] ; x[]$
 []


Underfull \hbox (badness 10000) in paragraph at lines 371--376

 []

[18]
Overfull \hbox (66.3364pt too wide) detected at line 408
\U/msb/m/n/10.95 P\OT1/cmr/m/n/10.95 (\OML/cmm/m/it/10.95 X[] < x[]; X[] < x[]\
OT1/cmr/m/n/10.95 ) = [][][]\OML/cmm/m/it/10.95 e[]d^^Xd^^Q \OT1/cmr/m/n/10.95 
= \OMS/cmsy/m/n/10.95 f\OML/cmm/m/it/10.95 ! \OT1/cmr/m/n/10.95 = \OML/cmm/m/it
/10.95 ^^Z[]\OMS/cmsy/m/n/10.95 g \OT1/cmr/m/n/10.95 = [][]\OML/cmm/m/it/10.95 
e[]d!d^^^
 []

[19]
Package epstopdf Info: Source file: <3_1.eps>
(epstopdf)                    date: 2022-02-02 23:02:22
(epstopdf)                    size: 28018 bytes
(epstopdf)             Output file: <3_1-eps-converted-to.pdf>
(epstopdf)                    date: 2022-02-02 23:05:03
(epstopdf)                    size: 11709 bytes
(epstopdf)             Command: <repstopdf --outfile=3_1-eps-converted-to.pdf 3
_1.eps>
(epstopdf)             \includegraphics on input line 458.
Package epstopdf Info: Output file is already uptodate.


pdfTeX warning: /usr/bin/pdflatex (file ./3_1-eps-converted-to.pdf): PDF inclus
ion: found PDF version <1.7>, but at most version <1.5> allowed
<3_1-eps-converted-to.pdf, id=336, 433.62pt x 289.08pt>
File: 3_1-eps-converted-to.pdf Graphic file (type pdf)
<use 3_1-eps-converted-to.pdf>
Package pdftex.def Info: 3_1-eps-converted-to.pdf  used on input line 458.
(pdftex.def)             Requested size: 309.85626pt x 206.58035pt.
<3_2.pdf, id=337, 433.62pt x 289.08pt>
File: 3_2.pdf Graphic file (type pdf)
<use 3_2.pdf>
Package pdftex.def Info: 3_2.pdf  used on input line 462.
(pdftex.def)             Requested size: 309.85626pt x 206.58035pt.
[20 <./3_1-eps-converted-to.pdf>]
<3_3.pdf, id=367, 433.62pt x 289.08pt>
File: 3_3.pdf Graphic file (type pdf)
<use 3_3.pdf>
Package pdftex.def Info: 3_3.pdf  used on input line 466.
(pdftex.def)             Requested size: 309.85626pt x 206.58035pt.
Package epstopdf Info: Source file: <3_4.eps>
(epstopdf)                    date: 2022-02-02 23:08:25
(epstopdf)                    size: 25573 bytes
(epstopdf)             Output file: <3_4-eps-converted-to.pdf>
(epstopdf)                    date: 2022-02-02 23:09:03
(epstopdf)                    size: 13309 bytes
(epstopdf)             Command: <repstopdf --outfile=3_4-eps-converted-to.pdf 3
_4.eps>
(epstopdf)             \includegraphics on input line 470.
Package epstopdf Info: Output file is already uptodate.


pdfTeX warning: /usr/bin/pdflatex (file ./3_4-eps-converted-to.pdf): PDF inclus
ion: found PDF version <1.7>, but at most version <1.5> allowed
<3_4-eps-converted-to.pdf, id=368, 433.62pt x 289.08pt>
File: 3_4-eps-converted-to.pdf Graphic file (type pdf)
<use 3_4-eps-converted-to.pdf>
Package pdftex.def Info: 3_4-eps-converted-to.pdf  used on input line 470.
(pdftex.def)             Requested size: 309.85626pt x 206.58035pt.
[21 <./3_2.pdf> <./3_3.pdf

pdfTeX warning: /usr/bin/pdflatex (file ./3_3.pdf): PDF inclusion: multiple pdf
s with page group included in a single page
>]
Package epstopdf Info: Source file: <3_5.eps>
(epstopdf)                    date: 2022-02-02 23:14:56
(epstopdf)                    size: 25611 bytes
(epstopdf)             Output file: <3_5-eps-converted-to.pdf>
(epstopdf)                    date: 2022-02-02 23:15:14
(epstopdf)                    size: 13338 bytes
(epstopdf)             Command: <repstopdf --outfile=3_5-eps-converted-to.pdf 3
_5.eps>
(epstopdf)             \includegraphics on input line 474.
Package epstopdf Info: Output file is already uptodate.


pdfTeX warning: /usr/bin/pdflatex (file ./3_5-eps-converted-to.pdf): PDF inclus
ion: found PDF version <1.7>, but at most version <1.5> allowed
<3_5-eps-converted-to.pdf, id=431, 433.62pt x 289.08pt>
File: 3_5-eps-converted-to.pdf Graphic file (type pdf)
<use 3_5-eps-converted-to.pdf>
Package pdftex.def Info: 3_5-eps-converted-to.pdf  used on input line 474.
(pdftex.def)             Requested size: 309.85626pt x 206.58035pt.
[22 <./3_4-eps-converted-to.pdf> <./3_5-eps-converted-to.pdf>] [23]
Overfull \hbox (28.42587pt too wide) in alignment at lines 525--528
 [][][] []
 []


Overfull \hbox (15.85112pt too wide) in paragraph at lines 528--532
\T2A/cmr/m/n/10.95 Иллюстрация ра-бо-ты по-стро-ен-но-го дат-чи-ка, ко-то-рая и
с-поль-зу-ет функ-цию normal probability
 []

[24]
Overfull \hbox (8.65256pt too wide) in paragraph at lines 540--548
 [] 
 []

Package epstopdf Info: Source file: <4_1.eps>
(epstopdf)                    date: 2022-02-09 21:50:46
(epstopdf)                    size: 41312 bytes
(epstopdf)             Output file: <4_1-eps-converted-to.pdf>
(epstopdf)                    date: 2022-02-09 21:50:52
(epstopdf)                    size: 14828 bytes
(epstopdf)             Command: <repstopdf --outfile=4_1-eps-converted-to.pdf 4
_1.eps>
(epstopdf)             \includegraphics on input line 556.
Package epstopdf Info: Output file is already uptodate.


pdfTeX warning: /usr/bin/pdflatex (file ./4_1-eps-converted-to.pdf): PDF inclus
ion: found PDF version <1.7>, but at most version <1.5> allowed
<4_1-eps-converted-to.pdf, id=500, 433.62pt x 289.08pt>
File: 4_1-eps-converted-to.pdf Graphic file (type pdf)
<use 4_1-eps-converted-to.pdf>
Package pdftex.def Info: 4_1-eps-converted-to.pdf  used on input line 556.
(pdftex.def)             Requested size: 309.85626pt x 206.58035pt.
Package epstopdf Info: Source file: <4_2.eps>
(epstopdf)                    date: 2022-02-03 14:22:41
(epstopdf)                    size: 24513 bytes
(epstopdf)             Output file: <4_2-eps-converted-to.pdf>
(epstopdf)                    date: 2022-02-03 14:22:48
(epstopdf)                    size: 12625 bytes
(epstopdf)             Command: <repstopdf --outfile=4_2-eps-converted-to.pdf 4
_2.eps>
(epstopdf)             \includegraphics on input line 560.
Package epstopdf Info: Output file is already uptodate.


pdfTeX warning: /usr/bin/pdflatex (file ./4_2-eps-converted-to.pdf): PDF inclus
ion: found PDF version <1.7>, but at most version <1.5> allowed
<4_2-eps-converted-to.pdf, id=501, 433.62pt x 289.08pt>
File: 4_2-eps-converted-to.pdf Graphic file (type pdf)
<use 4_2-eps-converted-to.pdf>
Package pdftex.def Info: 4_2-eps-converted-to.pdf  used on input line 560.
(pdftex.def)             Requested size: 309.85626pt x 206.58035pt.
[25 <./4_1-eps-converted-to.pdf>]
Package epstopdf Info: Source file: <4_3.eps>
(epstopdf)                    date: 2022-02-03 14:20:33
(epstopdf)                    size: 1186839 bytes
(epstopdf)             Output file: <4_3-eps-converted-to.pdf>
(epstopdf)                    date: 2022-02-03 14:21:12
(epstopdf)                    size: 6566056 bytes
(epstopdf)             Command: <repstopdf --outfile=4_3-eps-converted-to.pdf 4
_3.eps>
(epstopdf)             \includegraphics on input line 564.
Package epstopdf Info: Output file is already uptodate.


pdfTeX warning: /usr/bin/pdflatex (file ./4_3-eps-converted-to.pdf): PDF inclus
ion: found PDF version <1.7>, but at most version <1.5> allowed
<4_3-eps-converted-to.pdf, id=536, 433.62pt x 289.08pt>
File: 4_3-eps-converted-to.pdf Graphic file (type pdf)
<use 4_3-eps-converted-to.pdf>
Package pdftex.def Info: 4_3-eps-converted-to.pdf  used on input line 564.
(pdftex.def)             Requested size: 309.85626pt x 206.58035pt.
[26 <./4_2-eps-converted-to.pdf> <./4_3-eps-converted-to.pdf>] [27]
<5_1.pdf, id=602, 433.62pt x 289.08pt>
File: 5_1.pdf Graphic file (type pdf)
<use 5_1.pdf>
Package pdftex.def Info: 5_1.pdf  used on input line 610.
(pdftex.def)             Requested size: 309.85626pt x 206.58035pt.
 [28 <./5_1.pdf>]
Package epstopdf Info: Source file: <5_2.eps>
(epstopdf)                    date: 2022-02-03 15:01:13
(epstopdf)                    size: 67894 bytes
(epstopdf)             Output file: <5_2-eps-converted-to.pdf>
(epstopdf)                    date: 2022-02-03 15:55:17
(epstopdf)                    size: 19981 bytes
(epstopdf)             Command: <repstopdf --outfile=5_2-eps-converted-to.pdf 5
_2.eps>
(epstopdf)             \includegraphics on input line 636.
Package epstopdf Info: Output file is already uptodate.


pdfTeX warning: /usr/bin/pdflatex (file ./5_2-eps-converted-to.pdf): PDF inclus
ion: found PDF version <1.7>, but at most version <1.5> allowed
<5_2-eps-converted-to.pdf, id=630, 433.62pt x 289.08pt>
File: 5_2-eps-converted-to.pdf Graphic file (type pdf)
<use 5_2-eps-converted-to.pdf>
Package pdftex.def Info: 5_2-eps-converted-to.pdf  used on input line 636.
(pdftex.def)             Requested size: 309.85626pt x 206.58035pt.
Package epstopdf Info: Source file: <5_3.eps>
(epstopdf)                    date: 2022-02-09 21:59:46
(epstopdf)                    size: 26432 bytes
(epstopdf)             Output file: <5_3-eps-converted-to.pdf>
(epstopdf)                    date: 2022-02-09 21:59:55
(epstopdf)                    size: 11204 bytes
(epstopdf)             Command: <repstopdf --outfile=5_3-eps-converted-to.pdf 5
_3.eps>
(epstopdf)             \includegraphics on input line 640.
Package epstopdf Info: Output file is already uptodate.


pdfTeX warning: /usr/bin/pdflatex (file ./5_3-eps-converted-to.pdf): PDF inclus
ion: found PDF version <1.7>, but at most version <1.5> allowed
<5_3-eps-converted-to.pdf, id=631, 433.62pt x 289.08pt>
File: 5_3-eps-converted-to.pdf Graphic file (type pdf)
<use 5_3-eps-converted-to.pdf>
Package pdftex.def Info: 5_3-eps-converted-to.pdf  used on input line 640.
(pdftex.def)             Requested size: 309.85626pt x 206.58035pt.
[29 <./5_2-eps-converted-to.pdf>]
Package epstopdf Info: Source file: <5_4.eps>
(epstopdf)                    date: 2022-02-03 15:02:20
(epstopdf)                    size: 26257 bytes
(epstopdf)             Output file: <5_4-eps-converted-to.pdf>
(epstopdf)                    date: 2022-02-03 15:55:18
(epstopdf)                    size: 9016 bytes
(epstopdf)             Command: <repstopdf --outfile=5_4-eps-converted-to.pdf 5
_4.eps>
(epstopdf)             \includegraphics on input line 644.
Package epstopdf Info: Output file is already uptodate.


pdfTeX warning: /usr/bin/pdflatex (file ./5_4-eps-converted-to.pdf): PDF inclus
ion: found PDF version <1.7>, but at most version <1.5> allowed
<5_4-eps-converted-to.pdf, id=648, 433.62pt x 289.08pt>
File: 5_4-eps-converted-to.pdf Graphic file (type pdf)
<use 5_4-eps-converted-to.pdf>
Package pdftex.def Info: 5_4-eps-converted-to.pdf  used on input line 644.
(pdftex.def)             Requested size: 309.85626pt x 206.58035pt.
Package epstopdf Info: Source file: <5_5.eps>
(epstopdf)                    date: 2022-02-03 15:02:59
(epstopdf)                    size: 27824 bytes
(epstopdf)             Output file: <5_5-eps-converted-to.pdf>
(epstopdf)                    date: 2022-02-03 15:55:18
(epstopdf)                    size: 9512 bytes
(epstopdf)             Command: <repstopdf --outfile=5_5-eps-converted-to.pdf 5
_5.eps>
(epstopdf)             \includegraphics on input line 648.
Package epstopdf Info: Output file is already uptodate.


pdfTeX warning: /usr/bin/pdflatex (file ./5_5-eps-converted-to.pdf): PDF inclus
ion: found PDF version <1.7>, but at most version <1.5> allowed
<5_5-eps-converted-to.pdf, id=649, 433.62pt x 289.08pt>
File: 5_5-eps-converted-to.pdf Graphic file (type pdf)
<use 5_5-eps-converted-to.pdf>
Package pdftex.def Info: 5_5-eps-converted-to.pdf  used on input line 648.
(pdftex.def)             Requested size: 309.85626pt x 206.58035pt.
[30 <./5_3-eps-converted-to.pdf> <./5_4-eps-converted-to.pdf>] [31 <./5_5-eps-c
onverted-to.pdf>] [32] [33] [34] [35] [36] [37] [38]
Overfull \hbox (28.69994pt too wide) in paragraph at lines 851--853
\T2A/cmr/m/n/10.95 ша-га с ве-ро-ят-но-стью, рав-ной 1/4, по-па-дет в один из с
о-сед-них че-ты-рех уз-лов $\OT1/cmr/m/n/10.95 (\OML/cmm/m/it/10.95 x[]; y[]\OT
1/cmr/m/n/10.95 )\OML/cmm/m/it/10.95 ; \OT1/cmr/m/n/10.95 (\OML/cmm/m/it/10.95 
x[]; y[]\OT1/cmr/m/n/10.95 )\OML/cmm/m/it/10.95 ; [] 
 []


Overfull \hbox (21.81284pt too wide) in alignment at lines 854--857
 [][][] []
 []

[39]
Package epstopdf Info: Source file: <8_1.eps>
(epstopdf)                    date: 2022-02-04 13:11:27
(epstopdf)                    size: 105446 bytes
(epstopdf)             Output file: <8_1-eps-converted-to.pdf>
(epstopdf)                    date: 2022-02-04 13:13:01
(epstopdf)                    size: 18780 bytes
(epstopdf)             Command: <repstopdf --outfile=8_1-eps-converted-to.pdf 8
_1.eps>
(epstopdf)             \includegraphics on input line 893.
Package epstopdf Info: Output file is already uptodate.


pdfTeX warning: /usr/bin/pdflatex (file ./8_1-eps-converted-to.pdf): PDF inclus
ion: found PDF version <1.7>, but at most version <1.5> allowed
<8_1-eps-converted-to.pdf, id=727, 433.62pt x 289.08pt>
File: 8_1-eps-converted-to.pdf Graphic file (type pdf)
<use 8_1-eps-converted-to.pdf>
Package pdftex.def Info: 8_1-eps-converted-to.pdf  used on input line 893.
(pdftex.def)             Requested size: 309.85626pt x 206.58035pt.
Package epstopdf Info: Source file: <8_2.eps>
(epstopdf)                    date: 2022-02-04 13:11:14
(epstopdf)                    size: 75224 bytes
(epstopdf)             Output file: <8_2-eps-converted-to.pdf>
(epstopdf)                    date: 2022-02-04 13:13:01
(epstopdf)                    size: 16128 bytes
(epstopdf)             Command: <repstopdf --outfile=8_2-eps-converted-to.pdf 8
_2.eps>
(epstopdf)             \includegraphics on input line 897.
Package epstopdf Info: Output file is already uptodate.


pdfTeX warning: /usr/bin/pdflatex (file ./8_2-eps-converted-to.pdf): PDF inclus
ion: found PDF version <1.7>, but at most version <1.5> allowed
<8_2-eps-converted-to.pdf, id=728, 433.62pt x 289.08pt>
File: 8_2-eps-converted-to.pdf Graphic file (type pdf)
<use 8_2-eps-converted-to.pdf>
Package pdftex.def Info: 8_2-eps-converted-to.pdf  used on input line 897.
(pdftex.def)             Requested size: 309.85626pt x 206.58035pt.
[40 <./8_1-eps-converted-to.pdf> <./8_2-eps-converted-to.pdf>] [41] [42]
Overfull \hbox (10.33688pt too wide) in paragraph at lines 1001--1004
\T2A/cmr/m/n/10.95 Рассмотрим слу-чай $\OML/cmm/m/it/10.95 ^^Z\OT1/cmr/m/n/10.9
5 (\OML/cmm/m/it/10.95 s; t\OT1/cmr/m/n/10.95 ) = \OML/cmm/m/it/10.95 e[]; ^^U 
> \OT1/cmr/m/n/10.95 0\OML/cmm/m/it/10.95 :$ \T2A/cmr/m/n/10.95 Ко-ва-ри-а-ци-о
н-ная функ-ция про-цес-са Орнштейна-
 []

[43]
Package epstopdf Info: Source file: <9_1.eps>
(epstopdf)                    date: 2022-02-04 13:40:59
(epstopdf)                    size: 602725 bytes
(epstopdf)             Output file: <9_1-eps-converted-to.pdf>
(epstopdf)                    date: 2022-02-04 13:45:06
(epstopdf)                    size: 3516272 bytes
(epstopdf)             Command: <repstopdf --outfile=9_1-eps-converted-to.pdf 9
_1.eps>
(epstopdf)             \includegraphics on input line 1043.
Package epstopdf Info: Output file is already uptodate.


pdfTeX warning: /usr/bin/pdflatex (file ./9_1-eps-converted-to.pdf): PDF inclus
ion: found PDF version <1.7>, but at most version <1.5> allowed
<9_1-eps-converted-to.pdf, id=774, 433.62pt x 289.08pt>
File: 9_1-eps-converted-to.pdf Graphic file (type pdf)
<use 9_1-eps-converted-to.pdf>
Package pdftex.def Info: 9_1-eps-converted-to.pdf  used on input line 1043.
(pdftex.def)             Requested size: 309.85626pt x 206.58035pt.
[44]
Package epstopdf Info: Source file: <9_2.eps>
(epstopdf)                    date: 2022-02-04 13:41:45
(epstopdf)                    size: 2346878 bytes
(epstopdf)             Output file: <9_2-eps-converted-to.pdf>
(epstopdf)                    date: 2022-02-04 13:45:20
(epstopdf)                    size: 13608352 bytes
(epstopdf)             Command: <repstopdf --outfile=9_2-eps-converted-to.pdf 9
_2.eps>
(epstopdf)             \includegraphics on input line 1047.
Package epstopdf Info: Output file is already uptodate.


pdfTeX warning: /usr/bin/pdflatex (file ./9_2-eps-converted-to.pdf): PDF inclus
ion: found PDF version <1.7>, but at most version <1.5> allowed
<9_2-eps-converted-to.pdf, id=778, 433.62pt x 289.08pt>
File: 9_2-eps-converted-to.pdf Graphic file (type pdf)
<use 9_2-eps-converted-to.pdf>
Package pdftex.def Info: 9_2-eps-converted-to.pdf  used on input line 1047.
(pdftex.def)             Requested size: 309.85626pt x 206.58035pt.
[45 <./9_1-eps-converted-to.pdf> <./9_2-eps-converted-to.pdf>]
Overfull \hbox (25.45932pt too wide) in paragraph at lines 1068--1069
\T2A/cmr/bx/n/10.95 Определение 17. \T2A/cmr/m/it/10.95 Дис-крет-ным бе-лым шу-
мом на-зы-ва-ет-ся по-сле-до-ва-тель-ность $\OML/cmm/m/it/10.95 "[]; [] ; "[]; 
[] $
 []

[46] [47]
<10_1.pdf, id=843, 433.62pt x 289.08pt>
File: 10_1.pdf Graphic file (type pdf)
<use 10_1.pdf>
Package pdftex.def Info: 10_1.pdf  used on input line 1147.
(pdftex.def)             Requested size: 309.85626pt x 206.58035pt.
<10_2.pdf, id=844, 433.62pt x 289.08pt>
File: 10_2.pdf Graphic file (type pdf)
<use 10_2.pdf>
Package pdftex.def Info: 10_2.pdf  used on input line 1151.
(pdftex.def)             Requested size: 309.85626pt x 206.58035pt.
 [48 <./10_1.pdf>]
<10_3.pdf, id=863, 433.62pt x 289.08pt>
File: 10_3.pdf Graphic file (type pdf)
<use 10_3.pdf>
Package pdftex.def Info: 10_3.pdf  used on input line 1155.
(pdftex.def)             Requested size: 309.85626pt x 206.58035pt.
<10_4.pdf, id=864, 433.62pt x 289.08pt>
File: 10_4.pdf Graphic file (type pdf)
<use 10_4.pdf>
Package pdftex.def Info: 10_4.pdf  used on input line 1159.
(pdftex.def)             Requested size: 309.85626pt x 206.58035pt.
 [49 <./10_2.pdf> <./10_3.pdf

pdfTeX warning: /usr/bin/pdflatex (file ./10_3.pdf): PDF inclusion: multiple pd
fs with page group included in a single page
>] [50 <./10_4.pdf>] [51] [52]
<11_1.pdf, id=960, 433.62pt x 289.08pt>
File: 11_1.pdf Graphic file (type pdf)
<use 11_1.pdf>
Package pdftex.def Info: 11_1.pdf  used on input line 1245.
(pdftex.def)             Requested size: 309.85626pt x 206.58035pt.
 [53]
<11_2.pdf, id=965, 433.62pt x 289.08pt>
File: 11_2.pdf Graphic file (type pdf)
<use 11_2.pdf>
Package pdftex.def Info: 11_2.pdf  used on input line 1249.
(pdftex.def)             Requested size: 309.85626pt x 206.58035pt.
<11_3.pdf, id=966, 433.62pt x 289.08pt>
File: 11_3.pdf Graphic file (type pdf)
<use 11_3.pdf>
Package pdftex.def Info: 11_3.pdf  used on input line 1253.
(pdftex.def)             Requested size: 309.85626pt x 206.58035pt.
 [54 <./11_1.pdf> <./11_2.pdf

pdfTeX warning: /usr/bin/pdflatex (file ./11_2.pdf): PDF inclusion: multiple pd
fs with page group included in a single page
>] [55 <./11_3.pdf>]
Underfull \hbox (badness 10000) in paragraph at lines 1259--1263

 []


Underfull \hbox (badness 10000) in paragraph at lines 1259--1263

 []


Underfull \hbox (badness 10000) in paragraph at lines 1259--1263

 []

[56] (./document.aux) ) 
Here is how much of TeX's memory you used:
 5302 strings out of 492982
 73428 string characters out of 6134895
 144034 words of memory out of 5000000
 8711 multiletter control sequences out of 15000+600000
 23409 words of font info for 55 fonts, out of 8000000 for 9000
 1141 hyphenation exceptions out of 8191
 42i,11n,40p,1340b,287s stack positions out of 5000i,500n,10000p,200000b,80000s
{/usr/share/texmf/fonts/enc/dvips/cm-super/cm-super-t2a.
enc}</usr/share/texlive/texmf-dist/fonts/type1/public/amsfonts/cm/cmex10.pfb></
usr/share/texlive/texmf-dist/fonts/type1/public/amsfonts/cmextra/cmex8.pfb></us
r/share/texlive/texmf-dist/fonts/type1/public/amsfonts/cm/cmmi10.pfb></usr/shar
e/texlive/texmf-dist/fonts/type1/public/amsfonts/cm/cmmi6.pfb></usr/share/texli
ve/texmf-dist/fonts/type1/public/amsfonts/cm/cmmi8.pfb></usr/share/texlive/texm
f-dist/fonts/type1/public/amsfonts/cm/cmr10.pfb></usr/share/texlive/texmf-dist/
fonts/type1/public/amsfonts/cm/cmr6.pfb></usr/share/texlive/texmf-dist/fonts/ty
pe1/public/amsfonts/cm/cmr8.pfb></usr/share/texlive/texmf-dist/fonts/type1/publ
ic/amsfonts/cm/cmsy10.pfb></usr/share/texlive/texmf-dist/fonts/type1/public/ams
fonts/cm/cmsy6.pfb></usr/share/texlive/texmf-dist/fonts/type1/public/amsfonts/c
m/cmsy8.pfb></usr/share/texlive/texmf-dist/fonts/type1/public/doublestroke/dsro
m10.pfb></usr/share/texlive/texmf-dist/fonts/type1/public/amsfonts/symbols/msam
10.pfb></usr/share/texlive/texmf-dist/fonts/type1/public/amsfonts/symbols/msbm1
0.pfb></usr/share/texlive/texmf-dist/fonts/type1/public/amsfonts/symbols/msbm7.
pfb></usr/share/texmf/fonts/type1/public/cm-super/sfbi1095.pfb></usr/share/texm
f/fonts/type1/public/cm-super/sfbx1095.pfb></usr/share/texmf/fonts/type1/public
/cm-super/sfbx1200.pfb></usr/share/texmf/fonts/type1/public/cm-super/sfbx1440.p
fb></usr/share/texmf/fonts/type1/public/cm-super/sfbx2488.pfb></usr/share/texmf
/fonts/type1/public/cm-super/sfcc1095.pfb></usr/share/texmf/fonts/type1/public/
cm-super/sfrm1095.pfb></usr/share/texmf/fonts/type1/public/cm-super/sfrm1200.pf
b></usr/share/texmf/fonts/type1/public/cm-super/sfrm1728.pfb></usr/share/texmf/
fonts/type1/public/cm-super/sfti1095.pfb></usr/share/texmf/fonts/type1/public/c
m-super/sfti1200.pfb>
Output written on document.pdf (56 pages, 25082848 bytes).
PDF statistics:
 1161 PDF objects out of 1200 (max. 8388607)
 385 compressed objects within 4 object streams
 0 named destinations out of 1000 (max. 500000)
 176 words of extra memory for PDF output out of 10000 (max. 10000000)

