\BOOKMARK [1][-]{section.1}{\376\377\004\027\004\060\004\064\004\060\004\075\004\070\004\065\000\040\0001}{}% 1
\BOOKMARK [2][-]{subsection.1.1}{\376\377\004\044\004\076\004\100\004\074\004\103\004\073\004\070\004\100\004\076\004\062\004\072\004\060\000\040\004\067\004\060\004\064\004\060\004\075\004\070\004\117}{section.1}% 2
\BOOKMARK [2][-]{subsection.1.2}{\376\377\004\023\004\065\004\075\004\065\004\100\004\060\004\102\004\076\004\100\000\040\004\101\004\105\004\065\004\074\004\113\000\040\004\061\004\065\004\100\004\075\004\103\004\073\004\073\004\070\000\040}{section.1}% 3
\BOOKMARK [2][-]{subsection.1.3}{\376\377\004\023\004\065\004\076\004\074\004\065\004\102\004\100\004\070\004\107\004\065\004\101\004\072\004\076\004\065\000\040\004\100\004\060\004\101\004\077\004\100\004\065\004\064\004\065\004\073\004\065\004\075\004\070\004\065}{section.1}% 4
\BOOKMARK [2][-]{subsection.1.4}{\376\377\004\041\004\062\004\076\004\071\004\101\004\102\004\062\004\076\000\040\004\076\004\102\004\101\004\103\004\102\004\101\004\102\004\062\004\070\004\117\000\040\004\077\004\060\004\074\004\117\004\102\004\070}{section.1}% 5
\BOOKMARK [2][-]{subsection.1.5}{\376\377\004\030\004\063\004\100\004\060\000\040\004\062\000\040\004\076\004\100\004\073\004\117\004\075\004\072\004\103}{section.1}% 6
\BOOKMARK [2][-]{subsection.1.6}{\376\377\004\037\004\100\004\070\004\074\004\065\004\100\004\113\000\040\004\100\004\060\004\061\004\076\004\102\004\113\000\040\004\077\004\100\004\076\004\063\004\100\004\060\004\074\004\074}{section.1}% 7
\BOOKMARK [1][-]{section.2}{\376\377\004\027\004\060\004\064\004\060\004\075\004\070\004\065\000\040\0002}{}% 8
\BOOKMARK [2][-]{subsection.2.1}{\376\377\004\044\004\076\004\100\004\074\004\103\004\073\004\070\004\100\004\076\004\062\004\072\004\060\000\040\004\067\004\060\004\064\004\060\004\075\004\070\004\117}{section.2}% 9
\BOOKMARK [2][-]{subsection.2.2}{\376\377\004\037\004\076\004\101\004\102\004\100\004\076\004\065\004\075\004\070\004\065\000\040\004\064\004\060\004\102\004\107\004\070\004\072\004\060\000\040\004\101\004\070\004\075\004\063\004\103\004\073\004\117\004\100\004\075\004\076\004\063\004\076\000\040\004\100\004\060\004\101\004\077\004\100\004\065\004\064\004\065\004\073\004\065\004\075\004\070\004\117}{section.2}% 10
\BOOKMARK [2][-]{subsection.2.3}{\376\377\004\032\004\100\004\070\004\102\004\065\004\100\004\070\004\071\000\040\004\032\004\076\004\073\004\074\004\076\004\063\004\076\004\100\004\076\004\062\004\060}{section.2}% 11
\BOOKMARK [2][-]{subsection.2.4}{\376\377\004\041\004\062\004\076\004\071\004\101\004\102\004\062\004\060\000\040\004\101\004\070\004\074\004\074\004\065\004\102\004\100\004\070\004\107\004\075\004\076\004\101\004\102\004\070\000\040\004\070\000\040\004\101\004\060\004\074\004\076\004\077\004\076\004\064\004\076\004\061\004\070\004\117}{section.2}% 12
\BOOKMARK [2][-]{subsection.2.5}{\376\377\004\034\004\060\004\102\004\065\004\074\004\060\004\102\004\070\004\107\004\065\004\101\004\072\004\076\004\065\000\040\004\076\004\066\004\070\004\064\004\060\004\075\004\070\004\065\000\040\004\070\000\040\004\064\004\070\004\101\004\077\004\065\004\100\004\101\004\070\004\117}{section.2}% 13
\BOOKMARK [2][-]{subsection.2.6}{\376\377\004\037\004\100\004\070\004\074\004\065\004\100\004\113\000\040\004\100\004\060\004\061\004\076\004\102\004\113\000\040\004\077\004\100\004\076\004\063\004\100\004\060\004\074\004\074}{section.2}% 14
\BOOKMARK [1][-]{section.3}{\376\377\004\027\004\060\004\064\004\060\004\075\004\070\004\065\000\040\0003}{}% 15
\BOOKMARK [2][-]{subsection.3.1}{\376\377\004\044\004\076\004\100\004\074\004\103\004\073\004\070\004\100\004\076\004\062\004\072\004\060\000\040\004\067\004\060\004\064\004\060\004\075\004\070\004\117}{section.3}% 16
\BOOKMARK [2][-]{subsection.3.2}{\376\377\004\037\004\076\004\101\004\102\004\100\004\076\004\065\004\075\004\070\004\065\000\040\004\064\004\060\004\102\004\107\004\070\004\072\004\060\000\040\004\115\004\072\004\101\004\077\004\076\004\075\004\065\004\075\004\106\004\070\004\060\004\073\004\114\004\075\004\076\004\063\004\076\000\040\004\100\004\060\004\101\004\077\004\100\004\065\004\064\004\065\004\073\004\065\004\075\004\070\004\117}{section.3}% 17
\BOOKMARK [2][-]{subsection.3.3}{\376\377\004\041\004\062\004\076\004\071\004\101\004\102\004\062\004\076\000\040\004\076\004\102\004\101\004\103\004\102\004\101\004\102\004\062\004\070\004\117\000\040\004\077\004\060\004\074\004\117\004\102\004\070}{section.3}% 18
\BOOKMARK [2][-]{subsection.3.4}{\376\377\004\041\004\073\004\103\004\107\004\060\004\071\004\075\004\060\004\117\000\040\004\062\004\065\004\073\004\070\004\107\004\070\004\075\004\060\000\040\000Y\000\040\000=\000\040\000m\000i\000n\000\050\000X\0001\000,\000X\0002\000,\000\040\040\046\000,\000X\000n\000\051}{section.3}% 19
\BOOKMARK [2][-]{subsection.3.5}{\376\377\004\024\004\060\004\102\004\107\004\070\004\072\000\040\004\077\004\103\004\060\004\101\004\101\004\076\004\075\004\076\004\062\004\101\004\072\004\076\004\063\004\076\000\040\004\100\004\060\004\101\004\077\004\100\004\065\004\064\004\065\004\073\004\065\004\075\004\070\004\117}{section.3}% 20
\BOOKMARK [2][-]{subsection.3.6}{\376\377\004\024\004\060\004\102\004\107\004\070\004\072\000\040\004\077\004\103\004\060\004\101\004\101\004\076\004\075\004\076\004\062\004\101\004\072\004\076\004\063\004\076\000\040\004\100\004\060\004\101\004\077\004\100\004\065\004\064\004\065\004\073\004\065\004\075\004\070\004\117\000\040\004\072\004\060\004\072\000\040\004\077\004\100\004\065\004\064\004\065\004\073\000\040\004\061\004\070\004\075\004\076\004\074\004\070\004\060\004\073\004\114\004\075\004\076\004\063\004\076\000\040\004\100\004\060\004\101\004\077\004\100\004\065\004\064\004\065\004\073\004\065\004\075\004\070\004\117\000.\000\040\004\037\004\100\004\076\004\062\004\065\004\100\004\072\004\060\000\040\004\101\000\040\004\077\004\076\004\074\004\076\004\111\004\114\004\116\000\040\004\072\004\100\004\070\004\102\004\065\004\100\004\070\004\117\000\040\004\105\004\070\000-\004\072\004\062\004\060\004\064\004\100\004\060\004\102\000\040\004\037\004\070\004\100\004\101\004\076\004\075\004\060}{section.3}% 21
\BOOKMARK [2][-]{subsection.3.7}{\376\377\004\024\004\060\004\102\004\107\004\070\004\072\000\040\004\101\004\102\004\060\004\075\004\064\004\060\004\100\004\102\004\075\004\076\004\063\004\076\000\040\004\075\004\076\004\100\004\074\004\060\004\073\004\114\004\075\004\076\004\063\004\076\000\040\004\100\004\060\004\101\004\077\004\100\004\065\004\064\004\065\004\073\004\065\004\075\004\070\004\117\000\040\004\074\004\065\004\102\004\076\004\064\004\076\004\074\000\040\004\074\004\076\004\064\004\065\000-\000\040\004\073\004\070\004\100\004\076\004\062\004\060\004\075\004\070\004\117\000\040\004\101\004\073\004\103\004\107\004\060\004\071\004\075\004\113\004\105\000\040\004\062\004\065\004\073\004\070\004\107\004\070\004\075\000\040\004\077\004\060\004\100\004\060\004\074\004\070\000\040\004\101\000\040\004\077\004\065\004\100\004\065\004\105\004\076\004\064\004\076\004\074\000\040\004\062\000\040\004\077\004\076\004\073\004\117\004\100\004\075\004\113\004\065\000\040\004\072\004\076\004\076\004\100\004\064\004\070\004\075\004\060\004\102\004\113}{section.3}% 22
\BOOKMARK [2][-]{subsection.3.8}{\376\377\000t\000-\004\072\004\100\004\070\004\102\004\065\004\100\004\070\004\071\000\040\004\041\004\102\004\114\004\116\004\064\004\065\004\075\004\102\004\060\000\040\004\070\000\040\004\072\004\100\004\070\004\102\004\065\004\100\004\070\004\071\000\040\004\044\004\070\004\110\004\065\004\100\004\060}{section.3}% 23
\BOOKMARK [2][-]{subsection.3.9}{\376\377\000\040\004\037\004\100\004\070\004\074\004\065\004\100\004\113\000\040\004\100\004\060\004\061\004\076\004\102\004\113\000\040\004\077\004\100\004\076\004\063\004\100\004\060\004\074\004\074\004\113}{section.3}% 24
\BOOKMARK [1][-]{section.4}{\376\377\004\027\004\060\004\064\004\060\004\075\004\070\004\065\000\040\0004}{}% 25
\BOOKMARK [2][-]{subsection.4.1}{\376\377\004\044\004\076\004\100\004\074\004\103\004\073\004\070\004\100\004\076\004\062\004\072\004\060\000\040\004\067\004\060\004\064\004\060\004\075\004\070\004\117}{section.4}% 26
\BOOKMARK [2][-]{subsection.4.2}{\376\377\004\024\004\060\004\102\004\107\004\070\004\072\000\040\004\100\004\060\004\101\004\077\004\100\004\065\004\064\004\065\004\073\004\065\004\075\004\070\004\117\000\040\004\032\004\076\004\110\004\070}{section.4}% 27
\BOOKMARK [2][-]{subsection.4.3}{\376\377\004\034\004\065\004\102\004\076\004\064\000\040\004\104\004\076\004\075\000\040\004\035\004\065\004\071\004\074\004\060\004\075\004\060}{section.4}% 28
\BOOKMARK [2][-]{subsection.4.4}{\376\377\004\041\004\100\004\060\004\062\004\075\004\065\004\075\004\070\004\065\000\040\004\101\004\072\004\076\004\100\004\076\004\101\004\102\004\065\004\071\000\040\004\100\004\060\004\061\004\076\004\102\004\113}{section.4}% 29
\BOOKMARK [2][-]{subsection.4.5}{\376\377\004\037\004\100\004\070\004\074\004\065\004\100\004\113\000\040\004\062\004\113\004\077\004\076\004\073\004\065\004\075\004\065\004\075\004\070\004\117\000\040\004\077\004\100\004\076\004\063\004\100\004\060\004\074\004\074}{section.4}% 30
\BOOKMARK [1][-]{section.5}{\376\377\004\027\004\060\004\064\004\060\004\075\004\070\004\065\000\040\0005}{}% 31
\BOOKMARK [2][-]{subsection.5.1}{\376\377\004\027\004\021\004\047\000\040\004\070\000\040\004\046\004\037\004\042\000\040\004\064\004\073\004\117\000\040\004\075\004\076\004\100\004\074\004\060\004\073\004\114\004\075\004\076\004\063\004\076\000\040\004\100\004\060\004\101\004\077\004\100\004\065\004\064\004\065\004\073\004\065\004\075\004\070\004\117}{section.5}% 32
\BOOKMARK [2][-]{subsection.5.2}{\376\377\004\024\004\076\004\062\004\065\004\100\004\070\004\102\004\065\004\073\004\114\004\075\004\113\004\065\000\040\004\070\004\075\004\102\004\065\004\100\004\062\004\060\004\073\004\113\000\040\004\064\004\073\004\117\000\040\004\101\004\100\004\065\004\064\004\075\004\065\004\063\004\076\000\040\004\070\000\040\004\064\004\070\004\101\004\077\004\065\004\100\004\101\004\070\004\070}{section.5}% 33
\BOOKMARK [2][-]{subsection.5.3}{\376\377\004\027\004\021\004\047\000\040\004\064\004\073\004\117\000\040\004\100\004\060\004\101\004\077\004\100\004\065\004\064\004\065\004\073\004\065\004\075\004\070\004\117\000\040\004\032\004\076\004\110\004\070}{section.5}% 34
\BOOKMARK [2][-]{subsection.5.4}{\376\377\004\037\004\100\004\070\004\074\004\065\004\100\004\113\000\040\004\100\004\060\004\061\004\076\004\102\004\113\000\040\004\077\004\100\004\076\004\063\004\100\004\060\004\074\004\074\004\113}{section.5}% 35
\BOOKMARK [1][-]{section.6}{\376\377\004\027\004\060\004\064\004\060\004\075\004\070\004\065\000\040\0006}{}% 36
\BOOKMARK [2][-]{subsection.6.1}{\376\377\004\044\004\076\004\100\004\074\004\103\004\073\004\114\004\100\004\076\004\062\004\072\004\060\000\040\004\067\004\060\004\064\004\060\004\075\004\070\004\117}{section.6}% 37
\BOOKMARK [2][-]{subsection.6.2}{\376\377\004\034\004\065\004\102\004\076\004\064\000\040\004\034\004\076\004\075\004\102\004\065\000-\004\032\004\060\004\100\004\073\004\076}{section.6}% 38
\BOOKMARK [2][-]{subsection.6.3}{\376\377\004\034\004\065\004\102\004\076\004\064\000\040\004\072\004\062\004\060\004\064\004\100\004\060\004\102\004\103\004\100}{section.6}% 39
\BOOKMARK [1][-]{section.7}{\376\377\004\027\004\060\004\064\004\060\004\075\004\070\004\065\000\040\0007}{}% 40
\BOOKMARK [2][-]{subsection.7.1}{\376\377\004\044\004\076\004\100\004\074\004\103\004\073\004\070\004\100\004\076\004\062\004\072\004\060\000\040\004\067\004\060\004\064\004\060\004\075\004\070\004\117}{section.7}% 41
\BOOKMARK [2][-]{subsection.7.2}{\376\377\004\034\004\065\004\102\004\076\004\064\000\040\004\101\004\073\004\103\004\107\004\060\004\071\004\075\004\076\004\063\004\076\000\040\004\077\004\076\004\070\004\101\004\072\004\060}{section.7}% 42
\BOOKMARK [2][-]{subsection.7.3}{\376\377\004\034\004\065\004\102\004\076\004\064\000\040\004\070\004\074\004\070\004\102\004\060\004\106\004\070\004\070\000\040\004\076\004\102\004\066\004\070\004\063\004\060}{section.7}% 43
\BOOKMARK [2][-]{subsection.7.4}{\376\377\004\036\004\106\004\065\004\075\004\072\004\060\000\040\004\102\004\076\004\107\004\075\004\076\004\101\004\102\004\070\000\040\004\062\004\113\004\107\004\070\004\101\004\073\004\065\004\075\004\070\004\071}{section.7}% 44
\BOOKMARK [2][-]{subsection.7.5}{\376\377\004\037\004\100\004\070\004\074\004\065\004\100\004\113\000\040\004\100\004\060\004\061\004\076\004\102\004\113\000\040\004\077\004\100\004\076\004\063\004\100\004\060\004\074\004\074\004\113}{section.7}% 45
\BOOKMARK [1][-]{section.8}{\376\377\004\027\004\060\004\064\004\060\004\075\004\070\004\065\000\040\0008}{}% 46
\BOOKMARK [2][-]{subsection.8.1}{\376\377\004\044\004\076\004\100\004\074\004\103\004\073\004\070\004\100\004\076\004\062\004\072\004\060\000\040\004\067\004\060\004\064\004\060\004\075\004\070\004\117}{section.8}% 47
\BOOKMARK [2][-]{subsection.8.2}{\376\377\004\020\004\073\004\063\004\076\004\100\004\070\004\102\004\074\000\040\004\100\004\065\004\110\004\065\004\075\004\070\004\117}{section.8}% 48
\BOOKMARK [2][-]{subsection.8.3}{\376\377\004\037\004\100\004\070\004\074\004\065\004\100\004\113\000\040\004\100\004\060\004\061\004\076\004\102\004\113\000\040\004\077\004\100\004\076\004\063\004\100\004\060\004\074\004\074\004\113}{section.8}% 49
\BOOKMARK [1][-]{section.9}{\376\377\004\027\004\060\004\064\004\060\004\075\004\070\004\065\000\040\0009}{}% 50
\BOOKMARK [2][-]{subsection.9.1}{\376\377\004\044\004\076\004\100\004\074\004\103\004\073\004\070\004\100\004\076\004\062\004\072\004\060\000\040\004\067\004\060\004\064\004\060\004\075\004\070\004\117}{section.9}% 51
\BOOKMARK [2][-]{subsection.9.2}{\376\377\004\022\004\070\004\075\004\065\004\100\004\076\004\062\004\101\004\072\004\070\004\071\000\040\004\077\004\100\004\076\004\106\004\065\004\101\004\101}{section.9}% 52
\BOOKMARK [3][-]{subsubsection.9.2.1}{\376\377\004\020\004\073\004\063\004\076\004\100\004\070\004\102\004\074\000\040\004\077\004\076\004\101\004\102\004\100\004\076\004\065\004\075\004\070\004\117}{subsection.9.2}% 53
\BOOKMARK [2][-]{subsection.9.3}{\376\377\004\024\004\076\004\062\004\065\004\100\004\070\004\102\004\070\004\065\004\073\004\114\004\075\004\113\004\065\000\040\004\070\004\075\004\102\004\065\004\100\004\062\004\060\004\073\004\113}{section.9}% 54
\BOOKMARK [2][-]{subsection.9.4}{\376\377\004\037\004\100\004\076\004\106\004\065\004\101\000\040\004\036\004\100\004\075\004\110\004\102\004\065\004\071\004\075\004\060\000-\004\043\004\073\004\065\004\075\004\061\004\065\004\072\004\060}{section.9}% 55
\BOOKMARK [2][-]{subsection.9.5}{\376\377\004\024\004\076\004\062\004\065\004\100\004\070\004\102\004\065\004\073\004\114\004\075\004\113\004\065\000\040\004\070\004\075\004\102\004\065\004\100\004\062\004\060\004\073\004\113}{section.9}% 56
\BOOKMARK [2][-]{subsection.9.6}{\376\377\004\037\004\100\004\070\004\074\004\065\004\100\004\113\000\040\004\100\004\060\004\061\004\076\004\102\004\113\000\040\004\077\004\100\004\076\004\063\004\100\004\060\004\074\004\074\004\113}{section.9}% 57
\BOOKMARK [1][-]{section.10}{\376\377\004\027\004\060\004\064\004\060\004\075\004\070\004\065\000\040\0001\0000}{}% 58
\BOOKMARK [2][-]{subsection.10.1}{\376\377\004\044\004\076\004\100\004\074\004\103\004\073\004\070\004\100\004\076\004\062\004\072\004\060\000\040\004\067\004\060\004\064\004\060\004\075\004\070\004\117}{section.10}% 59
\BOOKMARK [2][-]{subsection.10.2}{\376\377\004\024\004\076\004\061\004\060\004\062\004\073\004\065\004\075\004\070\004\065\000\040\004\101\004\073\004\103\004\107\004\060\004\071\004\075\004\076\004\071\000\040\004\076\004\110\004\070\004\061\004\072\004\070}{section.10}% 60
\BOOKMARK [2][-]{subsection.10.3}{\376\377\004\044\004\070\004\073\004\114\004\102\004\100\000\040\004\032\004\060\004\073\004\074\004\060\004\075\004\060}{section.10}% 61
\BOOKMARK [3][-]{subsubsection.10.3.1}{\376\377\004\024\004\076\004\062\004\065\004\100\004\070\004\102\004\065\004\073\004\114\004\075\004\113\004\065\000\040\004\070\004\075\004\102\004\065\004\100\004\062\004\060\004\073\004\113}{subsection.10.3}% 62
\BOOKMARK [2][-]{subsection.10.4}{\376\377\004\037\004\100\004\070\004\074\004\065\004\100\004\113\000\040\004\100\004\060\004\061\004\076\004\102\004\113\000\040\004\077\004\100\004\076\004\063\004\100\004\060\004\074\004\074\004\113}{section.10}% 63
\BOOKMARK [1][-]{section.11}{\376\377\004\027\004\060\004\064\004\060\004\075\004\070\004\065\000\040\0001\0001}{}% 64
\BOOKMARK [2][-]{subsection.11.1}{\376\377\004\044\004\076\004\100\004\074\004\103\004\073\004\070\004\100\004\076\004\062\004\072\004\060\000\040\004\067\004\060\004\064\004\060\004\075\004\070\004\117}{section.11}% 65
\BOOKMARK [2][-]{subsection.11.2}{\376\377\004\040\004\065\004\110\004\065\004\075\004\070\004\065}{section.11}% 66
\BOOKMARK [3][-]{subsubsection.11.2.1}{\376\377\004\037\004\065\004\100\004\062\004\060\004\117\000\040\004\070\004\075\004\102\004\065\004\100\004\077\004\100\004\065\004\102\004\060\004\106\004\070\004\117\000:\000\040\004\101\004\070\004\101\004\102\004\065\004\074\004\060\000\040\004\074\004\060\004\101\004\101\004\076\004\062\004\076\004\063\004\076\000\040\004\076\004\061\004\101\004\073\004\103\004\066\004\070\004\062\004\060\004\075\004\070\004\117}{subsection.11.2}% 67
\BOOKMARK [3][-]{subsubsection.11.2.2}{\376\377\004\022\004\102\004\076\004\100\004\060\004\117\000\040\004\070\004\075\004\102\004\065\004\100\004\077\004\100\004\065\004\102\004\060\004\106\004\070\004\117\000:\000\040\004\101\004\070\004\101\004\102\004\065\004\074\004\060\000\040\004\074\004\060\004\101\004\101\004\076\004\062\004\076\004\063\004\076\000\040\004\076\004\061\004\101\004\073\004\103\004\066\004\070\004\062\004\060\004\075\004\070\004\117\000\040\004\101\000\040\004\106\004\070\004\072\004\073\004\070\004\107\004\065\004\101\004\072\004\076\004\071\000\040\004\070\004\075\004\102\004\065\004\075\004\101\004\070\004\062\004\075\004\076\004\101\004\102\004\114\004\116\000\040\004\070\000\040\004\065\004\064\004\070\004\075\004\070\004\107\004\075\004\113\004\074\004\070\000\040\004\101\004\072\004\060\004\107\004\072\004\060\004\074\004\070}{subsection.11.2}% 68
\BOOKMARK [3][-]{subsubsection.11.2.3}{\376\377\004\042\004\100\004\065\004\102\004\114\004\117\000\040\004\070\004\075\004\102\004\065\004\100\004\077\004\100\004\065\004\102\004\060\004\106\004\070\004\117\000:\000\040\004\100\004\060\004\061\004\076\004\102\004\060\000\040\004\101\004\102\004\100\004\060\004\105\004\076\004\062\004\076\004\071\000\040\004\072\004\076\004\074\004\077\004\060\004\075\004\070\004\070}{subsection.11.2}% 69
\BOOKMARK [2][-]{subsection.11.3}{\376\377\004\037\004\100\004\070\004\074\004\065\004\100\004\113\000\040\004\100\004\060\004\061\004\076\004\102\004\113\000\040\004\077\004\100\004\076\004\063\004\100\004\060\004\074\004\074\004\113}{section.11}% 70
\BOOKMARK [1][-]{section.12}{\376\377\004\021\004\070\004\061\004\073\004\070\004\076\004\063\004\100\004\060\004\104\004\070\004\117}{}% 71
