This is pdfTeX, Version 3.14159265-2.6-1.40.18 (TeX Live 2017/Debian) (preloaded format=pdflatex 2020.10.28)  9 FEB 2022 18:34
entering extended mode
 restricted \write18 enabled.
 %&-line parsing enabled.
**"отчет (2).tex"
(./отчет (2).tex
LaTeX2e <2017-04-15>
Babel <3.18> and hyphenation patterns for 84 language(s) loaded.
(/usr/share/texlive/texmf-dist/tex/latex/base/article.cls
Document Class: article 2014/09/29 v1.4h Standard LaTeX document class
(/usr/share/texlive/texmf-dist/tex/latex/base/size11.clo
File: size11.clo 2014/09/29 v1.4h Standard LaTeX file (size option)
)
\c@part=\count79
\c@section=\count80
\c@subsection=\count81
\c@subsubsection=\count82
\c@paragraph=\count83
\c@subparagraph=\count84
\c@figure=\count85
\c@table=\count86
\abovecaptionskip=\skip41
\belowcaptionskip=\skip42
\bibindent=\dimen102
)
(/usr/share/texlive/texmf-dist/tex/latex/a4wide/a4wide.sty
Package: a4wide 1994/08/30

(/usr/share/texlive/texmf-dist/tex/latex/ntgclass/a4.sty
Package: a4 2004/04/15 v1.2g A4 based page layout
))
(/usr/share/texlive/texmf-dist/tex/latex/base/inputenc.sty
Package: inputenc 2015/03/17 v1.2c Input encoding file
\inpenc@prehook=\toks14
\inpenc@posthook=\toks15

(/usr/share/texlive/texmf-dist/tex/latex/base/utf8.def
File: utf8.def 2017/01/28 v1.1t UTF-8 support for inputenc
Now handling font encoding OML ...
... no UTF-8 mapping file for font encoding OML
Now handling font encoding T1 ...
... processing UTF-8 mapping file for font encoding T1

(/usr/share/texlive/texmf-dist/tex/latex/base/t1enc.dfu
File: t1enc.dfu 2017/01/28 v1.1t UTF-8 support for inputenc
   defining Unicode char U+00A0 (decimal 160)
   defining Unicode char U+00A1 (decimal 161)
   defining Unicode char U+00A3 (decimal 163)
   defining Unicode char U+00AB (decimal 171)
   defining Unicode char U+00AD (decimal 173)
   defining Unicode char U+00BB (decimal 187)
   defining Unicode char U+00BF (decimal 191)
   defining Unicode char U+00C0 (decimal 192)
   defining Unicode char U+00C1 (decimal 193)
   defining Unicode char U+00C2 (decimal 194)
   defining Unicode char U+00C3 (decimal 195)
   defining Unicode char U+00C4 (decimal 196)
   defining Unicode char U+00C5 (decimal 197)
   defining Unicode char U+00C6 (decimal 198)
   defining Unicode char U+00C7 (decimal 199)
   defining Unicode char U+00C8 (decimal 200)
   defining Unicode char U+00C9 (decimal 201)
   defining Unicode char U+00CA (decimal 202)
   defining Unicode char U+00CB (decimal 203)
   defining Unicode char U+00CC (decimal 204)
   defining Unicode char U+00CD (decimal 205)
   defining Unicode char U+00CE (decimal 206)
   defining Unicode char U+00CF (decimal 207)
   defining Unicode char U+00D0 (decimal 208)
   defining Unicode char U+00D1 (decimal 209)
   defining Unicode char U+00D2 (decimal 210)
   defining Unicode char U+00D3 (decimal 211)
   defining Unicode char U+00D4 (decimal 212)
   defining Unicode char U+00D5 (decimal 213)
   defining Unicode char U+00D6 (decimal 214)
   defining Unicode char U+00D8 (decimal 216)
   defining Unicode char U+00D9 (decimal 217)
   defining Unicode char U+00DA (decimal 218)
   defining Unicode char U+00DB (decimal 219)
   defining Unicode char U+00DC (decimal 220)
   defining Unicode char U+00DD (decimal 221)
   defining Unicode char U+00DE (decimal 222)
   defining Unicode char U+00DF (decimal 223)
   defining Unicode char U+00E0 (decimal 224)
   defining Unicode char U+00E1 (decimal 225)
   defining Unicode char U+00E2 (decimal 226)
   defining Unicode char U+00E3 (decimal 227)
   defining Unicode char U+00E4 (decimal 228)
   defining Unicode char U+00E5 (decimal 229)
   defining Unicode char U+00E6 (decimal 230)
   defining Unicode char U+00E7 (decimal 231)
   defining Unicode char U+00E8 (decimal 232)
   defining Unicode char U+00E9 (decimal 233)
   defining Unicode char U+00EA (decimal 234)
   defining Unicode char U+00EB (decimal 235)
   defining Unicode char U+00EC (decimal 236)
   defining Unicode char U+00ED (decimal 237)
   defining Unicode char U+00EE (decimal 238)
   defining Unicode char U+00EF (decimal 239)
   defining Unicode char U+00F0 (decimal 240)
   defining Unicode char U+00F1 (decimal 241)
   defining Unicode char U+00F2 (decimal 242)
   defining Unicode char U+00F3 (decimal 243)
   defining Unicode char U+00F4 (decimal 244)
   defining Unicode char U+00F5 (decimal 245)
   defining Unicode char U+00F6 (decimal 246)
   defining Unicode char U+00F8 (decimal 248)
   defining Unicode char U+00F9 (decimal 249)
   defining Unicode char U+00FA (decimal 250)
   defining Unicode char U+00FB (decimal 251)
   defining Unicode char U+00FC (decimal 252)
   defining Unicode char U+00FD (decimal 253)
   defining Unicode char U+00FE (decimal 254)
   defining Unicode char U+00FF (decimal 255)
   defining Unicode char U+0100 (decimal 256)
   defining Unicode char U+0101 (decimal 257)
   defining Unicode char U+0102 (decimal 258)
   defining Unicode char U+0103 (decimal 259)
   defining Unicode char U+0104 (decimal 260)
   defining Unicode char U+0105 (decimal 261)
   defining Unicode char U+0106 (decimal 262)
   defining Unicode char U+0107 (decimal 263)
   defining Unicode char U+0108 (decimal 264)
   defining Unicode char U+0109 (decimal 265)
   defining Unicode char U+010A (decimal 266)
   defining Unicode char U+010B (decimal 267)
   defining Unicode char U+010C (decimal 268)
   defining Unicode char U+010D (decimal 269)
   defining Unicode char U+010E (decimal 270)
   defining Unicode char U+010F (decimal 271)
   defining Unicode char U+0110 (decimal 272)
   defining Unicode char U+0111 (decimal 273)
   defining Unicode char U+0112 (decimal 274)
   defining Unicode char U+0113 (decimal 275)
   defining Unicode char U+0114 (decimal 276)
   defining Unicode char U+0115 (decimal 277)
   defining Unicode char U+0116 (decimal 278)
   defining Unicode char U+0117 (decimal 279)
   defining Unicode char U+0118 (decimal 280)
   defining Unicode char U+0119 (decimal 281)
   defining Unicode char U+011A (decimal 282)
   defining Unicode char U+011B (decimal 283)
   defining Unicode char U+011C (decimal 284)
   defining Unicode char U+011D (decimal 285)
   defining Unicode char U+011E (decimal 286)
   defining Unicode char U+011F (decimal 287)
   defining Unicode char U+0120 (decimal 288)
   defining Unicode char U+0121 (decimal 289)
   defining Unicode char U+0122 (decimal 290)
   defining Unicode char U+0123 (decimal 291)
   defining Unicode char U+0124 (decimal 292)
   defining Unicode char U+0125 (decimal 293)
   defining Unicode char U+0128 (decimal 296)
   defining Unicode char U+0129 (decimal 297)
   defining Unicode char U+012A (decimal 298)
   defining Unicode char U+012B (decimal 299)
   defining Unicode char U+012C (decimal 300)
   defining Unicode char U+012D (decimal 301)
   defining Unicode char U+012E (decimal 302)
   defining Unicode char U+012F (decimal 303)
   defining Unicode char U+0130 (decimal 304)
   defining Unicode char U+0131 (decimal 305)
   defining Unicode char U+0132 (decimal 306)
   defining Unicode char U+0133 (decimal 307)
   defining Unicode char U+0134 (decimal 308)
   defining Unicode char U+0135 (decimal 309)
   defining Unicode char U+0136 (decimal 310)
   defining Unicode char U+0137 (decimal 311)
   defining Unicode char U+0139 (decimal 313)
   defining Unicode char U+013A (decimal 314)
   defining Unicode char U+013B (decimal 315)
   defining Unicode char U+013C (decimal 316)
   defining Unicode char U+013D (decimal 317)
   defining Unicode char U+013E (decimal 318)
   defining Unicode char U+0141 (decimal 321)
   defining Unicode char U+0142 (decimal 322)
   defining Unicode char U+0143 (decimal 323)
   defining Unicode char U+0144 (decimal 324)
   defining Unicode char U+0145 (decimal 325)
   defining Unicode char U+0146 (decimal 326)
   defining Unicode char U+0147 (decimal 327)
   defining Unicode char U+0148 (decimal 328)
   defining Unicode char U+014A (decimal 330)
   defining Unicode char U+014B (decimal 331)
   defining Unicode char U+014C (decimal 332)
   defining Unicode char U+014D (decimal 333)
   defining Unicode char U+014E (decimal 334)
   defining Unicode char U+014F (decimal 335)
   defining Unicode char U+0150 (decimal 336)
   defining Unicode char U+0151 (decimal 337)
   defining Unicode char U+0152 (decimal 338)
   defining Unicode char U+0153 (decimal 339)
   defining Unicode char U+0154 (decimal 340)
   defining Unicode char U+0155 (decimal 341)
   defining Unicode char U+0156 (decimal 342)
   defining Unicode char U+0157 (decimal 343)
   defining Unicode char U+0158 (decimal 344)
   defining Unicode char U+0159 (decimal 345)
   defining Unicode char U+015A (decimal 346)
   defining Unicode char U+015B (decimal 347)
   defining Unicode char U+015C (decimal 348)
   defining Unicode char U+015D (decimal 349)
   defining Unicode char U+015E (decimal 350)
   defining Unicode char U+015F (decimal 351)
   defining Unicode char U+0160 (decimal 352)
   defining Unicode char U+0161 (decimal 353)
   defining Unicode char U+0162 (decimal 354)
   defining Unicode char U+0163 (decimal 355)
   defining Unicode char U+0164 (decimal 356)
   defining Unicode char U+0165 (decimal 357)
   defining Unicode char U+0168 (decimal 360)
   defining Unicode char U+0169 (decimal 361)
   defining Unicode char U+016A (decimal 362)
   defining Unicode char U+016B (decimal 363)
   defining Unicode char U+016C (decimal 364)
   defining Unicode char U+016D (decimal 365)
   defining Unicode char U+016E (decimal 366)
   defining Unicode char U+016F (decimal 367)
   defining Unicode char U+0170 (decimal 368)
   defining Unicode char U+0171 (decimal 369)
   defining Unicode char U+0172 (decimal 370)
   defining Unicode char U+0173 (decimal 371)
   defining Unicode char U+0174 (decimal 372)
   defining Unicode char U+0175 (decimal 373)
   defining Unicode char U+0176 (decimal 374)
   defining Unicode char U+0177 (decimal 375)
   defining Unicode char U+0178 (decimal 376)
   defining Unicode char U+0179 (decimal 377)
   defining Unicode char U+017A (decimal 378)
   defining Unicode char U+017B (decimal 379)
   defining Unicode char U+017C (decimal 380)
   defining Unicode char U+017D (decimal 381)
   defining Unicode char U+017E (decimal 382)
   defining Unicode char U+01CD (decimal 461)
   defining Unicode char U+01CE (decimal 462)
   defining Unicode char U+01CF (decimal 463)
   defining Unicode char U+01D0 (decimal 464)
   defining Unicode char U+01D1 (decimal 465)
   defining Unicode char U+01D2 (decimal 466)
   defining Unicode char U+01D3 (decimal 467)
   defining Unicode char U+01D4 (decimal 468)
   defining Unicode char U+01E2 (decimal 482)
   defining Unicode char U+01E3 (decimal 483)
   defining Unicode char U+01E6 (decimal 486)
   defining Unicode char U+01E7 (decimal 487)
   defining Unicode char U+01E8 (decimal 488)
   defining Unicode char U+01E9 (decimal 489)
   defining Unicode char U+01EA (decimal 490)
   defining Unicode char U+01EB (decimal 491)
   defining Unicode char U+01F0 (decimal 496)
   defining Unicode char U+01F4 (decimal 500)
   defining Unicode char U+01F5 (decimal 501)
   defining Unicode char U+0218 (decimal 536)
   defining Unicode char U+0219 (decimal 537)
   defining Unicode char U+021A (decimal 538)
   defining Unicode char U+021B (decimal 539)
   defining Unicode char U+0232 (decimal 562)
   defining Unicode char U+0233 (decimal 563)
   defining Unicode char U+1E02 (decimal 7682)
   defining Unicode char U+1E03 (decimal 7683)
   defining Unicode char U+200C (decimal 8204)
   defining Unicode char U+2010 (decimal 8208)
   defining Unicode char U+2011 (decimal 8209)
   defining Unicode char U+2012 (decimal 8210)
   defining Unicode char U+2013 (decimal 8211)
   defining Unicode char U+2014 (decimal 8212)
   defining Unicode char U+2015 (decimal 8213)
   defining Unicode char U+2018 (decimal 8216)
   defining Unicode char U+2019 (decimal 8217)
   defining Unicode char U+201A (decimal 8218)
   defining Unicode char U+201C (decimal 8220)
   defining Unicode char U+201D (decimal 8221)
   defining Unicode char U+201E (decimal 8222)
   defining Unicode char U+2030 (decimal 8240)
   defining Unicode char U+2031 (decimal 8241)
   defining Unicode char U+2039 (decimal 8249)
   defining Unicode char U+203A (decimal 8250)
   defining Unicode char U+2423 (decimal 9251)
   defining Unicode char U+1E20 (decimal 7712)
   defining Unicode char U+1E21 (decimal 7713)
)
Now handling font encoding OT1 ...
... processing UTF-8 mapping file for font encoding OT1

(/usr/share/texlive/texmf-dist/tex/latex/base/ot1enc.dfu
File: ot1enc.dfu 2017/01/28 v1.1t UTF-8 support for inputenc
   defining Unicode char U+00A0 (decimal 160)
   defining Unicode char U+00A1 (decimal 161)
   defining Unicode char U+00A3 (decimal 163)
   defining Unicode char U+00AD (decimal 173)
   defining Unicode char U+00B8 (decimal 184)
   defining Unicode char U+00BF (decimal 191)
   defining Unicode char U+00C5 (decimal 197)
   defining Unicode char U+00C6 (decimal 198)
   defining Unicode char U+00D8 (decimal 216)
   defining Unicode char U+00DF (decimal 223)
   defining Unicode char U+00E6 (decimal 230)
   defining Unicode char U+00EC (decimal 236)
   defining Unicode char U+00ED (decimal 237)
   defining Unicode char U+00EE (decimal 238)
   defining Unicode char U+00EF (decimal 239)
   defining Unicode char U+00F8 (decimal 248)
   defining Unicode char U+0131 (decimal 305)
   defining Unicode char U+0141 (decimal 321)
   defining Unicode char U+0142 (decimal 322)
   defining Unicode char U+0152 (decimal 338)
   defining Unicode char U+0153 (decimal 339)
   defining Unicode char U+0174 (decimal 372)
   defining Unicode char U+0175 (decimal 373)
   defining Unicode char U+0176 (decimal 374)
   defining Unicode char U+0177 (decimal 375)
   defining Unicode char U+0218 (decimal 536)
   defining Unicode char U+0219 (decimal 537)
   defining Unicode char U+021A (decimal 538)
   defining Unicode char U+021B (decimal 539)
   defining Unicode char U+2013 (decimal 8211)
   defining Unicode char U+2014 (decimal 8212)
   defining Unicode char U+2018 (decimal 8216)
   defining Unicode char U+2019 (decimal 8217)
   defining Unicode char U+201C (decimal 8220)
   defining Unicode char U+201D (decimal 8221)
)
Now handling font encoding OMS ...
... processing UTF-8 mapping file for font encoding OMS

(/usr/share/texlive/texmf-dist/tex/latex/base/omsenc.dfu
File: omsenc.dfu 2017/01/28 v1.1t UTF-8 support for inputenc
   defining Unicode char U+00A7 (decimal 167)
   defining Unicode char U+00B6 (decimal 182)
   defining Unicode char U+00B7 (decimal 183)
   defining Unicode char U+2020 (decimal 8224)
   defining Unicode char U+2021 (decimal 8225)
   defining Unicode char U+2022 (decimal 8226)
)
Now handling font encoding OMX ...
... no UTF-8 mapping file for font encoding OMX
Now handling font encoding U ...
... no UTF-8 mapping file for font encoding U
   defining Unicode char U+00A9 (decimal 169)
   defining Unicode char U+00AA (decimal 170)
   defining Unicode char U+00AE (decimal 174)
   defining Unicode char U+00BA (decimal 186)
   defining Unicode char U+02C6 (decimal 710)
   defining Unicode char U+02DC (decimal 732)
   defining Unicode char U+200C (decimal 8204)
   defining Unicode char U+2026 (decimal 8230)
   defining Unicode char U+2122 (decimal 8482)
   defining Unicode char U+2423 (decimal 9251)
))
(/usr/share/texlive/texmf-dist/tex/generic/babel/babel.sty
Package: babel 2018/02/14 3.18 The Babel package

(/usr/share/texlive/texmf-dist/tex/generic/babel/switch.def
File: switch.def 2018/02/14 3.18 Babel switching mechanism
)
(/usr/share/texlive/texmf-dist/tex/generic/babel-russian/russianb.ldf
Language: russian 2017/08/12 1.3j Russian support for the Babel system

(/usr/share/texlive/texmf-dist/tex/generic/babel/babel.def
File: babel.def 2018/02/14 3.18 Babel common definitions
\babel@savecnt=\count87
\U@D=\dimen103

(/usr/share/texlive/texmf-dist/tex/generic/babel/txtbabel.def)
\bbl@dirlevel=\count88
)

Package babel Warning: No Cyrillic font encoding has been loaded so far.
(babel)                A font encoding should be declared before babel.
(babel)                Default `T2A' encoding will be loaded  on input line 74.


(/usr/share/texlive/texmf-dist/tex/latex/cyrillic/t2aenc.def
File: t2aenc.def 2005/09/27 v1.0i Cyrillic encoding definition file
Now handling font encoding T2A ...
... processing UTF-8 mapping file for font encoding T2A

(/usr/share/texlive/texmf-dist/tex/latex/base/t2aenc.dfu
File: t2aenc.dfu 2017/01/28 v1.1t UTF-8 support for inputenc
   defining Unicode char U+00A4 (decimal 164)
   defining Unicode char U+00A7 (decimal 167)
   defining Unicode char U+00AB (decimal 171)
   defining Unicode char U+00BB (decimal 187)
   defining Unicode char U+0131 (decimal 305)
   defining Unicode char U+0400 (decimal 1024)
   defining Unicode char U+0401 (decimal 1025)
   defining Unicode char U+0402 (decimal 1026)
   defining Unicode char U+0403 (decimal 1027)
   defining Unicode char U+0404 (decimal 1028)
   defining Unicode char U+0405 (decimal 1029)
   defining Unicode char U+0406 (decimal 1030)
   defining Unicode char U+0407 (decimal 1031)
   defining Unicode char U+0408 (decimal 1032)
   defining Unicode char U+0409 (decimal 1033)
   defining Unicode char U+040A (decimal 1034)
   defining Unicode char U+040B (decimal 1035)
   defining Unicode char U+040C (decimal 1036)
   defining Unicode char U+040D (decimal 1037)
   defining Unicode char U+040E (decimal 1038)
   defining Unicode char U+040F (decimal 1039)
   defining Unicode char U+0410 (decimal 1040)
   defining Unicode char U+0411 (decimal 1041)
   defining Unicode char U+0412 (decimal 1042)
   defining Unicode char U+0413 (decimal 1043)
   defining Unicode char U+0414 (decimal 1044)
   defining Unicode char U+0415 (decimal 1045)
   defining Unicode char U+0416 (decimal 1046)
   defining Unicode char U+0417 (decimal 1047)
   defining Unicode char U+0418 (decimal 1048)
   defining Unicode char U+0419 (decimal 1049)
   defining Unicode char U+041A (decimal 1050)
   defining Unicode char U+041B (decimal 1051)
   defining Unicode char U+041C (decimal 1052)
   defining Unicode char U+041D (decimal 1053)
   defining Unicode char U+041E (decimal 1054)
   defining Unicode char U+041F (decimal 1055)
   defining Unicode char U+0420 (decimal 1056)
   defining Unicode char U+0421 (decimal 1057)
   defining Unicode char U+0422 (decimal 1058)
   defining Unicode char U+0423 (decimal 1059)
   defining Unicode char U+0424 (decimal 1060)
   defining Unicode char U+0425 (decimal 1061)
   defining Unicode char U+0426 (decimal 1062)
   defining Unicode char U+0427 (decimal 1063)
   defining Unicode char U+0428 (decimal 1064)
   defining Unicode char U+0429 (decimal 1065)
   defining Unicode char U+042A (decimal 1066)
   defining Unicode char U+042B (decimal 1067)
   defining Unicode char U+042C (decimal 1068)
   defining Unicode char U+042D (decimal 1069)
   defining Unicode char U+042E (decimal 1070)
   defining Unicode char U+042F (decimal 1071)
   defining Unicode char U+0430 (decimal 1072)
   defining Unicode char U+0431 (decimal 1073)
   defining Unicode char U+0432 (decimal 1074)
   defining Unicode char U+0433 (decimal 1075)
   defining Unicode char U+0434 (decimal 1076)
   defining Unicode char U+0435 (decimal 1077)
   defining Unicode char U+0436 (decimal 1078)
   defining Unicode char U+0437 (decimal 1079)
   defining Unicode char U+0438 (decimal 1080)
   defining Unicode char U+0439 (decimal 1081)
   defining Unicode char U+043A (decimal 1082)
   defining Unicode char U+043B (decimal 1083)
   defining Unicode char U+043C (decimal 1084)
   defining Unicode char U+043D (decimal 1085)
   defining Unicode char U+043E (decimal 1086)
   defining Unicode char U+043F (decimal 1087)
   defining Unicode char U+0440 (decimal 1088)
   defining Unicode char U+0441 (decimal 1089)
   defining Unicode char U+0442 (decimal 1090)
   defining Unicode char U+0443 (decimal 1091)
   defining Unicode char U+0444 (decimal 1092)
   defining Unicode char U+0445 (decimal 1093)
   defining Unicode char U+0446 (decimal 1094)
   defining Unicode char U+0447 (decimal 1095)
   defining Unicode char U+0448 (decimal 1096)
   defining Unicode char U+0449 (decimal 1097)
   defining Unicode char U+044A (decimal 1098)
   defining Unicode char U+044B (decimal 1099)
   defining Unicode char U+044C (decimal 1100)
   defining Unicode char U+044D (decimal 1101)
   defining Unicode char U+044E (decimal 1102)
   defining Unicode char U+044F (decimal 1103)
   defining Unicode char U+0450 (decimal 1104)
   defining Unicode char U+0451 (decimal 1105)
   defining Unicode char U+0452 (decimal 1106)
   defining Unicode char U+0453 (decimal 1107)
   defining Unicode char U+0454 (decimal 1108)
   defining Unicode char U+0455 (decimal 1109)
   defining Unicode char U+0456 (decimal 1110)
   defining Unicode char U+0457 (decimal 1111)
   defining Unicode char U+0458 (decimal 1112)
   defining Unicode char U+0459 (decimal 1113)
   defining Unicode char U+045A (decimal 1114)
   defining Unicode char U+045B (decimal 1115)
   defining Unicode char U+045C (decimal 1116)
   defining Unicode char U+045D (decimal 1117)
   defining Unicode char U+045E (decimal 1118)
   defining Unicode char U+045F (decimal 1119)
   defining Unicode char U+0490 (decimal 1168)
   defining Unicode char U+0491 (decimal 1169)
   defining Unicode char U+0492 (decimal 1170)
   defining Unicode char U+0493 (decimal 1171)
   defining Unicode char U+0496 (decimal 1174)
   defining Unicode char U+0497 (decimal 1175)
   defining Unicode char U+0498 (decimal 1176)
   defining Unicode char U+0499 (decimal 1177)
   defining Unicode char U+049A (decimal 1178)
   defining Unicode char U+049B (decimal 1179)
   defining Unicode char U+049C (decimal 1180)
   defining Unicode char U+049D (decimal 1181)
   defining Unicode char U+04A0 (decimal 1184)
   defining Unicode char U+04A1 (decimal 1185)
   defining Unicode char U+04A2 (decimal 1186)
   defining Unicode char U+04A3 (decimal 1187)
   defining Unicode char U+04A4 (decimal 1188)
   defining Unicode char U+04A5 (decimal 1189)
   defining Unicode char U+04AA (decimal 1194)
   defining Unicode char U+04AB (decimal 1195)
   defining Unicode char U+04AE (decimal 1198)
   defining Unicode char U+04AF (decimal 1199)
   defining Unicode char U+04B0 (decimal 1200)
   defining Unicode char U+04B1 (decimal 1201)
   defining Unicode char U+04B2 (decimal 1202)
   defining Unicode char U+04B3 (decimal 1203)
   defining Unicode char U+04B6 (decimal 1206)
   defining Unicode char U+04B7 (decimal 1207)
   defining Unicode char U+04B8 (decimal 1208)
   defining Unicode char U+04B9 (decimal 1209)
   defining Unicode char U+04BA (decimal 1210)
   defining Unicode char U+04BB (decimal 1211)
   defining Unicode char U+04C0 (decimal 1216)
   defining Unicode char U+04C1 (decimal 1217)
   defining Unicode char U+04C2 (decimal 1218)
   defining Unicode char U+04D0 (decimal 1232)
   defining Unicode char U+04D1 (decimal 1233)
   defining Unicode char U+04D2 (decimal 1234)
   defining Unicode char U+04D3 (decimal 1235)
   defining Unicode char U+04D4 (decimal 1236)
   defining Unicode char U+04D5 (decimal 1237)
   defining Unicode char U+04D6 (decimal 1238)
   defining Unicode char U+04D7 (decimal 1239)
   defining Unicode char U+04D8 (decimal 1240)
   defining Unicode char U+04D9 (decimal 1241)
   defining Unicode char U+04DA (decimal 1242)
   defining Unicode char U+04DB (decimal 1243)
   defining Unicode char U+04DC (decimal 1244)
   defining Unicode char U+04DD (decimal 1245)
   defining Unicode char U+04DE (decimal 1246)
   defining Unicode char U+04DF (decimal 1247)
   defining Unicode char U+04E2 (decimal 1250)
   defining Unicode char U+04E3 (decimal 1251)
   defining Unicode char U+04E4 (decimal 1252)
   defining Unicode char U+04E5 (decimal 1253)
   defining Unicode char U+04E6 (decimal 1254)
   defining Unicode char U+04E7 (decimal 1255)
   defining Unicode char U+04E8 (decimal 1256)
   defining Unicode char U+04E9 (decimal 1257)
   defining Unicode char U+04EC (decimal 1260)
   defining Unicode char U+04ED (decimal 1261)
   defining Unicode char U+04EE (decimal 1262)
   defining Unicode char U+04EF (decimal 1263)
   defining Unicode char U+04F0 (decimal 1264)
   defining Unicode char U+04F1 (decimal 1265)
   defining Unicode char U+04F2 (decimal 1266)
   defining Unicode char U+04F3 (decimal 1267)
   defining Unicode char U+04F4 (decimal 1268)
   defining Unicode char U+04F5 (decimal 1269)
   defining Unicode char U+04F8 (decimal 1272)
   defining Unicode char U+04F9 (decimal 1273)
   defining Unicode char U+200C (decimal 8204)
   defining Unicode char U+2013 (decimal 8211)
   defining Unicode char U+2014 (decimal 8212)
   defining Unicode char U+2018 (decimal 8216)
   defining Unicode char U+2019 (decimal 8217)
   defining Unicode char U+201C (decimal 8220)
   defining Unicode char U+201D (decimal 8221)
   defining Unicode char U+201E (decimal 8222)
   defining Unicode char U+2030 (decimal 8240)
   defining Unicode char U+2031 (decimal 8241)
   defining Unicode char U+2116 (decimal 8470)
   defining Unicode char U+2329 (decimal 9001)
   defining Unicode char U+232A (decimal 9002)
   defining Unicode char U+2423 (decimal 9251)
))
Package babel Info: Making " an active character on input line 120.
Package babel Info: Default for \cyrdash is provided on input line 157.
))
(/usr/share/texlive/texmf-dist/tex/latex/graphics/graphicx.sty
Package: graphicx 2017/06/01 v1.1a Enhanced LaTeX Graphics (DPC,SPQR)

(/usr/share/texlive/texmf-dist/tex/latex/graphics/keyval.sty
Package: keyval 2014/10/28 v1.15 key=value parser (DPC)
\KV@toks@=\toks16
)
(/usr/share/texlive/texmf-dist/tex/latex/graphics/graphics.sty
Package: graphics 2017/06/25 v1.2c Standard LaTeX Graphics (DPC,SPQR)

(/usr/share/texlive/texmf-dist/tex/latex/graphics/trig.sty
Package: trig 2016/01/03 v1.10 sin cos tan (DPC)
)
(/usr/share/texlive/texmf-dist/tex/latex/graphics-cfg/graphics.cfg
File: graphics.cfg 2016/06/04 v1.11 sample graphics configuration
)
Package graphics Info: Driver file: pdftex.def on input line 99.

(/usr/share/texlive/texmf-dist/tex/latex/graphics-def/pdftex.def
File: pdftex.def 2018/01/08 v1.0l Graphics/color driver for pdftex
))
\Gin@req@height=\dimen104
\Gin@req@width=\dimen105
)
(/usr/share/texlive/texmf-dist/tex/latex/amsfonts/amsfonts.sty
Package: amsfonts 2013/01/14 v3.01 Basic AMSFonts support
\@emptytoks=\toks17
\symAMSa=\mathgroup4
\symAMSb=\mathgroup5
LaTeX Font Info:    Overwriting math alphabet `\mathfrak' in version `bold'
(Font)                  U/euf/m/n --> U/euf/b/n on input line 106.
)
(/usr/share/texlive/texmf-dist/tex/latex/amsfonts/amssymb.sty
Package: amssymb 2013/01/14 v3.01 AMS font symbols
)
(/usr/share/texlive/texmf-dist/tex/latex/jknapltx/mathrsfs.sty
Package: mathrsfs 1996/01/01 Math RSFS package v1.0 (jk)
\symrsfs=\mathgroup6
)
(/usr/share/texlive/texmf-dist/tex/latex/amsmath/amsmath.sty
Package: amsmath 2017/09/02 v2.17a AMS math features
\@mathmargin=\skip43

For additional information on amsmath, use the `?' option.
(/usr/share/texlive/texmf-dist/tex/latex/amsmath/amstext.sty
Package: amstext 2000/06/29 v2.01 AMS text

(/usr/share/texlive/texmf-dist/tex/latex/amsmath/amsgen.sty
File: amsgen.sty 1999/11/30 v2.0 generic functions
\@emptytoks=\toks18
\ex@=\dimen106
))
(/usr/share/texlive/texmf-dist/tex/latex/amsmath/amsbsy.sty
Package: amsbsy 1999/11/29 v1.2d Bold Symbols
\pmbraise@=\dimen107
)
(/usr/share/texlive/texmf-dist/tex/latex/amsmath/amsopn.sty
Package: amsopn 2016/03/08 v2.02 operator names
)
\inf@bad=\count89
LaTeX Info: Redefining \frac on input line 213.
\uproot@=\count90
\leftroot@=\count91
LaTeX Info: Redefining \overline on input line 375.
\classnum@=\count92
\DOTSCASE@=\count93
LaTeX Info: Redefining \ldots on input line 472.
LaTeX Info: Redefining \dots on input line 475.
LaTeX Info: Redefining \cdots on input line 596.
\Mathstrutbox@=\box26
\strutbox@=\box27
\big@size=\dimen108
LaTeX Font Info:    Redeclaring font encoding OML on input line 712.
LaTeX Font Info:    Redeclaring font encoding OMS on input line 713.
\macc@depth=\count94
\c@MaxMatrixCols=\count95
\dotsspace@=\muskip10
\c@parentequation=\count96
\dspbrk@lvl=\count97
\tag@help=\toks19
\row@=\count98
\column@=\count99
\maxfields@=\count100
\andhelp@=\toks20
\eqnshift@=\dimen109
\alignsep@=\dimen110
\tagshift@=\dimen111
\tagwidth@=\dimen112
\totwidth@=\dimen113
\lineht@=\dimen114
\@envbody=\toks21
\multlinegap=\skip44
\multlinetaggap=\skip45
\mathdisplay@stack=\toks22
LaTeX Info: Redefining \[ on input line 2817.
LaTeX Info: Redefining \] on input line 2818.
)
(/usr/share/texlive/texmf-dist/tex/latex/biblatex/biblatex.sty
Package: biblatex 2017/12/19 v3.10 programmable bibliographies (PK/JW/AB)

(/usr/share/texlive/texmf-dist/tex/generic/oberdiek/pdftexcmds.sty
Package: pdftexcmds 2018/01/21 v0.26 Utility functions of pdfTeX for LuaTeX (HO
)

(/usr/share/texlive/texmf-dist/tex/generic/oberdiek/infwarerr.sty
Package: infwarerr 2016/05/16 v1.4 Providing info/warning/error messages (HO)
)
(/usr/share/texlive/texmf-dist/tex/generic/oberdiek/ifluatex.sty
Package: ifluatex 2016/05/16 v1.4 Provides the ifluatex switch (HO)
Package ifluatex Info: LuaTeX not detected.
)
(/usr/share/texlive/texmf-dist/tex/generic/oberdiek/ltxcmds.sty
Package: ltxcmds 2016/05/16 v1.23 LaTeX kernel commands for general use (HO)
)
(/usr/share/texlive/texmf-dist/tex/generic/oberdiek/ifpdf.sty
Package: ifpdf 2017/03/15 v3.2 Provides the ifpdf switch
)
Package pdftexcmds Info: LuaTeX not detected.
Package pdftexcmds Info: \pdf@primitive is available.
Package pdftexcmds Info: \pdf@ifprimitive is available.
Package pdftexcmds Info: \pdfdraftmode found.
)
(/usr/share/texlive/texmf-dist/tex/latex/etoolbox/etoolbox.sty
Package: etoolbox 2018/02/11 v2.5e e-TeX tools for LaTeX (JAW)
\etb@tempcnta=\count101
)
(/usr/share/texlive/texmf-dist/tex/latex/oberdiek/kvoptions.sty
Package: kvoptions 2016/05/16 v3.12 Key value format for package options (HO)

(/usr/share/texlive/texmf-dist/tex/generic/oberdiek/kvsetkeys.sty
Package: kvsetkeys 2016/05/16 v1.17 Key value parser (HO)

(/usr/share/texlive/texmf-dist/tex/generic/oberdiek/etexcmds.sty
Package: etexcmds 2016/05/16 v1.6 Avoid name clashes with e-TeX commands (HO)
Package etexcmds Info: Could not find \expanded.
(etexcmds)             That can mean that you are not using pdfTeX 1.50 or
(etexcmds)             that some package has redefined \expanded.
(etexcmds)             In the latter case, load this package earlier.
)))
(/usr/share/texlive/texmf-dist/tex/latex/logreq/logreq.sty
Package: logreq 2010/08/04 v1.0 xml request logger
\lrq@indent=\count102

(/usr/share/texlive/texmf-dist/tex/latex/logreq/logreq.def
File: logreq.def 2010/08/04 v1.0 logreq spec v1.0
))
(/usr/share/texlive/texmf-dist/tex/latex/base/ifthen.sty
Package: ifthen 2014/09/29 v1.1c Standard LaTeX ifthen package (DPC)
)
(/usr/share/texlive/texmf-dist/tex/latex/url/url.sty
\Urlmuskip=\muskip11
Package: url 2013/09/16  ver 3.4  Verb mode for urls, etc.
)
(/usr/share/texlive/texmf-dist/tex/generic/xstring/xstring.sty
(/usr/share/texlive/texmf-dist/tex/generic/xstring/xstring.tex
\@xs@message=\write3
\integerpart=\count103
\decimalpart=\count104
)
Package: xstring 2013/10/13  v1.7c  String manipulations (C Tellechea)
)
\c@tabx@nest=\count105
\c@listtotal=\count106
\c@listcount=\count107
\c@liststart=\count108
\c@liststop=\count109
\c@citecount=\count110
\c@citetotal=\count111
\c@multicitecount=\count112
\c@multicitetotal=\count113
\c@instcount=\count114
\c@maxnames=\count115
\c@minnames=\count116
\c@maxitems=\count117
\c@minitems=\count118
\c@citecounter=\count119
\c@savedcitecounter=\count120
\c@uniquelist=\count121
\c@uniquename=\count122
\c@refsection=\count123
\c@refsegment=\count124
\c@maxextratitle=\count125
\c@maxextratitleyear=\count126
\c@maxextradate=\count127
\c@maxextraalpha=\count128
\c@abbrvpenalty=\count129
\c@highnamepenalty=\count130
\c@lownamepenalty=\count131
\c@maxparens=\count132
\c@parenlevel=\count133
\blx@tempcnta=\count134
\blx@tempcntb=\count135
\blx@tempcntc=\count136
\blx@maxsection=\count137
\blx@maxsegment@0=\count138
\blx@notetype=\count139
\blx@parenlevel@text=\count140
\blx@parenlevel@foot=\count141
\blx@sectionciteorder@0=\count142
\labelnumberwidth=\skip46
\labelalphawidth=\skip47
\biblabelsep=\skip48
\bibitemsep=\skip49
\bibnamesep=\skip50
\bibinitsep=\skip51
\bibparsep=\skip52
\bibhang=\skip53
\blx@bcfin=\read1
\blx@bcfout=\write4
\c@mincomprange=\count143
\c@maxcomprange=\count144
\c@mincompwidth=\count145
Package biblatex Info: Trying to load biblatex default data model...
Package biblatex Info: ... file 'blx-dm.def' found.

(/usr/share/texlive/texmf-dist/tex/latex/biblatex/blx-dm.def)
Package biblatex Info: Trying to load biblatex custom data model...
Package biblatex Info: ... file 'biblatex-dm.cfg' not found.
\c@afterword=\count146
\c@savedafterword=\count147
\c@annotator=\count148
\c@savedannotator=\count149
\c@author=\count150
\c@savedauthor=\count151
\c@bookauthor=\count152
\c@savedbookauthor=\count153
\c@commentator=\count154
\c@savedcommentator=\count155
\c@editor=\count156
\c@savededitor=\count157
\c@editora=\count158
\c@savededitora=\count159
\c@editorb=\count160
\c@savededitorb=\count161
\c@editorc=\count162
\c@savededitorc=\count163
\c@foreword=\count164
\c@savedforeword=\count165
\c@holder=\count166
\c@savedholder=\count167
\c@introduction=\count168
\c@savedintroduction=\count169
\c@namea=\count170
\c@savednamea=\count171
\c@nameb=\count172
\c@savednameb=\count173
\c@namec=\count174
\c@savednamec=\count175
\c@translator=\count176
\c@savedtranslator=\count177
\c@shortauthor=\count178
\c@savedshortauthor=\count179
\c@shorteditor=\count180
\c@savedshorteditor=\count181
\c@labelname=\count182
\c@savedlabelname=\count183
\c@institution=\count184
\c@savedinstitution=\count185
\c@lista=\count186
\c@savedlista=\count187
\c@listb=\count188
\c@savedlistb=\count189
\c@listc=\count190
\c@savedlistc=\count191
\c@listd=\count192
\c@savedlistd=\count193
\c@liste=\count194
\c@savedliste=\count195
\c@listf=\count196
\c@savedlistf=\count197
\c@location=\count198
\c@savedlocation=\count199
\c@organization=\count266
\c@savedorganization=\count267
\c@origlocation=\count268
\c@savedoriglocation=\count269
\c@origpublisher=\count270
\c@savedorigpublisher=\count271
\c@publisher=\count272
\c@savedpublisher=\count273
\c@language=\count274
\c@savedlanguage=\count275
\c@origlanguage=\count276
\c@savedoriglanguage=\count277
\c@pageref=\count278
\c@savedpageref=\count279
\shorthandwidth=\skip54
\shortjournalwidth=\skip55
\shortserieswidth=\skip56
\shorttitlewidth=\skip57
\shortauthorwidth=\skip58
\shorteditorwidth=\skip59
Package biblatex Info: Trying to load compatibility code...
Package biblatex Info: ... file 'blx-compat.def' found.

(/usr/share/texlive/texmf-dist/tex/latex/biblatex/blx-compat.def
File: blx-compat.def 2017/12/19 v3.10 biblatex compatibility (PK/JW/AB)
)
Package biblatex Info: Trying to load generic definitions...
Package biblatex Info: ... file 'biblatex.def' found.

(/usr/share/texlive/texmf-dist/tex/latex/biblatex/biblatex.def
File: biblatex.def 2017/12/19 v3.10 biblatex compatibility (PK/JW/AB)
\c@textcitecount=\count280
\c@textcitetotal=\count281
\c@textcitemaxnames=\count282
\c@biburlnumpenalty=\count283
\c@biburlucpenalty=\count284
\c@biburllcpenalty=\count285
\c@smartand=\count286
)
Package biblatex Info: Trying to load bibliography style 'numeric'...
Package biblatex Info: ... file 'numeric.bbx' found.

(/usr/share/texlive/texmf-dist/tex/latex/biblatex/bbx/numeric.bbx
File: numeric.bbx 2017/12/19 v3.10 biblatex bibliography style (PK/JW/AB)
Package biblatex Info: Trying to load bibliography style 'standard'...
Package biblatex Info: ... file 'standard.bbx' found.

(/usr/share/texlive/texmf-dist/tex/latex/biblatex/bbx/standard.bbx
File: standard.bbx 2017/12/19 v3.10 biblatex bibliography style (PK/JW/AB)
\c@bbx:relatedcount=\count287
\c@bbx:relatedtotal=\count288
))
Package biblatex Info: Trying to load citation style 'numeric'...
Package biblatex Info: ... file 'numeric.cbx' found.

(/usr/share/texlive/texmf-dist/tex/latex/biblatex/cbx/numeric.cbx
File: numeric.cbx 2017/12/19 v3.10 biblatex citation style (PK/JW/AB)
Package biblatex Info: Redefining '\cite'.
Package biblatex Info: Redefining '\parencite'.
Package biblatex Info: Redefining '\footcite'.
Package biblatex Info: Redefining '\footcitetext'.
Package biblatex Info: Redefining '\smartcite'.
Package biblatex Info: Redefining '\supercite'.
Package biblatex Info: Redefining '\textcite'.
Package biblatex Info: Redefining '\textcites'.
Package biblatex Info: Redefining '\cites'.
Package biblatex Info: Redefining '\parencites'.
Package biblatex Info: Redefining '\smartcites'.
)
Package biblatex Info: Trying to load configuration file...
Package biblatex Info: ... file 'biblatex.cfg' found.

(/usr/share/texlive/texmf-dist/tex/latex/biblatex/biblatex.cfg
File: biblatex.cfg 
))
(/usr/share/texmf/tex/latex/tipa/tipa.sty
Package: tipa 2002/08/08 TIPA version 1.1

(/usr/share/texlive/texmf-dist/tex/latex/base/fontenc.sty
Package: fontenc 2017/04/05 v2.0i Standard LaTeX package

(/usr/share/texmf/tex/latex/tipa/t3enc.def
File: t3enc.def 2001/12/31 T3 encoding
Now handling font encoding T3 ...
... no UTF-8 mapping file for font encoding T3
)
(/usr/share/texlive/texmf-dist/tex/latex/base/ot1enc.def
File: ot1enc.def 2017/04/05 v2.0i Standard LaTeX file
LaTeX Font Info:    Redeclaring font encoding OT1 on input line 48.
)))
(/usr/share/texlive/texmf-dist/tex/latex/was/upgreek.sty
Package: upgreek 2003/02/12 v2.0 (WaS)
Package upgreek Info: Using Euler Roman for upright Greek on input line 31.
\symugrf@m=\mathgroup7
LaTeX Font Info:    Overwriting symbol font `ugrf@m' in version `bold'
(Font)                  U/eur/m/n --> U/eur/b/n on input line 38.
)
(/usr/share/texlive/texmf-dist/tex/latex/tools/indentfirst.sty
Package: indentfirst 1995/11/23 v1.03 Indent first paragraph (DPC)
)
(/usr/share/texlive/texmf-dist/tex/latex/xcolor/xcolor.sty
Package: xcolor 2016/05/11 v2.12 LaTeX color extensions (UK)

(/usr/share/texlive/texmf-dist/tex/latex/graphics-cfg/color.cfg
File: color.cfg 2016/01/02 v1.6 sample color configuration
)
Package xcolor Info: Driver file: pdftex.def on input line 225.
Package xcolor Info: Model `cmy' substituted by `cmy0' on input line 1348.
Package xcolor Info: Model `hsb' substituted by `rgb' on input line 1352.
Package xcolor Info: Model `RGB' extended on input line 1364.
Package xcolor Info: Model `HTML' substituted by `rgb' on input line 1366.
Package xcolor Info: Model `Hsb' substituted by `hsb' on input line 1367.
Package xcolor Info: Model `tHsb' substituted by `hsb' on input line 1368.
Package xcolor Info: Model `HSB' substituted by `hsb' on input line 1369.
Package xcolor Info: Model `Gray' substituted by `gray' on input line 1370.
Package xcolor Info: Model `wave' substituted by `hsb' on input line 1371.
)
(/usr/share/texlive/texmf-dist/tex/latex/hyperref/hyperref.sty
Package: hyperref 2018/02/06 v6.86b Hypertext links for LaTeX

(/usr/share/texlive/texmf-dist/tex/generic/oberdiek/hobsub-hyperref.sty
Package: hobsub-hyperref 2016/05/16 v1.14 Bundle oberdiek, subset hyperref (HO)


(/usr/share/texlive/texmf-dist/tex/generic/oberdiek/hobsub-generic.sty
Package: hobsub-generic 2016/05/16 v1.14 Bundle oberdiek, subset generic (HO)
Package: hobsub 2016/05/16 v1.14 Construct package bundles (HO)
Package hobsub Info: Skipping package `infwarerr' (already loaded).
Package hobsub Info: Skipping package `ltxcmds' (already loaded).
Package hobsub Info: Skipping package `ifluatex' (already loaded).
Package: ifvtex 2016/05/16 v1.6 Detect VTeX and its facilities (HO)
Package ifvtex Info: VTeX not detected.
Package: intcalc 2016/05/16 v1.2 Expandable calculations with integers (HO)
Package hobsub Info: Skipping package `ifpdf' (already loaded).
Package hobsub Info: Skipping package `etexcmds' (already loaded).
Package hobsub Info: Skipping package `kvsetkeys' (already loaded).
Package: kvdefinekeys 2016/05/16 v1.4 Define keys (HO)
Package hobsub Info: Skipping package `pdftexcmds' (already loaded).
Package: pdfescape 2016/05/16 v1.14 Implements pdfTeX's escape features (HO)
Package: bigintcalc 2016/05/16 v1.4 Expandable calculations on big integers (HO
)
Package: bitset 2016/05/16 v1.2 Handle bit-vector datatype (HO)
Package: uniquecounter 2016/05/16 v1.3 Provide unlimited unique counter (HO)
)
Package hobsub Info: Skipping package `hobsub' (already loaded).
Package: letltxmacro 2016/05/16 v1.5 Let assignment for LaTeX macros (HO)
Package: hopatch 2016/05/16 v1.3 Wrapper for package hooks (HO)
Package: xcolor-patch 2016/05/16 xcolor patch
Package: atveryend 2016/05/16 v1.9 Hooks at the very end of document (HO)
Package: atbegshi 2016/06/09 v1.18 At begin shipout hook (HO)
Package: refcount 2016/05/16 v3.5 Data extraction from label references (HO)
Package: hycolor 2016/05/16 v1.8 Color options for hyperref/bookmark (HO)
)
(/usr/share/texlive/texmf-dist/tex/generic/ifxetex/ifxetex.sty
Package: ifxetex 2010/09/12 v0.6 Provides ifxetex conditional
)
(/usr/share/texlive/texmf-dist/tex/latex/oberdiek/auxhook.sty
Package: auxhook 2016/05/16 v1.4 Hooks for auxiliary files (HO)
)
\@linkdim=\dimen115
\Hy@linkcounter=\count289
\Hy@pagecounter=\count290

(/usr/share/texlive/texmf-dist/tex/latex/hyperref/pd1enc.def
File: pd1enc.def 2018/02/06 v6.86b Hyperref: PDFDocEncoding definition (HO)
Now handling font encoding PD1 ...
... no UTF-8 mapping file for font encoding PD1
)
\Hy@SavedSpaceFactor=\count291
Package hyperref Info: Option `unicode' set `true' on input line 3456.

(/usr/share/texlive/texmf-dist/tex/latex/hyperref/puenc.def
File: puenc.def 2018/02/06 v6.86b Hyperref: PDF Unicode definition (HO)
Now handling font encoding PU ...
... no UTF-8 mapping file for font encoding PU
)
(/usr/share/texlive/texmf-dist/tex/latex/latexconfig/hyperref.cfg
File: hyperref.cfg 2002/06/06 v1.2 hyperref configuration of TeXLive
)
Package hyperref Info: Hyper figures OFF on input line 4509.
Package hyperref Info: Link nesting OFF on input line 4514.
Package hyperref Info: Hyper index ON on input line 4517.
Package hyperref Info: Plain pages OFF on input line 4524.
Package hyperref Info: Backreferencing OFF on input line 4529.
Package hyperref Info: Implicit mode ON; LaTeX internals redefined.
Package hyperref Info: Bookmarks ON on input line 4762.
\c@Hy@tempcnt=\count292
LaTeX Info: Redefining \url on input line 5115.
\XeTeXLinkMargin=\dimen116
\Fld@menulength=\count293
\Field@Width=\dimen117
\Fld@charsize=\dimen118
Package hyperref Info: Hyper figures OFF on input line 6369.
Package hyperref Info: Link nesting OFF on input line 6374.
Package hyperref Info: Hyper index ON on input line 6377.
Package hyperref Info: backreferencing OFF on input line 6384.
Package hyperref Info: Link coloring OFF on input line 6389.
Package hyperref Info: Link coloring with OCG OFF on input line 6394.
Package hyperref Info: PDF/A mode OFF on input line 6399.
LaTeX Info: Redefining \ref on input line 6439.
LaTeX Info: Redefining \pageref on input line 6443.
\Hy@abspage=\count294
\c@Item=\count295
\c@Hfootnote=\count296
)
Package hyperref Info: Driver (autodetected): hpdftex.

(/usr/share/texlive/texmf-dist/tex/latex/hyperref/hpdftex.def
File: hpdftex.def 2018/02/06 v6.86b Hyperref driver for pdfTeX
\Fld@listcount=\count297
\c@bookmark@seq@number=\count298

(/usr/share/texlive/texmf-dist/tex/latex/oberdiek/rerunfilecheck.sty
Package: rerunfilecheck 2016/05/16 v1.8 Rerun checks for auxiliary files (HO)
Package uniquecounter Info: New unique counter `rerunfilecheck' on input line 2
82.
)
\Hy@SectionHShift=\skip60
)
(/usr/share/texlive/texmf-dist/tex/latex/marvosym/marvosym.sty
Package: marvosym 2011/07/20 v2.2 Martin Vogel's Symbols font definitions
)
Package hyperref Info: Option `colorlinks' set `true' on input line 22.
\c@theorem=\count299
\c@definition=\count300
\c@statement=\count301
\c@proof=\count302
\c@properties=\count303
Package biblatex Info: Trying to load language 'russian'...
Package biblatex Info: ... file 'russian.lbx' found.

(/usr/share/texlive/texmf-dist/tex/latex/biblatex/lbx/russian.lbx
File: russian.lbx 2017/12/19 v3.10 biblatex localization (PK/JW/AB)
)

Package biblatex Warning: 'babel/polyglossia' detected but 'csquotes' missing.
(biblatex)                Loading 'csquotes' recommended.

\@quotelevel=\count304
\@quotereset=\count305
(./отчет (2).aux
LaTeX Font Info:    Try loading font information for T2A+cmr on input line 24.

(/usr/share/texlive/texmf-dist/tex/latex/cyrillic/t2acmr.fd
File: t2acmr.fd 2001/08/11 v1.0a Computer Modern Cyrillic font definitions
))
\openout1 = `"отчет (2).aux"'.

LaTeX Font Info:    Checking defaults for OML/cmm/m/it on input line 51.
LaTeX Font Info:    ... okay on input line 51.
LaTeX Font Info:    Checking defaults for T1/cmr/m/n on input line 51.
LaTeX Font Info:    ... okay on input line 51.
LaTeX Font Info:    Checking defaults for OT1/cmr/m/n on input line 51.
LaTeX Font Info:    ... okay on input line 51.
LaTeX Font Info:    Checking defaults for OMS/cmsy/m/n on input line 51.
LaTeX Font Info:    ... okay on input line 51.
LaTeX Font Info:    Checking defaults for OMX/cmex/m/n on input line 51.
LaTeX Font Info:    ... okay on input line 51.
LaTeX Font Info:    Checking defaults for U/cmr/m/n on input line 51.
LaTeX Font Info:    ... okay on input line 51.
LaTeX Font Info:    Checking defaults for T2A/cmr/m/n on input line 51.
LaTeX Font Info:    ... okay on input line 51.
LaTeX Font Info:    Checking defaults for T3/cmr/m/n on input line 51.
LaTeX Font Info:    Try loading font information for T3+cmr on input line 51.

(/usr/share/texmf/tex/latex/tipa/t3cmr.fd
File: t3cmr.fd 2001/12/31 TIPA font definitions
)
LaTeX Font Info:    ... okay on input line 51.
LaTeX Font Info:    Checking defaults for PD1/pdf/m/n on input line 51.
LaTeX Font Info:    ... okay on input line 51.
LaTeX Font Info:    Checking defaults for PU/pdf/m/n on input line 51.
LaTeX Font Info:    ... okay on input line 51.

(/usr/share/texlive/texmf-dist/tex/context/base/mkii/supp-pdf.mkii
[Loading MPS to PDF converter (version 2006.09.02).]
\scratchcounter=\count306
\scratchdimen=\dimen119
\scratchbox=\box28
\nofMPsegments=\count307
\nofMParguments=\count308
\everyMPshowfont=\toks23
\MPscratchCnt=\count309
\MPscratchDim=\dimen120
\MPnumerator=\count310
\makeMPintoPDFobject=\count311
\everyMPtoPDFconversion=\toks24
) (/usr/share/texlive/texmf-dist/tex/latex/oberdiek/epstopdf-base.sty
Package: epstopdf-base 2016/05/15 v2.6 Base part for package epstopdf

(/usr/share/texlive/texmf-dist/tex/latex/oberdiek/grfext.sty
Package: grfext 2016/05/16 v1.2 Manage graphics extensions (HO)
)
Package epstopdf-base Info: Redefining graphics rule for `.eps' on input line 4
38.
Package grfext Info: Graphics extension search list:
(grfext)             [.pdf,.png,.jpg,.mps,.jpeg,.jbig2,.jb2,.PDF,.PNG,.JPG,.JPE
G,.JBIG2,.JB2,.eps]
(grfext)             \AppendGraphicsExtensions on input line 456.

(/usr/share/texlive/texmf-dist/tex/latex/latexconfig/epstopdf-sys.cfg
File: epstopdf-sys.cfg 2010/07/13 v1.3 Configuration of (r)epstopdf for TeX Liv
e
))
Package biblatex Info: Input encoding 'utf8' detected.
Package biblatex Info: Automatic encoding selection.
(biblatex)             Assuming data encoding 'utf8'.
\openout4 = `"отчет (2).bcf"'.

Package biblatex Info: Trying to load bibliographic data...
Package biblatex Info: ... file '"отчет (2)".bbl' not found.

No file "отчет (2)".bbl.
Package biblatex Info: Reference section=0 on input line 51.
Package biblatex Info: Reference segment=0 on input line 51.
\AtBeginShipoutBox=\box29
Package hyperref Info: Link coloring ON on input line 51.
(/usr/share/texlive/texmf-dist/tex/latex/hyperref/nameref.sty
Package: nameref 2016/05/21 v2.44 Cross-referencing by name of section

(/usr/share/texlive/texmf-dist/tex/generic/oberdiek/gettitlestring.sty
Package: gettitlestring 2016/05/16 v1.5 Cleanup title references (HO)
)
\c@section@level=\count312
)
LaTeX Info: Redefining \ref on input line 51.
LaTeX Info: Redefining \pageref on input line 51.
LaTeX Info: Redefining \nameref on input line 51.

(./отчет (2).out) (./отчет (2).out)
\@outlinefile=\write5
\openout5 = `"отчет (2).out"'.

Package epstopdf Info: Source file: <msu.eps>
(epstopdf)                    date: 2020-12-04 23:32:07
(epstopdf)                    size: 29500 bytes
(epstopdf)             Output file: <msu-eps-converted-to.pdf>
(epstopdf)                    date: 2021-10-06 14:22:23
(epstopdf)                    size: 5465 bytes
(epstopdf)             Command: <repstopdf --outfile=msu-eps-converted-to.pdf m
su.eps>
(epstopdf)             \includegraphics on input line 58.
Package epstopdf Info: Output file is already uptodate.


pdfTeX warning: /usr/bin/pdflatex (file ./msu-eps-converted-to.pdf): PDF inclus
ion: found PDF version <1.7>, but at most version <1.5> allowed
<msu-eps-converted-to.pdf, id=289, 187.70125pt x 101.37875pt>
File: msu-eps-converted-to.pdf Graphic file (type pdf)
<use msu-eps-converted-to.pdf>
Package pdftex.def Info: msu-eps-converted-to.pdf  used on input line 58.
(pdftex.def)             Requested size: 221.32687pt x 119.54852pt.
Package babel Info: Redefining russian shorthand "|
(babel)             in language  on input line 90.
Package babel Info: Redefining russian shorthand "~
(babel)             in language  on input line 90.
Package babel Info: Redefining russian shorthand "|
(babel)             in language  on input line 90.
Package babel Info: Redefining russian shorthand "~
(babel)             in language  on input line 90.
[1

{/var/lib/texmf/fonts/map/pdftex/updmap/pdftex.map} <./msu-eps-converted-to.pdf
>] (./отчет (2).toc
LaTeX Font Info:    Try loading font information for U+msa on input line 6.

(/usr/share/texlive/texmf-dist/tex/latex/amsfonts/umsa.fd
File: umsa.fd 2013/01/14 v3.01 AMS symbols A
)
LaTeX Font Info:    Try loading font information for U+msb on input line 6.

(/usr/share/texlive/texmf-dist/tex/latex/amsfonts/umsb.fd
File: umsb.fd 2013/01/14 v3.01 AMS symbols B
)
LaTeX Font Info:    Try loading font information for U+rsfs on input line 6.

(/usr/share/texlive/texmf-dist/tex/latex/jknapltx/ursfs.fd
File: ursfs.fd 1998/03/24 rsfs font definition file (jk)
)
Package babel Info: Redefining russian shorthand "|
(babel)             in language  on input line 84.
Package babel Info: Redefining russian shorthand "~
(babel)             in language  on input line 84.
Package babel Info: Redefining russian shorthand "|
(babel)             in language  on input line 84.
Package babel Info: Redefining russian shorthand "~
(babel)             in language  on input line 84.
 [2])
\tf@toc=\write6
\openout6 = `"отчет (2).toc"'.

Package babel Info: Redefining russian shorthand "|
(babel)             in language  on input line 96.
Package babel Info: Redefining russian shorthand "~
(babel)             in language  on input line 96.
Package babel Info: Redefining russian shorthand "|
(babel)             in language  on input line 96.
Package babel Info: Redefining russian shorthand "~
(babel)             in language  on input line 96.
 [3]
Package babel Info: Redefining russian shorthand "|
(babel)             in language  on input line 97.
Package babel Info: Redefining russian shorthand "~
(babel)             in language  on input line 97.
Package babel Info: Redefining russian shorthand "|
(babel)             in language  on input line 98.
Package babel Info: Redefining russian shorthand "~
(babel)             in language  on input line 98.
Package babel Info: Redefining russian shorthand "|
(babel)             in language  on input line 104.
Package babel Info: Redefining russian shorthand "~
(babel)             in language  on input line 104.
LaTeX Font Info:    Try loading font information for OMS+cmr on input line 109.


(/usr/share/texlive/texmf-dist/tex/latex/base/omscmr.fd
File: omscmr.fd 2014/09/29 v2.5h Standard LaTeX font definitions
)
LaTeX Font Info:    Font shape `OMS/cmr/m/it' in size <10.95> not available
(Font)              Font shape `OMS/cmsy/m/n' tried instead on input line 109.


! Package inputenc Error: Unicode char − (U+2212)
(inputenc)                not set up for use with LaTeX.

See the inputenc package documentation for explanation.
Type  H <return>  for immediate help.
 ...                                              
                                                  
l.115 ... 0 с вероятностью $q = 1−
                                                  p$, называется ...

Your command was ignored.
Type  I <command> <return>  to replace it with another command,
or  <return>  to continue without it.

Package babel Info: Redefining russian shorthand "|
(babel)             in language  on input line 139.
Package babel Info: Redefining russian shorthand "~
(babel)             in language  on input line 139.
Package babel Info: Redefining russian shorthand "|
(babel)             in language  on input line 139.
Package babel Info: Redefining russian shorthand "~
(babel)             in language  on input line 139.
[4]
Package babel Info: Redefining russian shorthand "|
(babel)             in language  on input line 139.
Package babel Info: Redefining russian shorthand "~
(babel)             in language  on input line 139.
Package babel Info: Redefining russian shorthand "|
(babel)             in language  on input line 145.
Package babel Info: Redefining russian shorthand "~
(babel)             in language  on input line 145.
Package babel Info: Redefining russian shorthand "|
(babel)             in language  on input line 161.
Package babel Info: Redefining russian shorthand "~
(babel)             in language  on input line 161.


LaTeX Warning: Command \cyrr invalid in math mode on input line 172.


LaTeX Warning: Command \cyra invalid in math mode on input line 172.


LaTeX Warning: Command \cyrv invalid in math mode on input line 172.


LaTeX Warning: Command \cyrn invalid in math mode on input line 172.


LaTeX Warning: Command \cyra invalid in math mode on input line 172.

Missing character: There is no  in font cmr10!
Missing character: There is no  in font cmr10!
Missing character: There is no  in font cmr10!
Missing character: There is no  in font cmr10!
Missing character: There is no  in font cmr10!
Package babel Info: Redefining russian shorthand "|
(babel)             in language  on input line 173.
Package babel Info: Redefining russian shorthand "~
(babel)             in language  on input line 173.
Package babel Info: Redefining russian shorthand "|
(babel)             in language  on input line 173.
Package babel Info: Redefining russian shorthand "~
(babel)             in language  on input line 173.
[5]
Package babel Info: Redefining russian shorthand "|
(babel)             in language  on input line 175.
Package babel Info: Redefining russian shorthand "~
(babel)             in language  on input line 175.
Package babel Info: Redefining russian shorthand "|
(babel)             in language  on input line 180.
Package babel Info: Redefining russian shorthand "~
(babel)             in language  on input line 180.
Package babel Info: Redefining russian shorthand "|
(babel)             in language  on input line 181.
Package babel Info: Redefining russian shorthand "~
(babel)             in language  on input line 181.


! Package inputenc Error: Unicode char − (U+2212)
(inputenc)                not set up for use with LaTeX.

See the inputenc package documentation for explanation.
Type  H <return>  for immediate help.
 ...                                              
                                                  
l.184 ...тельно $\frac{1}{2}$ ($X$ и $1−
                                                  X$ распределен...

Your command was ignored.
Type  I <command> <return>  to replace it with another command,
or  <return>  to continue without it.

Package babel Info: Redefining russian shorthand "|
(babel)             in language  on input line 187.
Package babel Info: Redefining russian shorthand "~
(babel)             in language  on input line 187.
Package babel Info: Redefining russian shorthand "|
(babel)             in language  on input line 207.
Package babel Info: Redefining russian shorthand "~
(babel)             in language  on input line 207.
Package babel Info: Redefining russian shorthand "|
(babel)             in language  on input line 207.
Package babel Info: Redefining russian shorthand "~
(babel)             in language  on input line 207.
[6]
Package babel Info: Redefining russian shorthand "|
(babel)             in language  on input line 210.
Package babel Info: Redefining russian shorthand "~
(babel)             in language  on input line 210.
LaTeX Font Info:    Try loading font information for T2A+cmss on input line 213
.
 (/usr/share/texlive/texmf-dist/tex/latex/cyrillic/t2acmss.fd
File: t2acmss.fd 2001/08/11 v1.0a Computer Modern Cyrillic font definitions
)
Underfull \hbox (badness 10000) in paragraph at lines 225--228

 []

Package babel Info: Redefining russian shorthand "|
(babel)             in language  on input line 241.
Package babel Info: Redefining russian shorthand "~
(babel)             in language  on input line 241.
Package babel Info: Redefining russian shorthand "|
(babel)             in language  on input line 244.
Package babel Info: Redefining russian shorthand "~
(babel)             in language  on input line 244.
Package babel Info: Redefining russian shorthand "|
(babel)             in language  on input line 244.
Package babel Info: Redefining russian shorthand "~
(babel)             in language  on input line 244.
[7]

! LaTeX Error: There's no line here to end.

See the LaTeX manual or LaTeX Companion for explanation.
Type  H <return>  for immediate help.
 ...                                              
                                                  
l.282 \begin
            {tabular}{ | l | l | l | }
Your command was ignored.
Type  I <command> <return>  to replace it with another command,
or  <return>  to continue without it.


Underfull \hbox (badness 10000) in paragraph at lines 282--295

 []

Package babel Info: Redefining russian shorthand "|
(babel)             in language  on input line 295.
Package babel Info: Redefining russian shorthand "~
(babel)             in language  on input line 295.
Package babel Info: Redefining russian shorthand "|
(babel)             in language  on input line 301.
Package babel Info: Redefining russian shorthand "~
(babel)             in language  on input line 301.
Package babel Info: Redefining russian shorthand "|
(babel)             in language  on input line 301.
Package babel Info: Redefining russian shorthand "~
(babel)             in language  on input line 301.
[8]
Overfull \hbox (2.29297pt too wide) detected at line 301
\U/msb/m/n/10.95 E\OML/cmm/m/it/10.95 ^^X \OT1/cmr/m/n/10.95 = [][] \OML/cmm/m/
it/10.95 xdF\OT1/cmr/m/n/10.95 (\OML/cmm/m/it/10.95 x\OT1/cmr/m/n/10.95 ) = [][
] \OML/cmm/m/it/10.95 xdF\OT1/cmr/m/n/10.95 (\OML/cmm/m/it/10.95 x\OT1/cmr/m/n/
10.95 ) + [][] \OML/cmm/m/it/10.95 xdF\OT1/cmr/m/n/10.95 (\OML/cmm/m/it/10.95 x
\OT1/cmr/m/n/10.95 ) = [] [][] \OML/cmm/m/it/10.95 xdF\OT1/cmr/m/n/10.95 (3\OML
/cmm/m/it/10.95 x\OT1/cmr/m/n/10.95 ) + [] [][] \OML/cmm/m/it/10.95 xd\OT1/cmr/
m/n/10.95 ([] + \OML/cmm/m/it/10.95 F\OT1/cmr/m/n/10.95 (3\OML/cmm/m/it/10.95 x
 \OMS/cmsy/m/n/10.95 ^^@ \OT1/cmr/m/n/10.95 2))\OML/cmm/m/it/10.95 :
 []


Overfull \hbox (4.72118pt too wide) detected at line 303
\U/msb/m/n/10.95 E\OML/cmm/m/it/10.95 ^^X \OT1/cmr/m/n/10.95 = [] [][] []\OML/c
mm/m/it/10.95 dF\OT1/cmr/m/n/10.95 (\OML/cmm/m/it/10.95 y\OT1/cmr/m/n/10.95 ) +
 [] [][] []\OML/cmm/m/it/10.95 dF\OT1/cmr/m/n/10.95 (\OML/cmm/m/it/10.95 y\OT1/
cmr/m/n/10.95 ) = [] [][] \OML/cmm/m/it/10.95 ydF\OT1/cmr/m/n/10.95 (\OML/cmm/m
/it/10.95 y\OT1/cmr/m/n/10.95 ) + [] [][] \OML/cmm/m/it/10.95 ydF\OT1/cmr/m/n/1
0.95 (\OML/cmm/m/it/10.95 y\OT1/cmr/m/n/10.95 ) + [] [][] \OML/cmm/m/it/10.95 d
F\OT1/cmr/m/n/10.95 (\OML/cmm/m/it/10.95 y\OT1/cmr/m/n/10.95 ) = []\U/msb/m/n/1
0.95 E\OML/cmm/m/it/10.95 ^^X \OT1/cmr/m/n/10.95 + []\OML/cmm/m/it/10.95 :
 []

Package babel Info: Redefining russian shorthand "|
(babel)             in language  on input line 314.
Package babel Info: Redefining russian shorthand "~
(babel)             in language  on input line 314.
Package babel Info: Redefining russian shorthand "|
(babel)             in language  on input line 317.
Package babel Info: Redefining russian shorthand "~
(babel)             in language  on input line 317.
Package babel Info: Redefining russian shorthand "|
(babel)             in language  on input line 318.
Package babel Info: Redefining russian shorthand "~
(babel)             in language  on input line 318.
Package babel Info: Redefining russian shorthand "|
(babel)             in language  on input line 325.
Package babel Info: Redefining russian shorthand "~
(babel)             in language  on input line 325.
Package babel Info: Redefining russian shorthand "|
(babel)             in language  on input line 334.
Package babel Info: Redefining russian shorthand "~
(babel)             in language  on input line 334.
Package babel Info: Redefining russian shorthand "|
(babel)             in language  on input line 334.
Package babel Info: Redefining russian shorthand "~
(babel)             in language  on input line 334.
[9]
Package babel Info: Redefining russian shorthand "|
(babel)             in language  on input line 354.
Package babel Info: Redefining russian shorthand "~
(babel)             in language  on input line 354.
Package babel Info: Redefining russian shorthand "|
(babel)             in language  on input line 372.
Package babel Info: Redefining russian shorthand "~
(babel)             in language  on input line 372.
Package babel Info: Redefining russian shorthand "|
(babel)             in language  on input line 372.
Package babel Info: Redefining russian shorthand "~
(babel)             in language  on input line 372.
 [10]
Package babel Info: Redefining russian shorthand "|
(babel)             in language  on input line 373.
Package babel Info: Redefining russian shorthand "~
(babel)             in language  on input line 373.


Package hyperref Warning: Token not allowed in a PDF string (Unicode):
(hyperref)                removing `math shift' on input line 373.


Package hyperref Warning: Token not allowed in a PDF string (Unicode):
(hyperref)                removing `\mathop' on input line 373.


Package hyperref Warning: Token not allowed in a PDF string (Unicode):
(hyperref)                removing `\mathgroup' on input line 373.


Package hyperref Warning: Token not allowed in a PDF string (Unicode):
(hyperref)                removing `\symoperators' on input line 373.


Package hyperref Warning: Token not allowed in a PDF string (Unicode):
(hyperref)                removing `\nmlimits@' on input line 373.


Package hyperref Warning: Token not allowed in a PDF string (Unicode):
(hyperref)                removing `subscript' on input line 373.


Package hyperref Warning: Token not allowed in a PDF string (Unicode):
(hyperref)                removing `subscript' on input line 373.


Package hyperref Warning: Token not allowed in a PDF string (Unicode):
(hyperref)                removing `subscript' on input line 373.


Package hyperref Warning: Token not allowed in a PDF string (Unicode):
(hyperref)                removing `math shift' on input line 373.

Package babel Info: Redefining russian shorthand "|
(babel)             in language  on input line 386.
Package babel Info: Redefining russian shorthand "~
(babel)             in language  on input line 386.
Package babel Info: Redefining russian shorthand "|
(babel)             in language  on input line 399.
Package babel Info: Redefining russian shorthand "~
(babel)             in language  on input line 399.
Package babel Info: Redefining russian shorthand "|
(babel)             in language  on input line 407.
Package babel Info: Redefining russian shorthand "~
(babel)             in language  on input line 407.
Package babel Info: Redefining russian shorthand "|
(babel)             in language  on input line 407.
Package babel Info: Redefining russian shorthand "~
(babel)             in language  on input line 407.
[11]
Underfull \hbox (badness 10000) in paragraph at lines 436--461

 []


Underfull \hbox (badness 10000) in paragraph at lines 436--461

 []


Underfull \hbox (badness 10000) in paragraph at lines 436--461

 []

Package babel Info: Redefining russian shorthand "|
(babel)             in language  on input line 461.
Package babel Info: Redefining russian shorthand "~
(babel)             in language  on input line 461.
Package babel Info: Redefining russian shorthand "|
(babel)             in language  on input line 461.
Package babel Info: Redefining russian shorthand "~
(babel)             in language  on input line 461.
[12]
Package babel Info: Redefining russian shorthand "|
(babel)             in language  on input line 461.
Package babel Info: Redefining russian shorthand "~
(babel)             in language  on input line 461.
Package babel Info: Redefining russian shorthand "|
(babel)             in language  on input line 490.
Package babel Info: Redefining russian shorthand "~
(babel)             in language  on input line 490.
Package babel Info: Redefining russian shorthand "|
(babel)             in language  on input line 490.
Package babel Info: Redefining russian shorthand "~
(babel)             in language  on input line 490.
 [13]
Package babel Info: Redefining russian shorthand "|
(babel)             in language  on input line 497.
Package babel Info: Redefining russian shorthand "~
(babel)             in language  on input line 497.


! Package inputenc Error: Unicode char − (U+2212)
(inputenc)                not set up for use with LaTeX.

See the inputenc package documentation for explanation.
Type  H <return>  for immediate help.
 ...                                              
                                                  
l.500 ...редних $\Delta = \overline{\xi} −
                                                   \overline{\eta}$.
Your command was ignored.
Type  I <command> <return>  to replace it with another command,
or  <return>  to continue without it.


! Package inputenc Error: Unicode char − (U+2212)
(inputenc)                not set up for use with LaTeX.

See the inputenc package documentation for explanation.
Type  H <return>  for immediate help.
 ...                                              
                                                  
l.501 ...жидание $\mathbb(\Delta) = M_1 −
                                                   M_2 = 0$. Зная, чт...

Your command was ignored.
Type  I <command> <return>  to replace it with another command,
or  <return>  to continue without it.


Overfull \hbox (4.71378pt too wide) in paragraph at lines 513--525
[]\T2A/cmr/m/n/10.95  -- -- ----- -
-  -- -- -
 []


Underfull \hbox (badness 10000) in paragraph at lines 513--525

 []

Package babel Info: Redefining russian shorthand "|
(babel)             in language  on input line 528.
Package babel Info: Redefining russian shorthand "~
(babel)             in language  on input line 528.
Package babel Info: Redefining russian shorthand "|
(babel)             in language  on input line 528.
Package babel Info: Redefining russian shorthand "~
(babel)             in language  on input line 528.
[14]

! Package inputenc Error: Unicode char − (U+2212)
(inputenc)                not set up for use with LaTeX.

See the inputenc package documentation for explanation.
Type  H <return>  for immediate help.
 ...                                              
                                                  
l.530 Если $F < F_{\alpha/2}(n−
                                     1,n−1)$ или $F > F_{1−\alpha/2}(...

Your command was ignored.
Type  I <command> <return>  to replace it with another command,
or  <return>  to continue without it.


! Package inputenc Error: Unicode char − (U+2212)
(inputenc)                not set up for use with LaTeX.

See the inputenc package documentation for explanation.
Type  H <return>  for immediate help.
 ...                                              
                                                  
l.530 Если $F < F_{\alpha/2}(n−1,n−
                                           1)$ или $F > F_{1−\alpha/2}(...

Your command was ignored.
Type  I <command> <return>  to replace it with another command,
or  <return>  to continue without it.


! Package inputenc Error: Unicode char − (U+2212)
(inputenc)                not set up for use with LaTeX.

See the inputenc package documentation for explanation.
Type  H <return>  for immediate help.
 ...                                              
                                                  
l.530 ...lpha/2}(n−1,n−1)$ или $F > F_{1−
                                                  \alpha/2}(n − 1, n − 1...

Your command was ignored.
Type  I <command> <return>  to replace it with another command,
or  <return>  to continue without it.


! Package inputenc Error: Unicode char − (U+2212)
(inputenc)                not set up for use with LaTeX.

See the inputenc package documentation for explanation.
Type  H <return>  for immediate help.
 ...                                              
                                                  
l.530 ...−1)$ или $F > F_{1−\alpha/2}(n −
                                                   1, n − 1)$, то нул...

Your command was ignored.
Type  I <command> <return>  to replace it with another command,
or  <return>  to continue without it.


! Package inputenc Error: Unicode char − (U+2212)
(inputenc)                not set up for use with LaTeX.

See the inputenc package documentation for explanation.
Type  H <return>  for immediate help.
 ...                                              
                                                  
l.530 ...ли $F > F_{1−\alpha/2}(n − 1, n −
                                                   1)$, то нулевая ...

Your command was ignored.
Type  I <command> <return>  to replace it with another command,
or  <return>  to continue without it.


! Package inputenc Error: Unicode char − (U+2212)
(inputenc)                not set up for use with LaTeX.

See the inputenc package documentation for explanation.
Type  H <return>  for immediate help.
 ...                                              
                                                  
l.530 ...ргается, где $F_{\alpha}(n −
                                                   1, m − 1)$ есть $\a...

Your command was ignored.
Type  I <command> <return>  to replace it with another command,
or  <return>  to continue without it.


! Package inputenc Error: Unicode char − (U+2212)
(inputenc)                not set up for use with LaTeX.

See the inputenc package documentation for explanation.
Type  H <return>  for immediate help.
 ...                                              
                                                  
l.530 ...тся, где $F_{\alpha}(n − 1, m −
                                                   1)$ есть $\alpha$-к...

Your command was ignored.
Type  I <command> <return>  to replace it with another command,
or  <return>  to continue without it.


Underfull \hbox (badness 10000) in paragraph at lines 528--543

 []

Package babel Info: Redefining russian shorthand "|
(babel)             in language  on input line 543.
Package babel Info: Redefining russian shorthand "~
(babel)             in language  on input line 543.
Package babel Info: Redefining russian shorthand "|
(babel)             in language  on input line 549.
Package babel Info: Redefining russian shorthand "~
(babel)             in language  on input line 549.
Package babel Info: Redefining russian shorthand "|
(babel)             in language  on input line 550.
Package babel Info: Redefining russian shorthand "~
(babel)             in language  on input line 550.
Package babel Info: Redefining russian shorthand "|
(babel)             in language  on input line 556.
Package babel Info: Redefining russian shorthand "~
(babel)             in language  on input line 556.
Package babel Info: Redefining russian shorthand "|
(babel)             in language  on input line 565.
Package babel Info: Redefining russian shorthand "~
(babel)             in language  on input line 565.
Package babel Info: Redefining russian shorthand "|
(babel)             in language  on input line 568.
Package babel Info: Redefining russian shorthand "~
(babel)             in language  on input line 568.
Package babel Info: Redefining russian shorthand "|
(babel)             in language  on input line 568.
Package babel Info: Redefining russian shorthand "~
(babel)             in language  on input line 568.
[15]
Package babel Info: Redefining russian shorthand "|
(babel)             in language  on input line 604.
Package babel Info: Redefining russian shorthand "~
(babel)             in language  on input line 604.
Package babel Info: Redefining russian shorthand "|
(babel)             in language  on input line 604.
Package babel Info: Redefining russian shorthand "~
(babel)             in language  on input line 604.
 [16]
Package babel Info: Redefining russian shorthand "|
(babel)             in language  on input line 622.
Package babel Info: Redefining russian shorthand "~
(babel)             in language  on input line 622.
Package babel Info: Redefining russian shorthand "|
(babel)             in language  on input line 624.
Package babel Info: Redefining russian shorthand "~
(babel)             in language  on input line 624.
Package babel Info: Redefining russian shorthand "|
(babel)             in language  on input line 627.
Package babel Info: Redefining russian shorthand "~
(babel)             in language  on input line 627.
Package babel Info: Redefining russian shorthand "|
(babel)             in language  on input line 636.
Package babel Info: Redefining russian shorthand "~
(babel)             in language  on input line 636.
Package babel Info: Redefining russian shorthand "|
(babel)             in language  on input line 639.
Package babel Info: Redefining russian shorthand "~
(babel)             in language  on input line 639.
Package babel Info: Redefining russian shorthand "|
(babel)             in language  on input line 639.
Package babel Info: Redefining russian shorthand "~
(babel)             in language  on input line 639.
 [17]
Package babel Info: Redefining russian shorthand "|
(babel)             in language  on input line 654.
Package babel Info: Redefining russian shorthand "~
(babel)             in language  on input line 654.
LaTeX Font Info:    Font shape `OMS/cmr/m/n' in size <10.95> not available
(Font)              Font shape `OMS/cmsy/m/n' tried instead on input line 659.
Package babel Info: Redefining russian shorthand "|
(babel)             in language  on input line 673.
Package babel Info: Redefining russian shorthand "~
(babel)             in language  on input line 673.
Package babel Info: Redefining russian shorthand "|
(babel)             in language  on input line 678.
Package babel Info: Redefining russian shorthand "~
(babel)             in language  on input line 678.
Package babel Info: Redefining russian shorthand "|
(babel)             in language  on input line 678.
Package babel Info: Redefining russian shorthand "~
(babel)             in language  on input line 678.
 [18]
Package babel Info: Redefining russian shorthand "|
(babel)             in language  on input line 692.
Package babel Info: Redefining russian shorthand "~
(babel)             in language  on input line 692.
Package babel Info: Redefining russian shorthand "|
(babel)             in language  on input line 694.
Package babel Info: Redefining russian shorthand "~
(babel)             in language  on input line 694.
Package babel Info: Redefining russian shorthand "|
(babel)             in language  on input line 695.
Package babel Info: Redefining russian shorthand "~
(babel)             in language  on input line 695.
Package babel Info: Redefining russian shorthand "|
(babel)             in language  on input line 705.
Package babel Info: Redefining russian shorthand "~
(babel)             in language  on input line 705.
Package babel Info: Redefining russian shorthand "|
(babel)             in language  on input line 709.
Package babel Info: Redefining russian shorthand "~
(babel)             in language  on input line 709.
Package babel Info: Redefining russian shorthand "|
(babel)             in language  on input line 709.
Package babel Info: Redefining russian shorthand "~
(babel)             in language  on input line 709.
 [19]
Package babel Info: Redefining russian shorthand "|
(babel)             in language  on input line 739.
Package babel Info: Redefining russian shorthand "~
(babel)             in language  on input line 739.
Package babel Info: Redefining russian shorthand "|
(babel)             in language  on input line 739.
Package babel Info: Redefining russian shorthand "~
(babel)             in language  on input line 739.
 [20]
Underfull \hbox (badness 10000) in paragraph at lines 741--756

 []

Package babel Info: Redefining russian shorthand "|
(babel)             in language  on input line 756.
Package babel Info: Redefining russian shorthand "~
(babel)             in language  on input line 756.
! Extra }, or forgotten $.
l.761 ...rod_{k=1}^{10}\cos(\frac{\pi}{2}t_k)^2  }
                                                     dt_1 \dots dt_{10}$$
I've deleted a group-closing symbol because it seems to be
spurious, as in `$x}$'. But perhaps the } is legitimate and
you forgot something else, as in `\hbox{$x}'. In such cases
the way to recover is to insert both the forgotten and the
deleted material, e.g., by typing `I$}'.

Package babel Info: Redefining russian shorthand "|
(babel)             in language  on input line 770.
Package babel Info: Redefining russian shorthand "~
(babel)             in language  on input line 770.
Package babel Info: Redefining russian shorthand "|
(babel)             in language  on input line 770.
Package babel Info: Redefining russian shorthand "~
(babel)             in language  on input line 770.
[21]
Package babel Info: Redefining russian shorthand "|
(babel)             in language  on input line 785.
Package babel Info: Redefining russian shorthand "~
(babel)             in language  on input line 785.
Package babel Info: Redefining russian shorthand "|
(babel)             in language  on input line 786.
Package babel Info: Redefining russian shorthand "~
(babel)             in language  on input line 786.
Package babel Info: Redefining russian shorthand "|
(babel)             in language  on input line 796.
Package babel Info: Redefining russian shorthand "~
(babel)             in language  on input line 796.
Package babel Info: Redefining russian shorthand "|
(babel)             in language  on input line 818.
Package babel Info: Redefining russian shorthand "~
(babel)             in language  on input line 818.
Package babel Info: Redefining russian shorthand "|
(babel)             in language  on input line 818.
Package babel Info: Redefining russian shorthand "~
(babel)             in language  on input line 818.
 [22]
Package babel Info: Redefining russian shorthand "|
(babel)             in language  on input line 826.
Package babel Info: Redefining russian shorthand "~
(babel)             in language  on input line 826.

Underfull \hbox (badness 10000) in paragraph at lines 856--872

 []

Package babel Info: Redefining russian shorthand "|
(babel)             in language  on input line 872.
Package babel Info: Redefining russian shorthand "~
(babel)             in language  on input line 872.
Package babel Info: Redefining russian shorthand "|
(babel)             in language  on input line 872.
Package babel Info: Redefining russian shorthand "~
(babel)             in language  on input line 872.
[23]
Package babel Info: Redefining russian shorthand "|
(babel)             in language  on input line 872.
Package babel Info: Redefining russian shorthand "~
(babel)             in language  on input line 872.

Underfull \hbox (badness 10000) in paragraph at lines 887--900

 []

Package babel Info: Redefining russian shorthand "|
(babel)             in language  on input line 900.
Package babel Info: Redefining russian shorthand "~
(babel)             in language  on input line 900.
Package babel Info: Redefining russian shorthand "|
(babel)             in language  on input line 903.
Package babel Info: Redefining russian shorthand "~
(babel)             in language  on input line 903.
Package babel Info: Redefining russian shorthand "|
(babel)             in language  on input line 904.
Package babel Info: Redefining russian shorthand "~
(babel)             in language  on input line 904.
Package babel Info: Redefining russian shorthand "|
(babel)             in language  on input line 914.
Package babel Info: Redefining russian shorthand "~
(babel)             in language  on input line 914.
Package babel Info: Redefining russian shorthand "|
(babel)             in language  on input line 914.
Package babel Info: Redefining russian shorthand "~
(babel)             in language  on input line 914.
[24]
Package babel Info: Redefining russian shorthand "|
(babel)             in language  on input line 917.
Package babel Info: Redefining russian shorthand "~
(babel)             in language  on input line 917.
Package babel Info: Redefining russian shorthand "|
(babel)             in language  on input line 951.
Package babel Info: Redefining russian shorthand "~
(babel)             in language  on input line 951.
Package babel Info: Redefining russian shorthand "|
(babel)             in language  on input line 951.
Package babel Info: Redefining russian shorthand "~
(babel)             in language  on input line 951.
 [25]
Overfull \hbox (22.67468pt too wide) in alignment at lines 959--962
 [][][] []
 []

Package babel Info: Redefining russian shorthand "|
(babel)             in language  on input line 991.
Package babel Info: Redefining russian shorthand "~
(babel)             in language  on input line 991.
Package babel Info: Redefining russian shorthand "|
(babel)             in language  on input line 991.
Package babel Info: Redefining russian shorthand "~
(babel)             in language  on input line 991.
[26]
Package babel Info: Redefining russian shorthand "|
(babel)             in language  on input line 995.
Package babel Info: Redefining russian shorthand "~
(babel)             in language  on input line 995.
Package babel Info: Redefining russian shorthand "|
(babel)             in language  on input line 996.
Package babel Info: Redefining russian shorthand "~
(babel)             in language  on input line 996.
Package babel Info: Redefining russian shorthand "|
(babel)             in language  on input line 997.
Package babel Info: Redefining russian shorthand "~
(babel)             in language  on input line 997.
Package babel Info: Redefining russian shorthand "|
(babel)             in language  on input line 1011.
Package babel Info: Redefining russian shorthand "~
(babel)             in language  on input line 1011.
Package babel Info: Redefining russian shorthand "|
(babel)             in language  on input line 1029.
Package babel Info: Redefining russian shorthand "~
(babel)             in language  on input line 1029.
Package babel Info: Redefining russian shorthand "|
(babel)             in language  on input line 1029.
Package babel Info: Redefining russian shorthand "~
(babel)             in language  on input line 1029.
 [27]
! Double subscript.
l.1033 ...^{-\frac{1}{2}(x-m_x)^{T} R_x^{-1} (x_m_
                                                  x)},$
I treat `x_1_2' essentially like `x_1{}_2'.

Package babel Info: Redefining russian shorthand "|
(babel)             in language  on input line 1083.
Package babel Info: Redefining russian shorthand "~
(babel)             in language  on input line 1083.
Package babel Info: Redefining russian shorthand "|
(babel)             in language  on input line 1083.
Package babel Info: Redefining russian shorthand "~
(babel)             in language  on input line 1083.
[28]
Package babel Info: Redefining russian shorthand "|
(babel)             in language  on input line 1083.
Package babel Info: Redefining russian shorthand "~
(babel)             in language  on input line 1083.
Package babel Info: Redefining russian shorthand "|
(babel)             in language  on input line 1090.
Package babel Info: Redefining russian shorthand "~
(babel)             in language  on input line 1090.
Package babel Info: Redefining russian shorthand "|
(babel)             in language  on input line 1094.
Package babel Info: Redefining russian shorthand "~
(babel)             in language  on input line 1094.

Overfull \hbox (14.86331pt too wide) in paragraph at lines 1099--1100
[]\T2A/cmr/m/it/10.95  - $\OMS/cmsy/m/n/10.95 f\OML/cmm/m/it/1
0.95 W[]\OMS/cmsy/m/n/10.95 g[]$ \T2A/cmr/m/it/10.95 ---- --
 -,
 []

Package babel Info: Redefining russian shorthand "|
(babel)             in language  on input line 1120.
Package babel Info: Redefining russian shorthand "~
(babel)             in language  on input line 1120.
Package babel Info: Redefining russian shorthand "|
(babel)             in language  on input line 1120.
Package babel Info: Redefining russian shorthand "~
(babel)             in language  on input line 1120.
[29]
Package babel Info: Redefining russian shorthand "|
(babel)             in language  on input line 1164.
Package babel Info: Redefining russian shorthand "~
(babel)             in language  on input line 1164.
Package babel Info: Redefining russian shorthand "|
(babel)             in language  on input line 1164.
Package babel Info: Redefining russian shorthand "~
(babel)             in language  on input line 1164.
 [30]
Package babel Info: Redefining russian shorthand "|
(babel)             in language  on input line 1186.
Package babel Info: Redefining russian shorthand "~
(babel)             in language  on input line 1186.
Package babel Info: Redefining russian shorthand "|
(babel)             in language  on input line 1191.
Package babel Info: Redefining russian shorthand "~
(babel)             in language  on input line 1191.
Package babel Info: Redefining russian shorthand "|
(babel)             in language  on input line 1194.
Package babel Info: Redefining russian shorthand "~
(babel)             in language  on input line 1194.
Package babel Info: Redefining russian shorthand "|
(babel)             in language  on input line 1195.
Package babel Info: Redefining russian shorthand "~
(babel)             in language  on input line 1195.
Package babel Info: Redefining russian shorthand "|
(babel)             in language  on input line 1200.
Package babel Info: Redefining russian shorthand "~
(babel)             in language  on input line 1200.
Package babel Info: Redefining russian shorthand "|
(babel)             in language  on input line 1200.
Package babel Info: Redefining russian shorthand "~
(babel)             in language  on input line 1200.
 [31]
Package babel Info: Redefining russian shorthand "|
(babel)             in language  on input line 1206.
Package babel Info: Redefining russian shorthand "~
(babel)             in language  on input line 1206.

Overfull \hbox (18.08401pt too wide) in paragraph at lines 1208--1210
[]\T2A/cmr/m/it/10.95  - - ---- ----
- $\OML/cmm/m/it/10.95 ^^O[]; [] ; ^^O[]; [] $
 []

Package babel Info: Redefining russian shorthand "|
(babel)             in language  on input line 1222.
Package babel Info: Redefining russian shorthand "~
(babel)             in language  on input line 1222.

Overfull \hbox (2.77156pt too wide) in paragraph at lines 1233--1237
\T2A/cmr/m/n/10.95  $\OML/cmm/m/it/10.95 x[]; w[]; [] ; w[]; v[]; [] ; v[
]$ \T2A/cmr/m/n/10.95 ---  ----. $\OML/cmm/m/it/10.95 Y[
] \OT1/cmr/m/n/10.95 = (\OML/cmm/m/it/10.95 y[]; [] ; y[]\OT1/cmr/m/n/10.95 )[]
 \OMS/cmsy/m/n/10.95 ^^@
 []

Package babel Info: Redefining russian shorthand "|
(babel)             in language  on input line 1258.
Package babel Info: Redefining russian shorthand "~
(babel)             in language  on input line 1258.
Package babel Info: Redefining russian shorthand "|
(babel)             in language  on input line 1258.
Package babel Info: Redefining russian shorthand "~
(babel)             in language  on input line 1258.
[32]
Package babel Info: Redefining russian shorthand "|
(babel)             in language  on input line 1298.
Package babel Info: Redefining russian shorthand "~
(babel)             in language  on input line 1298.
Package babel Info: Redefining russian shorthand "|
(babel)             in language  on input line 1298.
Package babel Info: Redefining russian shorthand "~
(babel)             in language  on input line 1298.
 [33]
Package babel Info: Redefining russian shorthand "|
(babel)             in language  on input line 1299.
Package babel Info: Redefining russian shorthand "~
(babel)             in language  on input line 1299.
Package babel Info: Redefining russian shorthand "|
(babel)             in language  on input line 1305.
Package babel Info: Redefining russian shorthand "~
(babel)             in language  on input line 1305.
Package babel Info: Redefining russian shorthand "|
(babel)             in language  on input line 1307.
Package babel Info: Redefining russian shorthand "~
(babel)             in language  on input line 1307.
Package babel Info: Redefining russian shorthand "|
(babel)             in language  on input line 1308.
Package babel Info: Redefining russian shorthand "~
(babel)             in language  on input line 1308.
Package babel Info: Redefining russian shorthand "|
(babel)             in language  on input line 1316.
Package babel Info: Redefining russian shorthand "~
(babel)             in language  on input line 1316.
Package babel Info: Redefining russian shorthand "|
(babel)             in language  on input line 1317.
Package babel Info: Redefining russian shorthand "~
(babel)             in language  on input line 1317.
Package babel Info: Redefining russian shorthand "|
(babel)             in language  on input line 1321.
Package babel Info: Redefining russian shorthand "~
(babel)             in language  on input line 1321.
Package babel Info: Redefining russian shorthand "|
(babel)             in language  on input line 1321.
Package babel Info: Redefining russian shorthand "~
(babel)             in language  on input line 1321.
 [34]
Package babel Info: Redefining russian shorthand "|
(babel)             in language  on input line 1340.
Package babel Info: Redefining russian shorthand "~
(babel)             in language  on input line 1340.
Package babel Info: Redefining russian shorthand "|
(babel)             in language  on input line 1348.
Package babel Info: Redefining russian shorthand "~
(babel)             in language  on input line 1348.
Package babel Info: Redefining russian shorthand "|
(babel)             in language  on input line 1348.
Package babel Info: Redefining russian shorthand "~
(babel)             in language  on input line 1348.
 [35]
Package babel Info: Redefining russian shorthand "|
(babel)             in language  on input line 1356.
Package babel Info: Redefining russian shorthand "~
(babel)             in language  on input line 1356.
Package babel Info: Redefining russian shorthand "|
(babel)             in language  on input line 1377.
Package babel Info: Redefining russian shorthand "~
(babel)             in language  on input line 1377.
Package babel Info: Redefining russian shorthand "|
(babel)             in language  on input line 1377.
Package babel Info: Redefining russian shorthand "~
(babel)             in language  on input line 1377.
 [36]
Package babel Info: Redefining russian shorthand "|
(babel)             in language  on input line 1385.
Package babel Info: Redefining russian shorthand "~
(babel)             in language  on input line 1385.
Package babel Info: Redefining russian shorthand "|
(babel)             in language  on input line 1394.
Package babel Info: Redefining russian shorthand "~
(babel)             in language  on input line 1394.


! Package inputenc Error: Unicode char − (U+2212)
(inputenc)                not set up for use with LaTeX.

See the inputenc package documentation for explanation.
Type  H <return>  for immediate help.
 ...                                              
                                                  
l.1399 ...й и её приложения, в 2−
                                                  х томах. Т.1, М., ...

Your command was ignored.
Type  I <command> <return>  to replace it with another command,
or  <return>  to continue without it.

Package atveryend Info: Empty hook `BeforeClearDocument' on input line 1403.
Package babel Info: Redefining russian shorthand "|
(babel)             in language  on input line 1403.
Package babel Info: Redefining russian shorthand "~
(babel)             in language  on input line 1403.
Package babel Info: Redefining russian shorthand "|
(babel)             in language  on input line 1403.
Package babel Info: Redefining russian shorthand "~
(babel)             in language  on input line 1403.
[37]
Package atveryend Info: Empty hook `AfterLastShipout' on input line 1403.
 (./отчет (2).aux)
Package atveryend Info: Executing hook `AtVeryEndDocument' on input line 1403.
Package atveryend Info: Executing hook `AtEndAfterFileList' on input line 1403.

Package rerunfilecheck Info: File `"отчет (2)".out' has not changed.
(rerunfilecheck)             Checksum: E6B4866C6AE4C28366B9690A8D5379F5;19153.


LaTeX Warning: Label(s) may have changed. Rerun to get cross-references right.

Package logreq Info: Writing requests to '"отчет (2)".run.xml'.
\openout1 = `"отчет (2).run.xml"'.

 ) 
Here is how much of TeX's memory you used:
 18773 strings out of 492982
 281655 string characters out of 6134895
 721831 words of memory out of 5000000
 21876 multiletter control sequences out of 15000+600000
 28590 words of font info for 69 fonts, out of 8000000 for 9000
 1141 hyphenation exceptions out of 8191
 35i,11n,35p,1684b,2038s stack positions out of 5000i,500n,10000p,200000b,80000s
{/usr/share/texmf/fonts/enc/dvips/cm-super/cm-super-t2a.enc}</usr/share/texli
ve/texmf-dist/fonts/type1/public/amsfonts/cm/cmex10.pfb></usr/share/texlive/tex
mf-dist/fonts/type1/public/amsfonts/cmextra/cmex8.pfb></usr/share/texlive/texmf
-dist/fonts/type1/public/amsfonts/cm/cmmi10.pfb></usr/share/texlive/texmf-dist/
fonts/type1/public/amsfonts/cm/cmmi12.pfb></usr/share/texlive/texmf-dist/fonts/
type1/public/amsfonts/cm/cmmi6.pfb></usr/share/texlive/texmf-dist/fonts/type1/p
ublic/amsfonts/cm/cmmi8.pfb></usr/share/texlive/texmf-dist/fonts/type1/public/a
msfonts/cm/cmr10.pfb></usr/share/texlive/texmf-dist/fonts/type1/public/amsfonts
/cm/cmr12.pfb></usr/share/texlive/texmf-dist/fonts/type1/public/amsfonts/cm/cmr
6.pfb></usr/share/texlive/texmf-dist/fonts/type1/public/amsfonts/cm/cmr8.pfb></
usr/share/texlive/texmf-dist/fonts/type1/public/amsfonts/cm/cmsy10.pfb></usr/sh
are/texlive/texmf-dist/fonts/type1/public/amsfonts/cm/cmsy6.pfb></usr/share/tex
live/texmf-dist/fonts/type1/public/amsfonts/cm/cmsy8.pfb></usr/share/texlive/te
xmf-dist/fonts/type1/public/amsfonts/symbols/msbm10.pfb></usr/share/texlive/tex
mf-dist/fonts/type1/public/amsfonts/symbols/msbm7.pfb></usr/share/texmf/fonts/t
ype1/public/cm-super/sfbx1095.pfb></usr/share/texmf/fonts/type1/public/cm-super
/sfbx1200.pfb></usr/share/texmf/fonts/type1/public/cm-super/sfbx1440.pfb></usr/
share/texmf/fonts/type1/public/cm-super/sfbx2488.pfb></usr/share/texmf/fonts/ty
pe1/public/cm-super/sfcc1095.pfb></usr/share/texmf/fonts/type1/public/cm-super/
sfrm1095.pfb></usr/share/texmf/fonts/type1/public/cm-super/sfrm1200.pfb></usr/s
hare/texmf/fonts/type1/public/cm-super/sfrm1728.pfb></usr/share/texmf/fonts/typ
e1/public/cm-super/sfss1095.pfb></usr/share/texmf/fonts/type1/public/cm-super/s
fti1095.pfb></usr/share/texmf/fonts/type1/public/cm-super/sfti1200.pfb>
Output written on "отчет (2).pdf" (37 pages, 521708 bytes).
PDF statistics:
 796 PDF objects out of 1000 (max. 8388607)
 720 compressed objects within 8 object streams
 217 named destinations out of 1000 (max. 500000)
 574 words of extra memory for PDF output out of 10000 (max. 10000000)

